0:0:0:0:0:0:0:1 - - [10/Apr/2020:22:27:56 +0000] "GET / HTTP/1.1" 302 - "-" "Mozilla/5.0 (X11; Fedora; Linux x86_64; rv:69.0) Gecko/20100101 Firefox/69.0"
0:0:0:0:0:0:0:1 - - [10/Apr/2020:22:27:56 +0000] "GET /login.jsp HTTP/1.1" 200 3629 "-" "Mozilla/5.0 (X11; Fedora; Linux x86_64; rv:69.0) Gecko/20100101 Firefox/69.0"
0:0:0:0:0:0:0:1 - - [10/Apr/2020:22:27:56 +0000] "GET /styles/xa.css HTTP/1.1" 200 55980 "http://localhost:6080/login.jsp" "Mozilla/5.0 (X11; Fedora; Linux x86_64; rv:69.0) Gecko/20100101 Firefox/69.0"
0:0:0:0:0:0:0:1 - - [10/Apr/2020:22:27:56 +0000] "GET /styles/bootstrap.min.css HTTP/1.1" 200 147842 "http://localhost:6080/login.jsp" "Mozilla/5.0 (X11; Fedora; Linux x86_64; rv:69.0) Gecko/20100101 Firefox/69.0"
0:0:0:0:0:0:0:1 - - [10/Apr/2020:22:27:56 +0000] "GET /scripts/prelogin/XAPrelogin.js HTTP/1.1" 200 3580 "http://localhost:6080/login.jsp" "Mozilla/5.0 (X11; Fedora; Linux x86_64; rv:69.0) Gecko/20100101 Firefox/69.0"
0:0:0:0:0:0:0:1 - - [10/Apr/2020:22:27:56 +0000] "GET /libs/bower/jquery/js/jquery-3.4.1.js HTTP/1.1" 200 350121 "http://localhost:6080/login.jsp" "Mozilla/5.0 (X11; Fedora; Linux x86_64; rv:69.0) Gecko/20100101 Firefox/69.0"
0:0:0:0:0:0:0:1 - - [10/Apr/2020:22:27:56 +0000] "GET /images/logo.png HTTP/1.1" 200 4493 "http://localhost:6080/login.jsp" "Mozilla/5.0 (X11; Fedora; Linux x86_64; rv:69.0) Gecko/20100101 Firefox/69.0"
0:0:0:0:0:0:0:1 - - [10/Apr/2020:22:27:56 +0000] "GET /fonts/fontawesome/fontawesome-webfont.woff?v=3.2.1 HTTP/1.1" 200 43572 "http://localhost:6080/styles/bootstrap.min.css" "Mozilla/5.0 (X11; Fedora; Linux x86_64; rv:69.0) Gecko/20100101 Firefox/69.0"
0:0:0:0:0:0:0:1 - - [10/Apr/2020:22:27:56 +0000] "GET /images/favicon.ico HTTP/1.1" 302 - "-" "Mozilla/5.0 (X11; Fedora; Linux x86_64; rv:69.0) Gecko/20100101 Firefox/69.0"
0:0:0:0:0:0:0:1 - - [10/Apr/2020:22:28:01 +0000] "POST /login HTTP/1.1" 401 81 "http://localhost:6080/login.jsp" "Mozilla/5.0 (X11; Fedora; Linux x86_64; rv:69.0) Gecko/20100101 Firefox/69.0"
0:0:0:0:0:0:0:1 - - [10/Apr/2020:22:28:09 +0000] "POST /login HTTP/1.1" 200 47 "http://localhost:6080/login.jsp" "Mozilla/5.0 (X11; Fedora; Linux x86_64; rv:69.0) Gecko/20100101 Firefox/69.0"
0:0:0:0:0:0:0:1 - - [10/Apr/2020:22:28:09 +0000] "GET /index.html HTTP/1.1" 200 5593 "http://localhost:6080/login.jsp" "Mozilla/5.0 (X11; Fedora; Linux x86_64; rv:69.0) Gecko/20100101 Firefox/69.0"
0:0:0:0:0:0:0:1 - - [10/Apr/2020:22:28:09 +0000] "GET /favicon.ico HTTP/1.1" 200 6774 "-" "Mozilla/5.0 (X11; Fedora; Linux x86_64; rv:69.0) Gecko/20100101 Firefox/69.0"
0:0:0:0:0:0:0:1 - - [10/Apr/2020:22:28:09 +0000] "GET /styles/app-font.css HTTP/1.1" 200 2482 "http://localhost:6080/index.html" "Mozilla/5.0 (X11; Fedora; Linux x86_64; rv:69.0) Gecko/20100101 Firefox/69.0"
0:0:0:0:0:0:0:1 - - [10/Apr/2020:22:28:09 +0000] "GET /styles/bootstrap.css HTTP/1.1" 200 147842 "http://localhost:6080/index.html" "Mozilla/5.0 (X11; Fedora; Linux x86_64; rv:69.0) Gecko/20100101 Firefox/69.0"
0:0:0:0:0:0:0:1 - - [10/Apr/2020:22:28:09 +0000] "GET /libs/other/backgrid/backgrid.css HTTP/1.1" 200 5618 "http://localhost:6080/index.html" "Mozilla/5.0 (X11; Fedora; Linux x86_64; rv:69.0) Gecko/20100101 Firefox/69.0"
0:0:0:0:0:0:0:1 - - [10/Apr/2020:22:28:09 +0000] "GET /libs/bower/select2/select2.css HTTP/1.1" 200 17679 "http://localhost:6080/index.html" "Mozilla/5.0 (X11; Fedora; Linux x86_64; rv:69.0) Gecko/20100101 Firefox/69.0"
0:0:0:0:0:0:0:1 - - [10/Apr/2020:22:28:09 +0000] "GET /libs/bower/backgrid-paginator/css/backgrid-paginator.css HTTP/1.1" 200 1212 "http://localhost:6080/index.html" "Mozilla/5.0 (X11; Fedora; Linux x86_64; rv:69.0) Gecko/20100101 Firefox/69.0"
0:0:0:0:0:0:0:1 - - [10/Apr/2020:22:28:09 +0000] "GET /libs/bower/backgrid-filter/css/backgrid-filter.css HTTP/1.1" 200 3087 "http://localhost:6080/index.html" "Mozilla/5.0 (X11; Fedora; Linux x86_64; rv:69.0) Gecko/20100101 Firefox/69.0"
0:0:0:0:0:0:0:1 - - [10/Apr/2020:22:28:09 +0000] "GET /libs/bower/tag-it/css/jquery.tagit.css HTTP/1.1" 200 1412 "http://localhost:6080/index.html" "Mozilla/5.0 (X11; Fedora; Linux x86_64; rv:69.0) Gecko/20100101 Firefox/69.0"
0:0:0:0:0:0:0:1 - - [10/Apr/2020:22:28:09 +0000] "GET /libs/other/datepicker/css/datepicker.css HTTP/1.1" 200 6660 "http://localhost:6080/index.html" "Mozilla/5.0 (X11; Fedora; Linux x86_64; rv:69.0) Gecko/20100101 Firefox/69.0"
0:0:0:0:0:0:0:1 - - [10/Apr/2020:22:28:09 +0000] "GET /libs/bower/bootstrap-notify/css/bootstrap-notify.css HTTP/1.1" 200 408 "http://localhost:6080/index.html" "Mozilla/5.0 (X11; Fedora; Linux x86_64; rv:69.0) Gecko/20100101 Firefox/69.0"
0:0:0:0:0:0:0:1 - - [10/Apr/2020:22:28:09 +0000] "GET /libs/other/bootstrap-datetimepicker/css/bootstrap-datetimepicker.min.css HTTP/1.1" 200 11276 "http://localhost:6080/index.html" "Mozilla/5.0 (X11; Fedora; Linux x86_64; rv:69.0) Gecko/20100101 Firefox/69.0"
0:0:0:0:0:0:0:1 - - [10/Apr/2020:22:28:09 +0000] "GET /libs/other/jquery-ui/css/jquery-ui.min.css HTTP/1.1" 200 32076 "http://localhost:6080/index.html" "Mozilla/5.0 (X11; Fedora; Linux x86_64; rv:69.0) Gecko/20100101 Firefox/69.0"
0:0:0:0:0:0:0:1 - - [10/Apr/2020:22:28:09 +0000] "GET /libs/bower/x-editable/css/bootstrap-editable.css HTTP/1.1" 200 21018 "http://localhost:6080/index.html" "Mozilla/5.0 (X11; Fedora; Linux x86_64; rv:69.0) Gecko/20100101 Firefox/69.0"
0:0:0:0:0:0:0:1 - - [10/Apr/2020:22:28:09 +0000] "GET /libs/other/visualsearch/css/icons.css HTTP/1.1" 200 562 "http://localhost:6080/index.html" "Mozilla/5.0 (X11; Fedora; Linux x86_64; rv:69.0) Gecko/20100101 Firefox/69.0"
0:0:0:0:0:0:0:1 - - [10/Apr/2020:22:28:09 +0000] "GET /libs/other/visualsearch/css/workspace.css HTTP/1.1" 200 7497 "http://localhost:6080/index.html" "Mozilla/5.0 (X11; Fedora; Linux x86_64; rv:69.0) Gecko/20100101 Firefox/69.0"
0:0:0:0:0:0:0:1 - - [10/Apr/2020:22:28:09 +0000] "GET /libs/bower/requirejs/js/require.js HTTP/1.1" 200 82626 "http://localhost:6080/index.html" "Mozilla/5.0 (X11; Fedora; Linux x86_64; rv:69.0) Gecko/20100101 Firefox/69.0"
0:0:0:0:0:0:0:1 - - [10/Apr/2020:22:28:09 +0000] "GET /scripts/Main.min.js?ver=2.0.1-SNAPSHOT HTTP/1.1" 200 2164620 "http://localhost:6080/index.html" "Mozilla/5.0 (X11; Fedora; Linux x86_64; rv:69.0) Gecko/20100101 Firefox/69.0"
0:0:0:0:0:0:0:1 - - [10/Apr/2020:22:28:09 +0000] "GET /fonts/fontopensans/open-sans-400.woff HTTP/1.1" 200 21956 "http://localhost:6080/styles/app-font.css" "Mozilla/5.0 (X11; Fedora; Linux x86_64; rv:69.0) Gecko/20100101 Firefox/69.0"
0:0:0:0:0:0:0:1 - - [10/Apr/2020:22:28:09 +0000] "GET /login.jsp HTTP/1.1" 200 3629 "-" "Mozilla/5.0 (X11; Fedora; Linux x86_64; rv:69.0) Gecko/20100101 Firefox/69.0"
0:0:0:0:0:0:0:1 - - [10/Apr/2020:22:28:09 +0000] "GET /service/plugins/csrfconf HTTP/1.1" 200 222 "http://localhost:6080/index.html" "Mozilla/5.0 (X11; Fedora; Linux x86_64; rv:69.0) Gecko/20100101 Firefox/69.0"
0:0:0:0:0:0:0:1 - - [10/Apr/2020:22:28:09 +0000] "GET /service/users/profile?_=1586557689556 HTTP/1.1" 200 1453 "http://localhost:6080/index.html" "Mozilla/5.0 (X11; Fedora; Linux x86_64; rv:69.0) Gecko/20100101 Firefox/69.0"
0:0:0:0:0:0:0:1 - - [10/Apr/2020:22:28:10 +0000] "GET /images/avatar.png HTTP/1.1" 200 761 "http://localhost:6080/index.html" "Mozilla/5.0 (X11; Fedora; Linux x86_64; rv:69.0) Gecko/20100101 Firefox/69.0"
0:0:0:0:0:0:0:1 - - [10/Apr/2020:22:28:10 +0000] "GET /service/plugins/checksso HTTP/1.1" 200 15 "http://localhost:6080/index.html" "Mozilla/5.0 (X11; Fedora; Linux x86_64; rv:69.0) Gecko/20100101 Firefox/69.0"
0:0:0:0:0:0:0:1 - - [10/Apr/2020:22:28:10 +0000] "GET /fonts/fontopensans/open-sans-600.woff HTTP/1.1" 200 22604 "http://localhost:6080/styles/app-font.css" "Mozilla/5.0 (X11; Fedora; Linux x86_64; rv:69.0) Gecko/20100101 Firefox/69.0"
0:0:0:0:0:0:0:1 - - [10/Apr/2020:22:28:10 +0000] "GET /service/plugins/definitions?page=0&pageSize=25&startIndex=0&sortBy=serviceTypeId&_=1586557689557 HTTP/1.1" 200 74344 "http://localhost:6080/index.html" "Mozilla/5.0 (X11; Fedora; Linux x86_64; rv:69.0) Gecko/20100101 Firefox/69.0"
0:0:0:0:0:0:0:1 - - [10/Apr/2020:22:28:10 +0000] "GET /service/zones/zones?page=0&pageSize=25&startIndex=0&_=1586557689558 HTTP/1.1" 200 117 "http://localhost:6080/index.html" "Mozilla/5.0 (X11; Fedora; Linux x86_64; rv:69.0) Gecko/20100101 Firefox/69.0"
0:0:0:0:0:0:0:1 - - [10/Apr/2020:22:28:10 +0000] "GET /service/plugins/services?page=0&pageSize=100&total_pages=0&startIndex=0&_=1586557689559 HTTP/1.1" 200 1105 "http://localhost:6080/index.html" "Mozilla/5.0 (X11; Fedora; Linux x86_64; rv:69.0) Gecko/20100101 Firefox/69.0"
0:0:0:0:0:0:0:1 - - [10/Apr/2020:22:28:10 +0000] "GET /images/folder-grey.png HTTP/1.1" 200 1372 "http://localhost:6080/index.html" "Mozilla/5.0 (X11; Fedora; Linux x86_64; rv:69.0) Gecko/20100101 Firefox/69.0"
0:0:0:0:0:0:0:1 - - [10/Apr/2020:22:28:10 +0000] "GET /libs/bower/select2/select2.png HTTP/1.1" 200 613 "http://localhost:6080/libs/bower/select2/select2.css" "Mozilla/5.0 (X11; Fedora; Linux x86_64; rv:69.0) Gecko/20100101 Firefox/69.0"
0:0:0:0:0:0:0:1 - - [10/Apr/2020:22:28:10 +0000] "GET /fonts/fontopensans/open-sans-700.woff HTTP/1.1" 200 22748 "http://localhost:6080/styles/app-font.css" "Mozilla/5.0 (X11; Fedora; Linux x86_64; rv:69.0) Gecko/20100101 Firefox/69.0"
0:0:0:0:0:0:0:1 - - [10/Apr/2020:22:28:13 +0000] "GET /service/plugins/services/6?_=1586557689560 HTTP/1.1" 200 481 "http://localhost:6080/index.html" "Mozilla/5.0 (X11; Fedora; Linux x86_64; rv:69.0) Gecko/20100101 Firefox/69.0"
0:0:0:0:0:0:0:1 - - [10/Apr/2020:22:28:13 +0000] "GET /service/plugins/definitions/name/hive?_=1586557689561 HTTP/1.1" 200 9943 "http://localhost:6080/index.html" "Mozilla/5.0 (X11; Fedora; Linux x86_64; rv:69.0) Gecko/20100101 Firefox/69.0"
0:0:0:0:0:0:0:1 - - [10/Apr/2020:22:28:13 +0000] "GET /libs/other/visualsearch/images/embed/icons/cancel_search.png HTTP/1.1" 200 541 "http://localhost:6080/libs/other/visualsearch/css/icons.css" "Mozilla/5.0 (X11; Fedora; Linux x86_64; rv:69.0) Gecko/20100101 Firefox/69.0"
0:0:0:0:0:0:0:1 - - [10/Apr/2020:22:28:13 +0000] "GET /libs/other/visualsearch/images/embed/icons/search_glyph.png HTTP/1.1" 200 420 "http://localhost:6080/libs/other/visualsearch/css/icons.css" "Mozilla/5.0 (X11; Fedora; Linux x86_64; rv:69.0) Gecko/20100101 Firefox/69.0"
0:0:0:0:0:0:0:1 - - [10/Apr/2020:22:28:13 +0000] "GET /images/loading.gif HTTP/1.1" 200 1849 "http://localhost:6080/styles/xa.css" "Mozilla/5.0 (X11; Fedora; Linux x86_64; rv:69.0) Gecko/20100101 Firefox/69.0"
0:0:0:0:0:0:0:1 - - [10/Apr/2020:22:28:13 +0000] "GET /fonts/fontopensans/open-sans-400i.woff HTTP/1.1" 200 21092 "http://localhost:6080/styles/app-font.css" "Mozilla/5.0 (X11; Fedora; Linux x86_64; rv:69.0) Gecko/20100101 Firefox/69.0"
0:0:0:0:0:0:0:1 - - [10/Apr/2020:22:28:13 +0000] "GET /service/plugins/policies/service/6?page=0&pageSize=25&startIndex=0&policyType=0&_=1586557689562 HTTP/1.1" 200 4475 "http://localhost:6080/index.html" "Mozilla/5.0 (X11; Fedora; Linux x86_64; rv:69.0) Gecko/20100101 Firefox/69.0"
0:0:0:0:0:0:0:1 - - [10/Apr/2020:22:28:15 +0000] "GET /service/plugins/services/6?_=1586557689563 HTTP/1.1" 200 481 "http://localhost:6080/index.html" "Mozilla/5.0 (X11; Fedora; Linux x86_64; rv:69.0) Gecko/20100101 Firefox/69.0"
0:0:0:0:0:0:0:1 - - [10/Apr/2020:22:28:15 +0000] "GET /service/plugins/policies/22?_=1586557689564 HTTP/1.1" 200 915 "http://localhost:6080/index.html" "Mozilla/5.0 (X11; Fedora; Linux x86_64; rv:69.0) Gecko/20100101 Firefox/69.0"
0:0:0:0:0:0:0:1 - - [10/Apr/2020:22:28:15 +0000] "GET /service/plugins/definitions/name/hive?_=1586557689565 HTTP/1.1" 200 9943 "http://localhost:6080/index.html" "Mozilla/5.0 (X11; Fedora; Linux x86_64; rv:69.0) Gecko/20100101 Firefox/69.0"
0:0:0:0:0:0:0:1 - - [10/Apr/2020:22:28:15 +0000] "GET /fonts/fontopensans/open-sans-300.woff HTTP/1.1" 200 22656 "http://localhost:6080/styles/app-font.css" "Mozilla/5.0 (X11; Fedora; Linux x86_64; rv:69.0) Gecko/20100101 Firefox/69.0"
0:0:0:0:0:0:0:1 - - [10/Apr/2020:22:28:17 +0000] "GET /libs/bower/select2/select2-spinner.gif HTTP/1.1" 200 1849 "http://localhost:6080/libs/bower/select2/select2.css" "Mozilla/5.0 (X11; Fedora; Linux x86_64; rv:69.0) Gecko/20100101 Firefox/69.0"
0:0:0:0:0:0:0:1 - - [10/Apr/2020:22:28:17 +0000] "GET /service/xusers/lookup/users?name=&isVisible=1&_=1586557689566 HTTP/1.1" 200 339 "http://localhost:6080/index.html" "Mozilla/5.0 (X11; Fedora; Linux x86_64; rv:69.0) Gecko/20100101 Firefox/69.0"
0:0:0:0:0:0:0:1 - - [10/Apr/2020:22:28:18 +0000] "GET /service/xusers/lookup/users?name=A&isVisible=1&_=1586557689567 HTTP/1.1" 200 282 "http://localhost:6080/index.html" "Mozilla/5.0 (X11; Fedora; Linux x86_64; rv:69.0) Gecko/20100101 Firefox/69.0"
0:0:0:0:0:0:0:1 - - [10/Apr/2020:22:28:18 +0000] "GET /service/xusers/lookup/users?name=AP&isVisible=1&_=1586557689568 HTTP/1.1" 200 161 "http://localhost:6080/index.html" "Mozilla/5.0 (X11; Fedora; Linux x86_64; rv:69.0) Gecko/20100101 Firefox/69.0"
0:0:0:0:0:0:0:1 - - [10/Apr/2020:22:28:20 +0000] "GET /service/xusers/lookup/users?name=&isVisible=1&_=1586557689569 HTTP/1.1" 200 339 "http://localhost:6080/index.html" "Mozilla/5.0 (X11; Fedora; Linux x86_64; rv:69.0) Gecko/20100101 Firefox/69.0"
0:0:0:0:0:0:0:1 - - [10/Apr/2020:22:28:27 +0000] "GET /images/blockLoading.gif HTTP/1.1" 200 3209 "http://localhost:6080/index.html" "Mozilla/5.0 (X11; Fedora; Linux x86_64; rv:69.0) Gecko/20100101 Firefox/69.0"
0:0:0:0:0:0:0:1 - - [10/Apr/2020:22:28:27 +0000] "GET /images/blank.gif HTTP/1.1" 200 43 "http://localhost:6080/index.html" "Mozilla/5.0 (X11; Fedora; Linux x86_64; rv:69.0) Gecko/20100101 Firefox/69.0"
0:0:0:0:0:0:0:1 - - [10/Apr/2020:22:28:27 +0000] "PUT /service/plugins/policies/22 HTTP/1.1" 200 1351 "http://localhost:6080/index.html" "Mozilla/5.0 (X11; Fedora; Linux x86_64; rv:69.0) Gecko/20100101 Firefox/69.0"
0:0:0:0:0:0:0:1 - - [10/Apr/2020:22:28:27 +0000] "GET /service/plugins/services/6?_=1586557689570 HTTP/1.1" 200 481 "http://localhost:6080/index.html" "Mozilla/5.0 (X11; Fedora; Linux x86_64; rv:69.0) Gecko/20100101 Firefox/69.0"
0:0:0:0:0:0:0:1 - - [10/Apr/2020:22:28:27 +0000] "GET /service/plugins/definitions/name/hive?_=1586557689571 HTTP/1.1" 200 9943 "http://localhost:6080/index.html" "Mozilla/5.0 (X11; Fedora; Linux x86_64; rv:69.0) Gecko/20100101 Firefox/69.0"
0:0:0:0:0:0:0:1 - - [10/Apr/2020:22:28:27 +0000] "GET /service/plugins/policies/service/6?page=0&pageSize=25&startIndex=0&policyType=0&_=1586557689572 HTTP/1.1" 200 4908 "http://localhost:6080/index.html" "Mozilla/5.0 (X11; Fedora; Linux x86_64; rv:69.0) Gecko/20100101 Firefox/69.0"
0:0:0:0:0:0:0:1 - - [10/Apr/2020:22:28:29 +0000] "GET /service/plugins/services/6?_=1586557689573 HTTP/1.1" 200 481 "http://localhost:6080/index.html" "Mozilla/5.0 (X11; Fedora; Linux x86_64; rv:69.0) Gecko/20100101 Firefox/69.0"
0:0:0:0:0:0:0:1 - - [10/Apr/2020:22:28:29 +0000] "GET /service/plugins/policies/23?_=1586557689574 HTTP/1.1" 200 1492 "http://localhost:6080/index.html" "Mozilla/5.0 (X11; Fedora; Linux x86_64; rv:69.0) Gecko/20100101 Firefox/69.0"
0:0:0:0:0:0:0:1 - - [10/Apr/2020:22:28:29 +0000] "GET /service/plugins/definitions/name/hive?_=1586557689575 HTTP/1.1" 200 9943 "http://localhost:6080/index.html" "Mozilla/5.0 (X11; Fedora; Linux x86_64; rv:69.0) Gecko/20100101 Firefox/69.0"
0:0:0:0:0:0:0:1 - - [10/Apr/2020:22:28:32 +0000] "GET /service/xusers/lookup/users?name=&isVisible=1&_=1586557689576 HTTP/1.1" 200 339 "http://localhost:6080/index.html" "Mozilla/5.0 (X11; Fedora; Linux x86_64; rv:69.0) Gecko/20100101 Firefox/69.0"
0:0:0:0:0:0:0:1 - - [10/Apr/2020:22:28:32 +0000] "GET /service/xusers/lookup/users?name=A&isVisible=1&_=1586557689577 HTTP/1.1" 200 282 "http://localhost:6080/index.html" "Mozilla/5.0 (X11; Fedora; Linux x86_64; rv:69.0) Gecko/20100101 Firefox/69.0"
0:0:0:0:0:0:0:1 - - [10/Apr/2020:22:28:33 +0000] "GET /service/xusers/lookup/users?name=AP&isVisible=1&_=1586557689578 HTTP/1.1" 200 161 "http://localhost:6080/index.html" "Mozilla/5.0 (X11; Fedora; Linux x86_64; rv:69.0) Gecko/20100101 Firefox/69.0"
0:0:0:0:0:0:0:1 - - [10/Apr/2020:22:28:33 +0000] "GET /service/xusers/lookup/users?name=APP&isVisible=1&_=1586557689579 HTTP/1.1" 200 163 "http://localhost:6080/index.html" "Mozilla/5.0 (X11; Fedora; Linux x86_64; rv:69.0) Gecko/20100101 Firefox/69.0"
0:0:0:0:0:0:0:1 - - [10/Apr/2020:22:28:35 +0000] "GET /service/xusers/lookup/users?name=&isVisible=1&_=1586557689580 HTTP/1.1" 200 339 "http://localhost:6080/index.html" "Mozilla/5.0 (X11; Fedora; Linux x86_64; rv:69.0) Gecko/20100101 Firefox/69.0"
0:0:0:0:0:0:0:1 - - [10/Apr/2020:22:28:41 +0000] "PUT /service/plugins/policies/23 HTTP/1.1" 200 1501 "http://localhost:6080/index.html" "Mozilla/5.0 (X11; Fedora; Linux x86_64; rv:69.0) Gecko/20100101 Firefox/69.0"
0:0:0:0:0:0:0:1 - - [10/Apr/2020:22:28:41 +0000] "GET /service/plugins/services/6?_=1586557689581 HTTP/1.1" 200 481 "http://localhost:6080/index.html" "Mozilla/5.0 (X11; Fedora; Linux x86_64; rv:69.0) Gecko/20100101 Firefox/69.0"
0:0:0:0:0:0:0:1 - - [10/Apr/2020:22:28:41 +0000] "GET /service/plugins/definitions/name/hive?_=1586557689582 HTTP/1.1" 200 9943 "http://localhost:6080/index.html" "Mozilla/5.0 (X11; Fedora; Linux x86_64; rv:69.0) Gecko/20100101 Firefox/69.0"
0:0:0:0:0:0:0:1 - - [10/Apr/2020:22:28:41 +0000] "GET /service/plugins/policies/service/6?page=0&pageSize=25&startIndex=0&policyType=0&_=1586557689583 HTTP/1.1" 200 4914 "http://localhost:6080/index.html" "Mozilla/5.0 (X11; Fedora; Linux x86_64; rv:69.0) Gecko/20100101 Firefox/69.0"
0:0:0:0:0:0:0:1 - - [10/Apr/2020:22:30:09 +0000] "GET /service/plugins/services/6?_=1586557689584 HTTP/1.1" 200 481 "http://localhost:6080/index.html" "Mozilla/5.0 (X11; Fedora; Linux x86_64; rv:69.0) Gecko/20100101 Firefox/69.0"
0:0:0:0:0:0:0:1 - - [10/Apr/2020:22:30:09 +0000] "GET /service/plugins/policies/24?_=1586557689585 HTTP/1.1" 200 1405 "http://localhost:6080/index.html" "Mozilla/5.0 (X11; Fedora; Linux x86_64; rv:69.0) Gecko/20100101 Firefox/69.0"
0:0:0:0:0:0:0:1 - - [10/Apr/2020:22:30:09 +0000] "GET /service/plugins/definitions/name/hive?_=1586557689586 HTTP/1.1" 200 9943 "http://localhost:6080/index.html" "Mozilla/5.0 (X11; Fedora; Linux x86_64; rv:69.0) Gecko/20100101 Firefox/69.0"
0:0:0:0:0:0:0:1 - - [10/Apr/2020:22:30:13 +0000] "GET /service/xusers/lookup/users?name=&isVisible=1&_=1586557689587 HTTP/1.1" 200 339 "http://localhost:6080/index.html" "Mozilla/5.0 (X11; Fedora; Linux x86_64; rv:69.0) Gecko/20100101 Firefox/69.0"
0:0:0:0:0:0:0:1 - - [10/Apr/2020:22:30:14 +0000] "GET /service/xusers/lookup/users?name=A&isVisible=1&_=1586557689588 HTTP/1.1" 200 282 "http://localhost:6080/index.html" "Mozilla/5.0 (X11; Fedora; Linux x86_64; rv:69.0) Gecko/20100101 Firefox/69.0"
0:0:0:0:0:0:0:1 - - [10/Apr/2020:22:30:14 +0000] "GET /service/xusers/lookup/users?name=AP&isVisible=1&_=1586557689589 HTTP/1.1" 200 161 "http://localhost:6080/index.html" "Mozilla/5.0 (X11; Fedora; Linux x86_64; rv:69.0) Gecko/20100101 Firefox/69.0"
0:0:0:0:0:0:0:1 - - [10/Apr/2020:22:30:14 +0000] "GET /service/xusers/lookup/users?name=APP&isVisible=1&_=1586557689590 HTTP/1.1" 200 163 "http://localhost:6080/index.html" "Mozilla/5.0 (X11; Fedora; Linux x86_64; rv:69.0) Gecko/20100101 Firefox/69.0"
0:0:0:0:0:0:0:1 - - [10/Apr/2020:22:30:16 +0000] "GET /service/xusers/lookup/users?name=&isVisible=1&_=1586557689591 HTTP/1.1" 200 339 "http://localhost:6080/index.html" "Mozilla/5.0 (X11; Fedora; Linux x86_64; rv:69.0) Gecko/20100101 Firefox/69.0"
0:0:0:0:0:0:0:1 - - [10/Apr/2020:22:30:20 +0000] "PUT /service/plugins/policies/24 HTTP/1.1" 200 1414 "http://localhost:6080/index.html" "Mozilla/5.0 (X11; Fedora; Linux x86_64; rv:69.0) Gecko/20100101 Firefox/69.0"
0:0:0:0:0:0:0:1 - - [10/Apr/2020:22:30:20 +0000] "GET /service/plugins/services/6?_=1586557689592 HTTP/1.1" 200 481 "http://localhost:6080/index.html" "Mozilla/5.0 (X11; Fedora; Linux x86_64; rv:69.0) Gecko/20100101 Firefox/69.0"
0:0:0:0:0:0:0:1 - - [10/Apr/2020:22:30:20 +0000] "GET /service/plugins/definitions/name/hive?_=1586557689593 HTTP/1.1" 200 9943 "http://localhost:6080/index.html" "Mozilla/5.0 (X11; Fedora; Linux x86_64; rv:69.0) Gecko/20100101 Firefox/69.0"
0:0:0:0:0:0:0:1 - - [10/Apr/2020:22:30:20 +0000] "GET /service/plugins/policies/service/6?page=0&pageSize=25&startIndex=0&policyType=0&_=1586557689594 HTTP/1.1" 200 4920 "http://localhost:6080/index.html" "Mozilla/5.0 (X11; Fedora; Linux x86_64; rv:69.0) Gecko/20100101 Firefox/69.0"
0:0:0:0:0:0:0:1 - - [10/Apr/2020:22:30:22 +0000] "GET /service/plugins/services/6?_=1586557689595 HTTP/1.1" 200 481 "http://localhost:6080/index.html" "Mozilla/5.0 (X11; Fedora; Linux x86_64; rv:69.0) Gecko/20100101 Firefox/69.0"
0:0:0:0:0:0:0:1 - - [10/Apr/2020:22:30:22 +0000] "GET /service/plugins/policies/25?_=1586557689596 HTTP/1.1" 200 1317 "http://localhost:6080/index.html" "Mozilla/5.0 (X11; Fedora; Linux x86_64; rv:69.0) Gecko/20100101 Firefox/69.0"
0:0:0:0:0:0:0:1 - - [10/Apr/2020:22:30:22 +0000] "GET /service/plugins/definitions/name/hive?_=1586557689597 HTTP/1.1" 200 9943 "http://localhost:6080/index.html" "Mozilla/5.0 (X11; Fedora; Linux x86_64; rv:69.0) Gecko/20100101 Firefox/69.0"
0:0:0:0:0:0:0:1 - - [10/Apr/2020:22:30:24 +0000] "GET /service/xusers/lookup/users?name=&isVisible=1&_=1586557689598 HTTP/1.1" 200 339 "http://localhost:6080/index.html" "Mozilla/5.0 (X11; Fedora; Linux x86_64; rv:69.0) Gecko/20100101 Firefox/69.0"
0:0:0:0:0:0:0:1 - - [10/Apr/2020:22:30:25 +0000] "GET /service/xusers/lookup/users?name=A&isVisible=1&_=1586557689599 HTTP/1.1" 200 282 "http://localhost:6080/index.html" "Mozilla/5.0 (X11; Fedora; Linux x86_64; rv:69.0) Gecko/20100101 Firefox/69.0"
0:0:0:0:0:0:0:1 - - [10/Apr/2020:22:30:25 +0000] "GET /service/xusers/lookup/users?name=AP&isVisible=1&_=1586557689600 HTTP/1.1" 200 161 "http://localhost:6080/index.html" "Mozilla/5.0 (X11; Fedora; Linux x86_64; rv:69.0) Gecko/20100101 Firefox/69.0"
0:0:0:0:0:0:0:1 - - [10/Apr/2020:22:30:25 +0000] "GET /service/xusers/lookup/users?name=APP&isVisible=1&_=1586557689601 HTTP/1.1" 200 163 "http://localhost:6080/index.html" "Mozilla/5.0 (X11; Fedora; Linux x86_64; rv:69.0) Gecko/20100101 Firefox/69.0"
0:0:0:0:0:0:0:1 - - [10/Apr/2020:22:30:26 +0000] "GET /service/xusers/lookup/users?name=&isVisible=1&_=1586557689602 HTTP/1.1" 200 339 "http://localhost:6080/index.html" "Mozilla/5.0 (X11; Fedora; Linux x86_64; rv:69.0) Gecko/20100101 Firefox/69.0"
0:0:0:0:0:0:0:1 - - [10/Apr/2020:22:30:30 +0000] "PUT /service/plugins/policies/25 HTTP/1.1" 200 1326 "http://localhost:6080/index.html" "Mozilla/5.0 (X11; Fedora; Linux x86_64; rv:69.0) Gecko/20100101 Firefox/69.0"
0:0:0:0:0:0:0:1 - - [10/Apr/2020:22:30:30 +0000] "GET /service/plugins/services/6?_=1586557689603 HTTP/1.1" 200 481 "http://localhost:6080/index.html" "Mozilla/5.0 (X11; Fedora; Linux x86_64; rv:69.0) Gecko/20100101 Firefox/69.0"
0:0:0:0:0:0:0:1 - - [10/Apr/2020:22:30:30 +0000] "GET /service/plugins/definitions/name/hive?_=1586557689604 HTTP/1.1" 200 9943 "http://localhost:6080/index.html" "Mozilla/5.0 (X11; Fedora; Linux x86_64; rv:69.0) Gecko/20100101 Firefox/69.0"
0:0:0:0:0:0:0:1 - - [10/Apr/2020:22:30:30 +0000] "GET /service/plugins/policies/service/6?page=0&pageSize=25&startIndex=0&policyType=0&_=1586557689605 HTTP/1.1" 200 4926 "http://localhost:6080/index.html" "Mozilla/5.0 (X11; Fedora; Linux x86_64; rv:69.0) Gecko/20100101 Firefox/69.0"
0:0:0:0:0:0:0:1 - - [10/Apr/2020:22:30:38 +0000] "GET /service/plugins/definitions?page=0&pageSize=25&startIndex=0&sortBy=serviceTypeId&_=1586557689606 HTTP/1.1" 200 74344 "http://localhost:6080/index.html" "Mozilla/5.0 (X11; Fedora; Linux x86_64; rv:69.0) Gecko/20100101 Firefox/69.0"
0:0:0:0:0:0:0:1 - - [10/Apr/2020:22:30:38 +0000] "GET /service/zones/zones?page=0&pageSize=25&startIndex=0&_=1586557689607 HTTP/1.1" 200 117 "http://localhost:6080/index.html" "Mozilla/5.0 (X11; Fedora; Linux x86_64; rv:69.0) Gecko/20100101 Firefox/69.0"
0:0:0:0:0:0:0:1 - - [10/Apr/2020:22:30:38 +0000] "GET /service/plugins/services?page=0&pageSize=100&total_pages=0&startIndex=0&_=1586557689608 HTTP/1.1" 200 1105 "http://localhost:6080/index.html" "Mozilla/5.0 (X11; Fedora; Linux x86_64; rv:69.0) Gecko/20100101 Firefox/69.0"
0:0:0:0:0:0:0:1 - - [10/Apr/2020:22:30:38 +0000] "GET /images/folder-grey.png HTTP/1.1" 200 1372 "http://localhost:6080/index.html" "Mozilla/5.0 (X11; Fedora; Linux x86_64; rv:69.0) Gecko/20100101 Firefox/69.0"
0:0:0:0:0:0:0:1 - - [10/Apr/2020:22:30:40 +0000] "GET /service/plugins/definitions/3?_=1586557689609 HTTP/1.1" 200 9943 "http://localhost:6080/index.html" "Mozilla/5.0 (X11; Fedora; Linux x86_64; rv:69.0) Gecko/20100101 Firefox/69.0"
0:0:0:0:0:0:0:1 - - [10/Apr/2020:22:30:58 +0000] "POST /service/plugins/services/validateConfig HTTP/1.1" 200 519 "http://localhost:6080/index.html" "Mozilla/5.0 (X11; Fedora; Linux x86_64; rv:69.0) Gecko/20100101 Firefox/69.0"
