0:0:0:0:0:0:0:1 - - [10/Mar/2020:04:15:11 +0000] "-" 400 - "-" "-"
0:0:0:0:0:0:0:1 - - [10/Mar/2020:04:15:11 +0000] "GET /v2/ HTTP/1.1" 302 - "-" "docker/19.03.7 go/go1.12.17 git-commit/7141c199a2 kernel/5.3.7-301.fc31.x86_64 os/linux arch/amd64 UpstreamClient(Jersey/2.22.2 \(Apache HttpClient 4.5\))"
0:0:0:0:0:0:0:1 - - [10/Mar/2020:04:15:11 +0000] "GET /login.jsp HTTP/1.1" 200 3629 "http://localhost:6080/v2/" "docker/19.03.7 go/go1.12.17 git-commit/7141c199a2 kernel/5.3.7-301.fc31.x86_64 os/linux arch/amd64 UpstreamClient(Jersey/2.22.2 \(Apache HttpClient 4.5\))"
0:0:0:0:0:0:0:1 - - [10/Mar/2020:04:15:11 +0000] "GET /v2/odpi/apache-ranger/manifests/build HTTP/1.1" 302 - "-" "docker/19.03.7 go/go1.12.17 git-commit/7141c199a2 kernel/5.3.7-301.fc31.x86_64 os/linux arch/amd64 UpstreamClient(Jersey/2.22.2 \(Apache HttpClient 4.5\))"
0:0:0:0:0:0:0:1 - - [10/Mar/2020:04:15:11 +0000] "GET /login.jsp HTTP/1.1" 200 3629 "http://localhost:6080/v2/odpi/apache-ranger/manifests/build" "docker/19.03.7 go/go1.12.17 git-commit/7141c199a2 kernel/5.3.7-301.fc31.x86_64 os/linux arch/amd64 UpstreamClient(Jersey/2.22.2 \(Apache HttpClient 4.5\))"
0:0:0:0:0:0:0:1 - - [10/Mar/2020:04:15:11 +0000] "-" 400 - "-" "-"
0:0:0:0:0:0:0:1 - - [10/Mar/2020:04:15:11 +0000] "GET /v2/ HTTP/1.1" 302 - "-" "docker/19.03.7 go/go1.12.17 git-commit/7141c199a2 kernel/5.3.7-301.fc31.x86_64 os/linux arch/amd64 UpstreamClient(Jersey/2.22.2 \(Apache HttpClient 4.5\))"
0:0:0:0:0:0:0:1 - - [10/Mar/2020:04:15:11 +0000] "GET /login.jsp HTTP/1.1" 200 3629 "http://localhost:6080/v2/" "docker/19.03.7 go/go1.12.17 git-commit/7141c199a2 kernel/5.3.7-301.fc31.x86_64 os/linux arch/amd64 UpstreamClient(Jersey/2.22.2 \(Apache HttpClient 4.5\))"
0:0:0:0:0:0:0:1 - - [10/Mar/2020:04:15:11 +0000] "GET /v2/odpi/apache-ranger/manifests/build HTTP/1.1" 302 - "-" "docker/19.03.7 go/go1.12.17 git-commit/7141c199a2 kernel/5.3.7-301.fc31.x86_64 os/linux arch/amd64 UpstreamClient(Jersey/2.22.2 \(Apache HttpClient 4.5\))"
0:0:0:0:0:0:0:1 - - [10/Mar/2020:04:15:11 +0000] "GET /login.jsp HTTP/1.1" 200 3629 "http://localhost:6080/v2/odpi/apache-ranger/manifests/build" "docker/19.03.7 go/go1.12.17 git-commit/7141c199a2 kernel/5.3.7-301.fc31.x86_64 os/linux arch/amd64 UpstreamClient(Jersey/2.22.2 \(Apache HttpClient 4.5\))"
0:0:0:0:0:0:0:1 - - [10/Mar/2020:04:21:14 +0000] "-" 400 - "-" "-"
0:0:0:0:0:0:0:1 - - [10/Mar/2020:04:21:14 +0000] "GET /v2/ HTTP/1.1" 302 - "-" "docker/19.03.7 go/go1.12.17 git-commit/7141c199a2 kernel/5.3.7-301.fc31.x86_64 os/linux arch/amd64 UpstreamClient(Jersey/2.22.2 \(Apache HttpClient 4.5\))"
0:0:0:0:0:0:0:1 - - [10/Mar/2020:04:21:14 +0000] "GET /login.jsp HTTP/1.1" 200 3629 "http://localhost:6080/v2/" "docker/19.03.7 go/go1.12.17 git-commit/7141c199a2 kernel/5.3.7-301.fc31.x86_64 os/linux arch/amd64 UpstreamClient(Jersey/2.22.2 \(Apache HttpClient 4.5\))"
0:0:0:0:0:0:0:1 - - [10/Mar/2020:04:21:14 +0000] "GET /v2/odpi/apache-ranger/manifests/build HTTP/1.1" 302 - "-" "docker/19.03.7 go/go1.12.17 git-commit/7141c199a2 kernel/5.3.7-301.fc31.x86_64 os/linux arch/amd64 UpstreamClient(Jersey/2.22.2 \(Apache HttpClient 4.5\))"
0:0:0:0:0:0:0:1 - - [10/Mar/2020:04:21:14 +0000] "GET /login.jsp HTTP/1.1" 200 3629 "http://localhost:6080/v2/odpi/apache-ranger/manifests/build" "docker/19.03.7 go/go1.12.17 git-commit/7141c199a2 kernel/5.3.7-301.fc31.x86_64 os/linux arch/amd64 UpstreamClient(Jersey/2.22.2 \(Apache HttpClient 4.5\))"
0:0:0:0:0:0:0:1 - - [10/Mar/2020:04:21:14 +0000] "-" 400 - "-" "-"
0:0:0:0:0:0:0:1 - - [10/Mar/2020:04:21:14 +0000] "GET /v2/ HTTP/1.1" 302 - "-" "docker/19.03.7 go/go1.12.17 git-commit/7141c199a2 kernel/5.3.7-301.fc31.x86_64 os/linux arch/amd64 UpstreamClient(Jersey/2.22.2 \(Apache HttpClient 4.5\))"
0:0:0:0:0:0:0:1 - - [10/Mar/2020:04:21:14 +0000] "GET /login.jsp HTTP/1.1" 200 3629 "http://localhost:6080/v2/" "docker/19.03.7 go/go1.12.17 git-commit/7141c199a2 kernel/5.3.7-301.fc31.x86_64 os/linux arch/amd64 UpstreamClient(Jersey/2.22.2 \(Apache HttpClient 4.5\))"
0:0:0:0:0:0:0:1 - - [10/Mar/2020:04:21:14 +0000] "GET /v2/odpi/apache-ranger/manifests/build HTTP/1.1" 302 - "-" "docker/19.03.7 go/go1.12.17 git-commit/7141c199a2 kernel/5.3.7-301.fc31.x86_64 os/linux arch/amd64 UpstreamClient(Jersey/2.22.2 \(Apache HttpClient 4.5\))"
0:0:0:0:0:0:0:1 - - [10/Mar/2020:04:21:14 +0000] "GET /login.jsp HTTP/1.1" 200 3629 "http://localhost:6080/v2/odpi/apache-ranger/manifests/build" "docker/19.03.7 go/go1.12.17 git-commit/7141c199a2 kernel/5.3.7-301.fc31.x86_64 os/linux arch/amd64 UpstreamClient(Jersey/2.22.2 \(Apache HttpClient 4.5\))"
0:0:0:0:0:0:0:1 - - [10/Mar/2020:05:28:31 +0000] "GET / HTTP/1.1" 302 - "-" "Mozilla/5.0 (X11; Fedora; Linux x86_64; rv:69.0) Gecko/20100101 Firefox/69.0"
0:0:0:0:0:0:0:1 - - [10/Mar/2020:05:28:31 +0000] "GET /login.jsp HTTP/1.1" 200 3629 "-" "Mozilla/5.0 (X11; Fedora; Linux x86_64; rv:69.0) Gecko/20100101 Firefox/69.0"
0:0:0:0:0:0:0:1 - - [10/Mar/2020:05:28:31 +0000] "GET /styles/bootstrap.min.css HTTP/1.1" 304 - "http://localhost:6080/login.jsp" "Mozilla/5.0 (X11; Fedora; Linux x86_64; rv:69.0) Gecko/20100101 Firefox/69.0"
0:0:0:0:0:0:0:1 - - [10/Mar/2020:05:28:31 +0000] "GET /styles/xa.css HTTP/1.1" 304 - "http://localhost:6080/login.jsp" "Mozilla/5.0 (X11; Fedora; Linux x86_64; rv:69.0) Gecko/20100101 Firefox/69.0"
0:0:0:0:0:0:0:1 - - [10/Mar/2020:05:28:31 +0000] "GET /libs/bower/jquery/js/jquery-3.4.1.js HTTP/1.1" 304 - "http://localhost:6080/login.jsp" "Mozilla/5.0 (X11; Fedora; Linux x86_64; rv:69.0) Gecko/20100101 Firefox/69.0"
0:0:0:0:0:0:0:1 - - [10/Mar/2020:05:28:31 +0000] "GET /scripts/prelogin/XAPrelogin.js HTTP/1.1" 304 - "http://localhost:6080/login.jsp" "Mozilla/5.0 (X11; Fedora; Linux x86_64; rv:69.0) Gecko/20100101 Firefox/69.0"
0:0:0:0:0:0:0:1 - - [10/Mar/2020:05:28:31 +0000] "GET /images/logo.png HTTP/1.1" 304 - "http://localhost:6080/login.jsp" "Mozilla/5.0 (X11; Fedora; Linux x86_64; rv:69.0) Gecko/20100101 Firefox/69.0"
0:0:0:0:0:0:0:1 - - [10/Mar/2020:05:28:31 +0000] "GET /fonts/fontawesome/fontawesome-webfont.woff?v=3.2.1 HTTP/1.1" 200 43572 "http://localhost:6080/styles/bootstrap.min.css" "Mozilla/5.0 (X11; Fedora; Linux x86_64; rv:69.0) Gecko/20100101 Firefox/69.0"
0:0:0:0:0:0:0:1 - - [10/Mar/2020:05:28:31 +0000] "GET /login.jsp HTTP/1.1" 200 3629 "-" "Mozilla/5.0 (X11; Fedora; Linux x86_64; rv:69.0) Gecko/20100101 Firefox/69.0"
