0:0:0:0:0:0:0:1 - - [02/Apr/2020:05:40:48 +0000] "GET / HTTP/1.1" 302 - "-" "Mozilla/5.0 (X11; Fedora; Linux x86_64; rv:69.0) Gecko/20100101 Firefox/69.0"
0:0:0:0:0:0:0:1 - - [02/Apr/2020:05:40:48 +0000] "GET /login.jsp HTTP/1.1" 200 3629 "-" "Mozilla/5.0 (X11; Fedora; Linux x86_64; rv:69.0) Gecko/20100101 Firefox/69.0"
0:0:0:0:0:0:0:1 - - [02/Apr/2020:05:40:48 +0000] "GET /images/logo.png HTTP/1.1" 200 4493 "http://localhost:6080/login.jsp" "Mozilla/5.0 (X11; Fedora; Linux x86_64; rv:69.0) Gecko/20100101 Firefox/69.0"
0:0:0:0:0:0:0:1 - - [02/Apr/2020:05:40:48 +0000] "GET /fonts/fontawesome/fontawesome-webfont.woff?v=3.2.1 HTTP/1.1" 200 43572 "http://localhost:6080/styles/bootstrap.min.css" "Mozilla/5.0 (X11; Fedora; Linux x86_64; rv:69.0) Gecko/20100101 Firefox/69.0"
0:0:0:0:0:0:0:1 - - [02/Apr/2020:05:40:48 +0000] "GET /images/favicon.ico HTTP/1.1" 302 - "-" "Mozilla/5.0 (X11; Fedora; Linux x86_64; rv:69.0) Gecko/20100101 Firefox/69.0"
0:0:0:0:0:0:0:1 - - [02/Apr/2020:05:40:58 +0000] "POST /login HTTP/1.1" 200 47 "http://localhost:6080/login.jsp" "Mozilla/5.0 (X11; Fedora; Linux x86_64; rv:69.0) Gecko/20100101 Firefox/69.0"
0:0:0:0:0:0:0:1 - - [02/Apr/2020:05:40:58 +0000] "GET /index.html HTTP/1.1" 200 5593 "http://localhost:6080/login.jsp" "Mozilla/5.0 (X11; Fedora; Linux x86_64; rv:69.0) Gecko/20100101 Firefox/69.0"
0:0:0:0:0:0:0:1 - - [02/Apr/2020:05:40:58 +0000] "GET /favicon.ico HTTP/1.1" 200 6774 "-" "Mozilla/5.0 (X11; Fedora; Linux x86_64; rv:69.0) Gecko/20100101 Firefox/69.0"
0:0:0:0:0:0:0:1 - - [02/Apr/2020:05:40:58 +0000] "GET /libs/bower/backgrid-paginator/css/backgrid-paginator.css HTTP/1.1" 200 1212 "http://localhost:6080/index.html" "Mozilla/5.0 (X11; Fedora; Linux x86_64; rv:69.0) Gecko/20100101 Firefox/69.0"
0:0:0:0:0:0:0:1 - - [02/Apr/2020:05:40:58 +0000] "GET /libs/bower/backgrid-filter/css/backgrid-filter.css HTTP/1.1" 200 3087 "http://localhost:6080/index.html" "Mozilla/5.0 (X11; Fedora; Linux x86_64; rv:69.0) Gecko/20100101 Firefox/69.0"
0:0:0:0:0:0:0:1 - - [02/Apr/2020:05:40:58 +0000] "GET /libs/bower/tag-it/css/jquery.tagit.css HTTP/1.1" 200 1412 "http://localhost:6080/index.html" "Mozilla/5.0 (X11; Fedora; Linux x86_64; rv:69.0) Gecko/20100101 Firefox/69.0"
0:0:0:0:0:0:0:1 - - [02/Apr/2020:05:40:58 +0000] "GET /libs/bower/bootstrap-notify/css/bootstrap-notify.css HTTP/1.1" 200 408 "http://localhost:6080/index.html" "Mozilla/5.0 (X11; Fedora; Linux x86_64; rv:69.0) Gecko/20100101 Firefox/69.0"
0:0:0:0:0:0:0:1 - - [02/Apr/2020:05:40:58 +0000] "GET /libs/bower/select2/select2.css HTTP/1.1" 200 17679 "http://localhost:6080/index.html" "Mozilla/5.0 (X11; Fedora; Linux x86_64; rv:69.0) Gecko/20100101 Firefox/69.0"
0:0:0:0:0:0:0:1 - - [02/Apr/2020:05:40:58 +0000] "GET /libs/other/datepicker/css/datepicker.css HTTP/1.1" 200 6660 "http://localhost:6080/index.html" "Mozilla/5.0 (X11; Fedora; Linux x86_64; rv:69.0) Gecko/20100101 Firefox/69.0"
0:0:0:0:0:0:0:1 - - [02/Apr/2020:05:40:58 +0000] "GET /libs/other/backgrid/backgrid.css HTTP/1.1" 200 5618 "http://localhost:6080/index.html" "Mozilla/5.0 (X11; Fedora; Linux x86_64; rv:69.0) Gecko/20100101 Firefox/69.0"
0:0:0:0:0:0:0:1 - - [02/Apr/2020:05:40:58 +0000] "GET /libs/other/jquery-ui/css/jquery-ui.min.css HTTP/1.1" 200 32076 "http://localhost:6080/index.html" "Mozilla/5.0 (X11; Fedora; Linux x86_64; rv:69.0) Gecko/20100101 Firefox/69.0"
0:0:0:0:0:0:0:1 - - [02/Apr/2020:05:40:58 +0000] "GET /libs/other/bootstrap-datetimepicker/css/bootstrap-datetimepicker.min.css HTTP/1.1" 200 11276 "http://localhost:6080/index.html" "Mozilla/5.0 (X11; Fedora; Linux x86_64; rv:69.0) Gecko/20100101 Firefox/69.0"
0:0:0:0:0:0:0:1 - - [02/Apr/2020:05:40:58 +0000] "GET /libs/bower/x-editable/css/bootstrap-editable.css HTTP/1.1" 200 21018 "http://localhost:6080/index.html" "Mozilla/5.0 (X11; Fedora; Linux x86_64; rv:69.0) Gecko/20100101 Firefox/69.0"
0:0:0:0:0:0:0:1 - - [02/Apr/2020:05:40:58 +0000] "GET /libs/other/visualsearch/css/icons.css HTTP/1.1" 200 562 "http://localhost:6080/index.html" "Mozilla/5.0 (X11; Fedora; Linux x86_64; rv:69.0) Gecko/20100101 Firefox/69.0"
0:0:0:0:0:0:0:1 - - [02/Apr/2020:05:40:58 +0000] "GET /libs/other/visualsearch/css/workspace.css HTTP/1.1" 200 7497 "http://localhost:6080/index.html" "Mozilla/5.0 (X11; Fedora; Linux x86_64; rv:69.0) Gecko/20100101 Firefox/69.0"
0:0:0:0:0:0:0:1 - - [02/Apr/2020:05:40:58 +0000] "GET /libs/bower/requirejs/js/require.js HTTP/1.1" 200 82626 "http://localhost:6080/index.html" "Mozilla/5.0 (X11; Fedora; Linux x86_64; rv:69.0) Gecko/20100101 Firefox/69.0"
0:0:0:0:0:0:0:1 - - [02/Apr/2020:05:40:58 +0000] "GET /scripts/Main.min.js?ver=2.0.1-SNAPSHOT HTTP/1.1" 200 2164620 "http://localhost:6080/index.html" "Mozilla/5.0 (X11; Fedora; Linux x86_64; rv:69.0) Gecko/20100101 Firefox/69.0"
0:0:0:0:0:0:0:1 - - [02/Apr/2020:05:40:58 +0000] "GET /login.jsp HTTP/1.1" 200 3629 "-" "Mozilla/5.0 (X11; Fedora; Linux x86_64; rv:69.0) Gecko/20100101 Firefox/69.0"
0:0:0:0:0:0:0:1 - - [02/Apr/2020:05:40:58 +0000] "GET /service/plugins/csrfconf HTTP/1.1" 200 222 "http://localhost:6080/index.html" "Mozilla/5.0 (X11; Fedora; Linux x86_64; rv:69.0) Gecko/20100101 Firefox/69.0"
0:0:0:0:0:0:0:1 - - [02/Apr/2020:05:40:59 +0000] "GET /service/users/profile?_=1585806058638 HTTP/1.1" 200 1453 "http://localhost:6080/index.html" "Mozilla/5.0 (X11; Fedora; Linux x86_64; rv:69.0) Gecko/20100101 Firefox/69.0"
0:0:0:0:0:0:0:1 - - [02/Apr/2020:05:40:59 +0000] "GET /images/avatar.png HTTP/1.1" 200 761 "http://localhost:6080/index.html" "Mozilla/5.0 (X11; Fedora; Linux x86_64; rv:69.0) Gecko/20100101 Firefox/69.0"
0:0:0:0:0:0:0:1 - - [02/Apr/2020:05:40:59 +0000] "GET /service/plugins/checksso HTTP/1.1" 200 15 "http://localhost:6080/index.html" "Mozilla/5.0 (X11; Fedora; Linux x86_64; rv:69.0) Gecko/20100101 Firefox/69.0"
0:0:0:0:0:0:0:1 - - [02/Apr/2020:05:40:59 +0000] "GET /service/plugins/definitions?page=0&pageSize=25&startIndex=0&sortBy=serviceTypeId&_=1585806058639 HTTP/1.1" 200 74344 "http://localhost:6080/index.html" "Mozilla/5.0 (X11; Fedora; Linux x86_64; rv:69.0) Gecko/20100101 Firefox/69.0"
0:0:0:0:0:0:0:1 - - [02/Apr/2020:05:40:59 +0000] "GET /service/zones/zones?page=0&pageSize=25&startIndex=0&_=1585806058640 HTTP/1.1" 200 117 "http://localhost:6080/index.html" "Mozilla/5.0 (X11; Fedora; Linux x86_64; rv:69.0) Gecko/20100101 Firefox/69.0"
0:0:0:0:0:0:0:1 - - [02/Apr/2020:05:40:59 +0000] "GET /service/plugins/services?page=0&pageSize=100&total_pages=0&startIndex=0&_=1585806058641 HTTP/1.1" 200 635 "http://localhost:6080/index.html" "Mozilla/5.0 (X11; Fedora; Linux x86_64; rv:69.0) Gecko/20100101 Firefox/69.0"
0:0:0:0:0:0:0:1 - - [02/Apr/2020:05:40:59 +0000] "GET /images/folder-grey.png HTTP/1.1" 200 1372 "http://localhost:6080/index.html" "Mozilla/5.0 (X11; Fedora; Linux x86_64; rv:69.0) Gecko/20100101 Firefox/69.0"
0:0:0:0:0:0:0:1 - - [02/Apr/2020:05:40:59 +0000] "GET /libs/bower/select2/select2.png HTTP/1.1" 200 613 "http://localhost:6080/libs/bower/select2/select2.css" "Mozilla/5.0 (X11; Fedora; Linux x86_64; rv:69.0) Gecko/20100101 Firefox/69.0"
0:0:0:0:0:0:0:1 - - [02/Apr/2020:05:41:01 +0000] "GET /service/plugins/services/5?_=1585806058642 HTTP/1.1" 200 494 "http://localhost:6080/index.html" "Mozilla/5.0 (X11; Fedora; Linux x86_64; rv:69.0) Gecko/20100101 Firefox/69.0"
0:0:0:0:0:0:0:1 - - [02/Apr/2020:05:41:01 +0000] "GET /service/plugins/definitions/name/hive?_=1585806058643 HTTP/1.1" 200 9943 "http://localhost:6080/index.html" "Mozilla/5.0 (X11; Fedora; Linux x86_64; rv:69.0) Gecko/20100101 Firefox/69.0"
0:0:0:0:0:0:0:1 - - [02/Apr/2020:05:41:01 +0000] "GET /images/loading.gif HTTP/1.1" 200 1849 "http://localhost:6080/styles/xa.css" "Mozilla/5.0 (X11; Fedora; Linux x86_64; rv:69.0) Gecko/20100101 Firefox/69.0"
0:0:0:0:0:0:0:1 - - [02/Apr/2020:05:41:01 +0000] "GET /libs/other/visualsearch/images/embed/icons/search_glyph.png HTTP/1.1" 200 420 "http://localhost:6080/libs/other/visualsearch/css/icons.css" "Mozilla/5.0 (X11; Fedora; Linux x86_64; rv:69.0) Gecko/20100101 Firefox/69.0"
0:0:0:0:0:0:0:1 - - [02/Apr/2020:05:41:01 +0000] "GET /libs/other/visualsearch/images/embed/icons/cancel_search.png HTTP/1.1" 200 541 "http://localhost:6080/libs/other/visualsearch/css/icons.css" "Mozilla/5.0 (X11; Fedora; Linux x86_64; rv:69.0) Gecko/20100101 Firefox/69.0"
0:0:0:0:0:0:0:1 - - [02/Apr/2020:05:41:02 +0000] "GET /service/plugins/policies/service/5?page=0&pageSize=25&startIndex=0&policyType=0&_=1585806058644 HTTP/1.1" 200 4910 "http://localhost:6080/index.html" "Mozilla/5.0 (X11; Fedora; Linux x86_64; rv:69.0) Gecko/20100101 Firefox/69.0"
0:0:0:0:0:0:0:1 - - [02/Apr/2020:05:41:04 +0000] "GET /service/plugins/services/5?_=1585806058645 HTTP/1.1" 200 494 "http://localhost:6080/index.html" "Mozilla/5.0 (X11; Fedora; Linux x86_64; rv:69.0) Gecko/20100101 Firefox/69.0"
0:0:0:0:0:0:0:1 - - [02/Apr/2020:05:41:04 +0000] "GET /service/plugins/policies/18?_=1585806058646 HTTP/1.1" 200 1344 "http://localhost:6080/index.html" "Mozilla/5.0 (X11; Fedora; Linux x86_64; rv:69.0) Gecko/20100101 Firefox/69.0"
0:0:0:0:0:0:0:1 - - [02/Apr/2020:05:41:04 +0000] "GET /service/plugins/definitions/name/hive?_=1585806058647 HTTP/1.1" 200 9943 "http://localhost:6080/index.html" "Mozilla/5.0 (X11; Fedora; Linux x86_64; rv:69.0) Gecko/20100101 Firefox/69.0"
0:0:0:0:0:0:0:1 - - [02/Apr/2020:05:41:05 +0000] "GET /fonts/fontopensans/open-sans-300.woff HTTP/1.1" 200 16384 "http://localhost:6080/styles/app-font.css" "Mozilla/5.0 (X11; Fedora; Linux x86_64; rv:69.0) Gecko/20100101 Firefox/69.0"
0:0:0:0:0:0:0:1 - - [02/Apr/2020:05:43:06 +0000] "GET /service/plugins/definitions?page=0&pageSize=25&startIndex=0&sortBy=serviceTypeId&_=1585806058648 HTTP/1.1" 200 74344 "http://localhost:6080/index.html" "Mozilla/5.0 (X11; Fedora; Linux x86_64; rv:69.0) Gecko/20100101 Firefox/69.0"
0:0:0:0:0:0:0:1 - - [02/Apr/2020:05:43:06 +0000] "GET /service/zones/zones?page=0&pageSize=25&startIndex=0&_=1585806058649 HTTP/1.1" 200 117 "http://localhost:6080/index.html" "Mozilla/5.0 (X11; Fedora; Linux x86_64; rv:69.0) Gecko/20100101 Firefox/69.0"
0:0:0:0:0:0:0:1 - - [02/Apr/2020:05:43:06 +0000] "GET /service/plugins/services?page=0&pageSize=100&total_pages=0&startIndex=0&_=1585806058650 HTTP/1.1" 200 635 "http://localhost:6080/index.html" "Mozilla/5.0 (X11; Fedora; Linux x86_64; rv:69.0) Gecko/20100101 Firefox/69.0"
0:0:0:0:0:0:0:1 - - [02/Apr/2020:05:43:06 +0000] "GET /images/folder-grey.png HTTP/1.1" 200 1372 "http://localhost:6080/index.html" "Mozilla/5.0 (X11; Fedora; Linux x86_64; rv:69.0) Gecko/20100101 Firefox/69.0"
0:0:0:0:0:0:0:1 - - [02/Apr/2020:05:43:10 +0000] "GET /service/plugins/definitions/3?_=1585806058651 HTTP/1.1" 200 9943 "http://localhost:6080/index.html" "Mozilla/5.0 (X11; Fedora; Linux x86_64; rv:69.0) Gecko/20100101 Firefox/69.0"
0:0:0:0:0:0:0:1 - - [02/Apr/2020:05:43:32 +0000] "GET / HTTP/1.1" 302 - "-" "Mozilla/5.0 (X11; Fedora; Linux x86_64; rv:69.0) Gecko/20100101 Firefox/69.0"
0:0:0:0:0:0:0:1 - - [02/Apr/2020:05:43:32 +0000] "GET /login.jsp HTTP/1.1" 200 3629 "-" "Mozilla/5.0 (X11; Fedora; Linux x86_64; rv:69.0) Gecko/20100101 Firefox/69.0"
0:0:0:0:0:0:0:1 - - [02/Apr/2020:05:43:32 +0000] "GET /scripts/prelogin/XAPrelogin.js HTTP/1.1" 200 3580 "http://localhost:6080/login.jsp" "Mozilla/5.0 (X11; Fedora; Linux x86_64; rv:69.0) Gecko/20100101 Firefox/69.0"
0:0:0:0:0:0:0:1 - - [02/Apr/2020:05:43:32 +0000] "GET /styles/xa.css HTTP/1.1" 200 55980 "http://localhost:6080/login.jsp" "Mozilla/5.0 (X11; Fedora; Linux x86_64; rv:69.0) Gecko/20100101 Firefox/69.0"
0:0:0:0:0:0:0:1 - - [02/Apr/2020:05:43:32 +0000] "GET /styles/bootstrap.min.css HTTP/1.1" 200 147842 "http://localhost:6080/login.jsp" "Mozilla/5.0 (X11; Fedora; Linux x86_64; rv:69.0) Gecko/20100101 Firefox/69.0"
0:0:0:0:0:0:0:1 - - [02/Apr/2020:05:43:32 +0000] "GET /libs/bower/jquery/js/jquery-3.4.1.js HTTP/1.1" 200 350121 "http://localhost:6080/login.jsp" "Mozilla/5.0 (X11; Fedora; Linux x86_64; rv:69.0) Gecko/20100101 Firefox/69.0"
0:0:0:0:0:0:0:1 - - [02/Apr/2020:05:43:32 +0000] "GET /images/logo.png HTTP/1.1" 200 4493 "http://localhost:6080/login.jsp" "Mozilla/5.0 (X11; Fedora; Linux x86_64; rv:69.0) Gecko/20100101 Firefox/69.0"
0:0:0:0:0:0:0:1 - - [02/Apr/2020:05:43:33 +0000] "GET /fonts/fontawesome/fontawesome-webfont.woff?v=3.2.1 HTTP/1.1" 200 43572 "http://localhost:6080/styles/bootstrap.min.css" "Mozilla/5.0 (X11; Fedora; Linux x86_64; rv:69.0) Gecko/20100101 Firefox/69.0"
0:0:0:0:0:0:0:1 - - [02/Apr/2020:05:43:33 +0000] "GET /images/favicon.ico HTTP/1.1" 302 - "-" "Mozilla/5.0 (X11; Fedora; Linux x86_64; rv:69.0) Gecko/20100101 Firefox/69.0"
0:0:0:0:0:0:0:1 - - [02/Apr/2020:05:43:33 +0000] "GET /login.jsp HTTP/1.1" 200 3629 "-" "Mozilla/5.0 (X11; Fedora; Linux x86_64; rv:69.0) Gecko/20100101 Firefox/69.0"
0:0:0:0:0:0:0:1 - - [02/Apr/2020:05:43:39 +0000] "POST /service/plugins/services/validateConfig HTTP/1.1" 200 1243 "http://localhost:6080/index.html" "Mozilla/5.0 (X11; Fedora; Linux x86_64; rv:69.0) Gecko/20100101 Firefox/69.0"
0:0:0:0:0:0:0:1 - - [02/Apr/2020:06:41:32 +0000] "POST /service/plugins/services/validateConfig HTTP/1.1" 200 1243 "http://localhost:6080/index.html" "Mozilla/5.0 (X11; Fedora; Linux x86_64; rv:69.0) Gecko/20100101 Firefox/69.0"
127.0.0.1 - - [02/Apr/2020:14:39:14 +0000] "GET /index.html HTTP/1.1" 302 - "-" "Mozilla/5.0 (X11; Fedora; Linux x86_64; rv:69.0) Gecko/20100101 Firefox/69.0"
127.0.0.1 - - [02/Apr/2020:14:39:14 +0000] "GET /login.jsp HTTP/1.1" 200 3629 "-" "Mozilla/5.0 (X11; Fedora; Linux x86_64; rv:69.0) Gecko/20100101 Firefox/69.0"
127.0.0.1 - - [02/Apr/2020:14:39:14 +0000] "GET /styles/bootstrap.min.css HTTP/1.1" 304 - "http://localhost:6080/login.jsp" "Mozilla/5.0 (X11; Fedora; Linux x86_64; rv:69.0) Gecko/20100101 Firefox/69.0"
127.0.0.1 - - [02/Apr/2020:14:39:14 +0000] "GET /libs/bower/jquery/js/jquery-3.4.1.js HTTP/1.1" 304 - "http://localhost:6080/login.jsp" "Mozilla/5.0 (X11; Fedora; Linux x86_64; rv:69.0) Gecko/20100101 Firefox/69.0"
127.0.0.1 - - [02/Apr/2020:14:39:14 +0000] "GET /styles/xa.css HTTP/1.1" 304 - "http://localhost:6080/login.jsp" "Mozilla/5.0 (X11; Fedora; Linux x86_64; rv:69.0) Gecko/20100101 Firefox/69.0"
127.0.0.1 - - [02/Apr/2020:14:39:14 +0000] "GET /scripts/prelogin/XAPrelogin.js HTTP/1.1" 304 - "http://localhost:6080/login.jsp" "Mozilla/5.0 (X11; Fedora; Linux x86_64; rv:69.0) Gecko/20100101 Firefox/69.0"
127.0.0.1 - - [02/Apr/2020:14:39:14 +0000] "GET /images/logo.png HTTP/1.1" 200 4493 "http://localhost:6080/login.jsp" "Mozilla/5.0 (X11; Fedora; Linux x86_64; rv:69.0) Gecko/20100101 Firefox/69.0"
127.0.0.1 - - [02/Apr/2020:14:39:14 +0000] "GET /login.jsp HTTP/1.1" 200 3629 "-" "Mozilla/5.0 (X11; Fedora; Linux x86_64; rv:69.0) Gecko/20100101 Firefox/69.0"
127.0.0.1 - - [02/Apr/2020:14:39:21 +0000] "POST /login HTTP/1.1" 200 47 "http://localhost:6080/login.jsp" "Mozilla/5.0 (X11; Fedora; Linux x86_64; rv:69.0) Gecko/20100101 Firefox/69.0"
127.0.0.1 - - [02/Apr/2020:14:39:21 +0000] "GET /index.html HTTP/1.1" 200 5593 "http://localhost:6080/login.jsp" "Mozilla/5.0 (X11; Fedora; Linux x86_64; rv:69.0) Gecko/20100101 Firefox/69.0"
127.0.0.1 - - [02/Apr/2020:14:39:21 +0000] "GET /favicon.ico HTTP/1.1" 200 6774 "-" "Mozilla/5.0 (X11; Fedora; Linux x86_64; rv:69.0) Gecko/20100101 Firefox/69.0"
127.0.0.1 - - [02/Apr/2020:14:39:21 +0000] "GET /libs/other/backgrid/backgrid.css HTTP/1.1" 200 5618 "http://localhost:6080/index.html" "Mozilla/5.0 (X11; Fedora; Linux x86_64; rv:69.0) Gecko/20100101 Firefox/69.0"
127.0.0.1 - - [02/Apr/2020:14:39:21 +0000] "GET /libs/bower/backgrid-paginator/css/backgrid-paginator.css HTTP/1.1" 200 1212 "http://localhost:6080/index.html" "Mozilla/5.0 (X11; Fedora; Linux x86_64; rv:69.0) Gecko/20100101 Firefox/69.0"
127.0.0.1 - - [02/Apr/2020:14:39:21 +0000] "GET /libs/bower/backgrid-filter/css/backgrid-filter.css HTTP/1.1" 200 3087 "http://localhost:6080/index.html" "Mozilla/5.0 (X11; Fedora; Linux x86_64; rv:69.0) Gecko/20100101 Firefox/69.0"
127.0.0.1 - - [02/Apr/2020:14:39:21 +0000] "GET /libs/bower/select2/select2.css HTTP/1.1" 200 17679 "http://localhost:6080/index.html" "Mozilla/5.0 (X11; Fedora; Linux x86_64; rv:69.0) Gecko/20100101 Firefox/69.0"
127.0.0.1 - - [02/Apr/2020:14:39:21 +0000] "GET /libs/bower/bootstrap-notify/css/bootstrap-notify.css HTTP/1.1" 200 408 "http://localhost:6080/index.html" "Mozilla/5.0 (X11; Fedora; Linux x86_64; rv:69.0) Gecko/20100101 Firefox/69.0"
127.0.0.1 - - [02/Apr/2020:14:39:21 +0000] "GET /libs/other/datepicker/css/datepicker.css HTTP/1.1" 200 6660 "http://localhost:6080/index.html" "Mozilla/5.0 (X11; Fedora; Linux x86_64; rv:69.0) Gecko/20100101 Firefox/69.0"
127.0.0.1 - - [02/Apr/2020:14:39:21 +0000] "GET /libs/bower/tag-it/css/jquery.tagit.css HTTP/1.1" 200 1412 "http://localhost:6080/index.html" "Mozilla/5.0 (X11; Fedora; Linux x86_64; rv:69.0) Gecko/20100101 Firefox/69.0"
127.0.0.1 - - [02/Apr/2020:14:39:21 +0000] "GET /libs/other/visualsearch/css/icons.css HTTP/1.1" 200 562 "http://localhost:6080/index.html" "Mozilla/5.0 (X11; Fedora; Linux x86_64; rv:69.0) Gecko/20100101 Firefox/69.0"
127.0.0.1 - - [02/Apr/2020:14:39:21 +0000] "GET /libs/bower/x-editable/css/bootstrap-editable.css HTTP/1.1" 200 21018 "http://localhost:6080/index.html" "Mozilla/5.0 (X11; Fedora; Linux x86_64; rv:69.0) Gecko/20100101 Firefox/69.0"
127.0.0.1 - - [02/Apr/2020:14:39:21 +0000] "GET /libs/other/visualsearch/css/workspace.css HTTP/1.1" 200 7497 "http://localhost:6080/index.html" "Mozilla/5.0 (X11; Fedora; Linux x86_64; rv:69.0) Gecko/20100101 Firefox/69.0"
127.0.0.1 - - [02/Apr/2020:14:39:21 +0000] "GET /libs/other/bootstrap-datetimepicker/css/bootstrap-datetimepicker.min.css HTTP/1.1" 200 11276 "http://localhost:6080/index.html" "Mozilla/5.0 (X11; Fedora; Linux x86_64; rv:69.0) Gecko/20100101 Firefox/69.0"
127.0.0.1 - - [02/Apr/2020:14:39:21 +0000] "GET /libs/other/jquery-ui/css/jquery-ui.min.css HTTP/1.1" 200 32076 "http://localhost:6080/index.html" "Mozilla/5.0 (X11; Fedora; Linux x86_64; rv:69.0) Gecko/20100101 Firefox/69.0"
127.0.0.1 - - [02/Apr/2020:14:39:21 +0000] "GET /libs/bower/requirejs/js/require.js HTTP/1.1" 200 82626 "http://localhost:6080/index.html" "Mozilla/5.0 (X11; Fedora; Linux x86_64; rv:69.0) Gecko/20100101 Firefox/69.0"
127.0.0.1 - - [02/Apr/2020:14:39:21 +0000] "GET /scripts/Main.min.js?ver=2.0.1-SNAPSHOT HTTP/1.1" 200 2164620 "http://localhost:6080/index.html" "Mozilla/5.0 (X11; Fedora; Linux x86_64; rv:69.0) Gecko/20100101 Firefox/69.0"
127.0.0.1 - - [02/Apr/2020:14:39:21 +0000] "GET /service/plugins/csrfconf HTTP/1.1" 200 222 "http://localhost:6080/index.html" "Mozilla/5.0 (X11; Fedora; Linux x86_64; rv:69.0) Gecko/20100101 Firefox/69.0"
127.0.0.1 - - [02/Apr/2020:14:39:21 +0000] "GET /service/users/profile?_=1585838361281 HTTP/1.1" 200 1453 "http://localhost:6080/index.html" "Mozilla/5.0 (X11; Fedora; Linux x86_64; rv:69.0) Gecko/20100101 Firefox/69.0"
127.0.0.1 - - [02/Apr/2020:14:39:21 +0000] "GET /login.jsp HTTP/1.1" 200 3629 "-" "Mozilla/5.0 (X11; Fedora; Linux x86_64; rv:69.0) Gecko/20100101 Firefox/69.0"
127.0.0.1 - - [02/Apr/2020:14:39:21 +0000] "GET /images/avatar.png HTTP/1.1" 200 761 "http://localhost:6080/index.html" "Mozilla/5.0 (X11; Fedora; Linux x86_64; rv:69.0) Gecko/20100101 Firefox/69.0"
127.0.0.1 - - [02/Apr/2020:14:39:21 +0000] "GET /service/plugins/checksso HTTP/1.1" 200 15 "http://localhost:6080/index.html" "Mozilla/5.0 (X11; Fedora; Linux x86_64; rv:69.0) Gecko/20100101 Firefox/69.0"
127.0.0.1 - - [02/Apr/2020:14:39:21 +0000] "GET /service/plugins/definitions/3?_=1585838361282 HTTP/1.1" 200 9943 "http://localhost:6080/index.html" "Mozilla/5.0 (X11; Fedora; Linux x86_64; rv:69.0) Gecko/20100101 Firefox/69.0"
127.0.0.1 - - [02/Apr/2020:14:39:21 +0000] "GET /libs/bower/select2/select2.png HTTP/1.1" 200 613 "http://localhost:6080/libs/bower/select2/select2.css" "Mozilla/5.0 (X11; Fedora; Linux x86_64; rv:69.0) Gecko/20100101 Firefox/69.0"
127.0.0.1 - - [02/Apr/2020:14:40:00 +0000] "POST /service/plugins/services/validateConfig HTTP/1.1" 200 1243 "http://localhost:6080/index.html" "Mozilla/5.0 (X11; Fedora; Linux x86_64; rv:69.0) Gecko/20100101 Firefox/69.0"
127.0.0.1 - - [02/Apr/2020:15:14:15 +0000] "POST /service/plugins/services/validateConfig HTTP/1.1" 200 1243 "http://localhost:6080/index.html" "Mozilla/5.0 (X11; Fedora; Linux x86_64; rv:69.0) Gecko/20100101 Firefox/69.0"
0:0:0:0:0:0:0:1 - - [02/Apr/2020:16:31:37 +0000] "POST /service/plugins/services/validateConfig HTTP/1.1" 419 46 "http://localhost:6080/index.html" "Mozilla/5.0 (X11; Fedora; Linux x86_64; rv:69.0) Gecko/20100101 Firefox/69.0"
0:0:0:0:0:0:0:1 - - [02/Apr/2020:16:58:08 +0000] "POST /service/plugins/services/validateConfig HTTP/1.1" 419 46 "http://localhost:6080/index.html" "Mozilla/5.0 (X11; Fedora; Linux x86_64; rv:69.0) Gecko/20100101 Firefox/69.0"
0:0:0:0:0:0:0:1 - - [02/Apr/2020:17:07:42 +0000] "POST /service/plugins/services/validateConfig HTTP/1.1" 419 46 "http://localhost:6080/index.html" "Mozilla/5.0 (X11; Fedora; Linux x86_64; rv:69.0) Gecko/20100101 Firefox/69.0"
0:0:0:0:0:0:0:1 - - [02/Apr/2020:17:07:45 +0000] "GET /login.jsp?sessionTimeout=true HTTP/1.1" 200 3629 "http://localhost:6080/index.html" "Mozilla/5.0 (X11; Fedora; Linux x86_64; rv:69.0) Gecko/20100101 Firefox/69.0"
0:0:0:0:0:0:0:1 - - [02/Apr/2020:17:07:45 +0000] "GET /login.jsp HTTP/1.1" 200 3629 "-" "Mozilla/5.0 (X11; Fedora; Linux x86_64; rv:69.0) Gecko/20100101 Firefox/69.0"
0:0:0:0:0:0:0:1 - - [02/Apr/2020:17:07:53 +0000] "GET /login.jsp HTTP/1.1" 200 3629 "http://localhost:6080/login.jsp?sessionTimeout=true" "Mozilla/5.0 (X11; Fedora; Linux x86_64; rv:69.0) Gecko/20100101 Firefox/69.0"
0:0:0:0:0:0:0:1 - - [02/Apr/2020:17:08:01 +0000] "POST /login HTTP/1.1" 200 47 "http://localhost:6080/login.jsp" "Mozilla/5.0 (X11; Fedora; Linux x86_64; rv:69.0) Gecko/20100101 Firefox/69.0"
0:0:0:0:0:0:0:1 - - [02/Apr/2020:17:08:01 +0000] "GET /index.html HTTP/1.1" 200 5593 "http://localhost:6080/login.jsp" "Mozilla/5.0 (X11; Fedora; Linux x86_64; rv:69.0) Gecko/20100101 Firefox/69.0"
0:0:0:0:0:0:0:1 - - [02/Apr/2020:17:08:01 +0000] "GET /favicon.ico HTTP/1.1" 200 6774 "-" "Mozilla/5.0 (X11; Fedora; Linux x86_64; rv:69.0) Gecko/20100101 Firefox/69.0"
0:0:0:0:0:0:0:1 - - [02/Apr/2020:17:08:01 +0000] "GET /libs/other/backgrid/backgrid.css HTTP/1.1" 200 5618 "http://localhost:6080/index.html" "Mozilla/5.0 (X11; Fedora; Linux x86_64; rv:69.0) Gecko/20100101 Firefox/69.0"
0:0:0:0:0:0:0:1 - - [02/Apr/2020:17:08:01 +0000] "GET /libs/bower/backgrid-paginator/css/backgrid-paginator.css HTTP/1.1" 200 1212 "http://localhost:6080/index.html" "Mozilla/5.0 (X11; Fedora; Linux x86_64; rv:69.0) Gecko/20100101 Firefox/69.0"
0:0:0:0:0:0:0:1 - - [02/Apr/2020:17:08:01 +0000] "GET /libs/bower/backgrid-filter/css/backgrid-filter.css HTTP/1.1" 200 3087 "http://localhost:6080/index.html" "Mozilla/5.0 (X11; Fedora; Linux x86_64; rv:69.0) Gecko/20100101 Firefox/69.0"
0:0:0:0:0:0:0:1 - - [02/Apr/2020:17:08:01 +0000] "GET /libs/bower/bootstrap-notify/css/bootstrap-notify.css HTTP/1.1" 200 408 "http://localhost:6080/index.html" "Mozilla/5.0 (X11; Fedora; Linux x86_64; rv:69.0) Gecko/20100101 Firefox/69.0"
0:0:0:0:0:0:0:1 - - [02/Apr/2020:17:08:01 +0000] "GET /libs/other/datepicker/css/datepicker.css HTTP/1.1" 200 6660 "http://localhost:6080/index.html" "Mozilla/5.0 (X11; Fedora; Linux x86_64; rv:69.0) Gecko/20100101 Firefox/69.0"
0:0:0:0:0:0:0:1 - - [02/Apr/2020:17:08:01 +0000] "GET /libs/bower/tag-it/css/jquery.tagit.css HTTP/1.1" 200 1412 "http://localhost:6080/index.html" "Mozilla/5.0 (X11; Fedora; Linux x86_64; rv:69.0) Gecko/20100101 Firefox/69.0"
0:0:0:0:0:0:0:1 - - [02/Apr/2020:17:08:01 +0000] "GET /libs/bower/select2/select2.css HTTP/1.1" 200 17679 "http://localhost:6080/index.html" "Mozilla/5.0 (X11; Fedora; Linux x86_64; rv:69.0) Gecko/20100101 Firefox/69.0"
0:0:0:0:0:0:0:1 - - [02/Apr/2020:17:08:01 +0000] "GET /libs/bower/x-editable/css/bootstrap-editable.css HTTP/1.1" 200 21018 "http://localhost:6080/index.html" "Mozilla/5.0 (X11; Fedora; Linux x86_64; rv:69.0) Gecko/20100101 Firefox/69.0"
0:0:0:0:0:0:0:1 - - [02/Apr/2020:17:08:01 +0000] "GET /libs/other/bootstrap-datetimepicker/css/bootstrap-datetimepicker.min.css HTTP/1.1" 200 11276 "http://localhost:6080/index.html" "Mozilla/5.0 (X11; Fedora; Linux x86_64; rv:69.0) Gecko/20100101 Firefox/69.0"
0:0:0:0:0:0:0:1 - - [02/Apr/2020:17:08:01 +0000] "GET /libs/other/visualsearch/css/icons.css HTTP/1.1" 200 562 "http://localhost:6080/index.html" "Mozilla/5.0 (X11; Fedora; Linux x86_64; rv:69.0) Gecko/20100101 Firefox/69.0"
0:0:0:0:0:0:0:1 - - [02/Apr/2020:17:08:01 +0000] "GET /libs/other/visualsearch/css/workspace.css HTTP/1.1" 200 7497 "http://localhost:6080/index.html" "Mozilla/5.0 (X11; Fedora; Linux x86_64; rv:69.0) Gecko/20100101 Firefox/69.0"
0:0:0:0:0:0:0:1 - - [02/Apr/2020:17:08:01 +0000] "GET /libs/other/jquery-ui/css/jquery-ui.min.css HTTP/1.1" 200 32076 "http://localhost:6080/index.html" "Mozilla/5.0 (X11; Fedora; Linux x86_64; rv:69.0) Gecko/20100101 Firefox/69.0"
0:0:0:0:0:0:0:1 - - [02/Apr/2020:17:08:01 +0000] "GET /libs/bower/requirejs/js/require.js HTTP/1.1" 200 82626 "http://localhost:6080/index.html" "Mozilla/5.0 (X11; Fedora; Linux x86_64; rv:69.0) Gecko/20100101 Firefox/69.0"
0:0:0:0:0:0:0:1 - - [02/Apr/2020:17:08:01 +0000] "GET /scripts/Main.min.js?ver=2.0.1-SNAPSHOT HTTP/1.1" 200 2164620 "http://localhost:6080/index.html" "Mozilla/5.0 (X11; Fedora; Linux x86_64; rv:69.0) Gecko/20100101 Firefox/69.0"
0:0:0:0:0:0:0:1 - - [02/Apr/2020:17:08:01 +0000] "GET /service/plugins/csrfconf HTTP/1.1" 200 222 "http://localhost:6080/index.html" "Mozilla/5.0 (X11; Fedora; Linux x86_64; rv:69.0) Gecko/20100101 Firefox/69.0"
0:0:0:0:0:0:0:1 - - [02/Apr/2020:17:08:01 +0000] "GET /service/users/profile?_=1585847281567 HTTP/1.1" 200 1453 "http://localhost:6080/index.html" "Mozilla/5.0 (X11; Fedora; Linux x86_64; rv:69.0) Gecko/20100101 Firefox/69.0"
0:0:0:0:0:0:0:1 - - [02/Apr/2020:17:08:01 +0000] "GET /images/avatar.png HTTP/1.1" 200 761 "http://localhost:6080/index.html" "Mozilla/5.0 (X11; Fedora; Linux x86_64; rv:69.0) Gecko/20100101 Firefox/69.0"
0:0:0:0:0:0:0:1 - - [02/Apr/2020:17:08:01 +0000] "GET /service/plugins/checksso HTTP/1.1" 200 15 "http://localhost:6080/index.html" "Mozilla/5.0 (X11; Fedora; Linux x86_64; rv:69.0) Gecko/20100101 Firefox/69.0"
0:0:0:0:0:0:0:1 - - [02/Apr/2020:17:08:02 +0000] "GET /service/plugins/definitions?page=0&pageSize=25&startIndex=0&sortBy=serviceTypeId&_=1585847281568 HTTP/1.1" 200 74344 "http://localhost:6080/index.html" "Mozilla/5.0 (X11; Fedora; Linux x86_64; rv:69.0) Gecko/20100101 Firefox/69.0"
0:0:0:0:0:0:0:1 - - [02/Apr/2020:17:08:02 +0000] "GET /service/zones/zones?page=0&pageSize=25&startIndex=0&_=1585847281569 HTTP/1.1" 200 117 "http://localhost:6080/index.html" "Mozilla/5.0 (X11; Fedora; Linux x86_64; rv:69.0) Gecko/20100101 Firefox/69.0"
0:0:0:0:0:0:0:1 - - [02/Apr/2020:17:08:02 +0000] "GET /service/plugins/services?page=0&pageSize=100&total_pages=0&startIndex=0&_=1585847281570 HTTP/1.1" 200 635 "http://localhost:6080/index.html" "Mozilla/5.0 (X11; Fedora; Linux x86_64; rv:69.0) Gecko/20100101 Firefox/69.0"
0:0:0:0:0:0:0:1 - - [02/Apr/2020:17:08:02 +0000] "GET /images/folder-grey.png HTTP/1.1" 200 1372 "http://localhost:6080/index.html" "Mozilla/5.0 (X11; Fedora; Linux x86_64; rv:69.0) Gecko/20100101 Firefox/69.0"
0:0:0:0:0:0:0:1 - - [02/Apr/2020:17:08:02 +0000] "GET /libs/bower/select2/select2.png HTTP/1.1" 200 613 "http://localhost:6080/libs/bower/select2/select2.css" "Mozilla/5.0 (X11; Fedora; Linux x86_64; rv:69.0) Gecko/20100101 Firefox/69.0"
0:0:0:0:0:0:0:1 - - [02/Apr/2020:17:08:13 +0000] "GET /service/plugins/definitions/3?_=1585847281571 HTTP/1.1" 200 9943 "http://localhost:6080/index.html" "Mozilla/5.0 (X11; Fedora; Linux x86_64; rv:69.0) Gecko/20100101 Firefox/69.0"
0:0:0:0:0:0:0:1 - - [02/Apr/2020:17:08:42 +0000] "POST /service/plugins/services/validateConfig HTTP/1.1" 200 1243 "http://localhost:6080/index.html" "Mozilla/5.0 (X11; Fedora; Linux x86_64; rv:69.0) Gecko/20100101 Firefox/69.0"
0:0:0:0:0:0:0:1 - - [02/Apr/2020:17:41:39 +0000] "GET /service/plugins/checksso HTTP/1.1" 200 15 "http://localhost:6080/index.html" "Mozilla/5.0 (X11; Fedora; Linux x86_64; rv:69.0) Gecko/20100101 Firefox/69.0"
0:0:0:0:0:0:0:1 - - [02/Apr/2020:17:41:39 +0000] "GET /logout HTTP/1.1" 200 48 "http://localhost:6080/index.html" "Mozilla/5.0 (X11; Fedora; Linux x86_64; rv:69.0) Gecko/20100101 Firefox/69.0"
0:0:0:0:0:0:0:1 - - [02/Apr/2020:17:41:47 +0000] "GET /service/plugins/checksso HTTP/1.1" 419 46 "http://localhost:6080/index.html" "Mozilla/5.0 (X11; Fedora; Linux x86_64; rv:69.0) Gecko/20100101 Firefox/69.0"
0:0:0:0:0:0:0:1 - - [02/Apr/2020:17:41:49 +0000] "GET /login.jsp HTTP/1.1" 200 3629 "http://localhost:6080/index.html" "Mozilla/5.0 (X11; Fedora; Linux x86_64; rv:69.0) Gecko/20100101 Firefox/69.0"
0:0:0:0:0:0:0:1 - - [02/Apr/2020:17:41:49 +0000] "GET /login.jsp HTTP/1.1" 200 3629 "-" "Mozilla/5.0 (X11; Fedora; Linux x86_64; rv:69.0) Gecko/20100101 Firefox/69.0"
0:0:0:0:0:0:0:1 - - [02/Apr/2020:17:41:55 +0000] "POST /login HTTP/1.1" 200 47 "http://localhost:6080/login.jsp" "Mozilla/5.0 (X11; Fedora; Linux x86_64; rv:69.0) Gecko/20100101 Firefox/69.0"
0:0:0:0:0:0:0:1 - - [02/Apr/2020:17:41:55 +0000] "GET /index.html HTTP/1.1" 200 5593 "http://localhost:6080/login.jsp" "Mozilla/5.0 (X11; Fedora; Linux x86_64; rv:69.0) Gecko/20100101 Firefox/69.0"
0:0:0:0:0:0:0:1 - - [02/Apr/2020:17:41:55 +0000] "GET /favicon.ico HTTP/1.1" 200 6774 "-" "Mozilla/5.0 (X11; Fedora; Linux x86_64; rv:69.0) Gecko/20100101 Firefox/69.0"
0:0:0:0:0:0:0:1 - - [02/Apr/2020:17:41:55 +0000] "GET /libs/bower/backgrid-paginator/css/backgrid-paginator.css HTTP/1.1" 200 1212 "http://localhost:6080/index.html" "Mozilla/5.0 (X11; Fedora; Linux x86_64; rv:69.0) Gecko/20100101 Firefox/69.0"
0:0:0:0:0:0:0:1 - - [02/Apr/2020:17:41:55 +0000] "GET /libs/other/backgrid/backgrid.css HTTP/1.1" 200 5618 "http://localhost:6080/index.html" "Mozilla/5.0 (X11; Fedora; Linux x86_64; rv:69.0) Gecko/20100101 Firefox/69.0"
0:0:0:0:0:0:0:1 - - [02/Apr/2020:17:41:55 +0000] "GET /libs/bower/backgrid-filter/css/backgrid-filter.css HTTP/1.1" 200 3087 "http://localhost:6080/index.html" "Mozilla/5.0 (X11; Fedora; Linux x86_64; rv:69.0) Gecko/20100101 Firefox/69.0"
0:0:0:0:0:0:0:1 - - [02/Apr/2020:17:41:55 +0000] "GET /libs/bower/select2/select2.css HTTP/1.1" 200 17679 "http://localhost:6080/index.html" "Mozilla/5.0 (X11; Fedora; Linux x86_64; rv:69.0) Gecko/20100101 Firefox/69.0"
0:0:0:0:0:0:0:1 - - [02/Apr/2020:17:41:55 +0000] "GET /libs/other/bootstrap-datetimepicker/css/bootstrap-datetimepicker.min.css HTTP/1.1" 200 11276 "http://localhost:6080/index.html" "Mozilla/5.0 (X11; Fedora; Linux x86_64; rv:69.0) Gecko/20100101 Firefox/69.0"
0:0:0:0:0:0:0:1 - - [02/Apr/2020:17:41:55 +0000] "GET /libs/bower/tag-it/css/jquery.tagit.css HTTP/1.1" 200 1412 "http://localhost:6080/index.html" "Mozilla/5.0 (X11; Fedora; Linux x86_64; rv:69.0) Gecko/20100101 Firefox/69.0"
0:0:0:0:0:0:0:1 - - [02/Apr/2020:17:41:55 +0000] "GET /libs/other/datepicker/css/datepicker.css HTTP/1.1" 200 6660 "http://localhost:6080/index.html" "Mozilla/5.0 (X11; Fedora; Linux x86_64; rv:69.0) Gecko/20100101 Firefox/69.0"
0:0:0:0:0:0:0:1 - - [02/Apr/2020:17:41:56 +0000] "GET /libs/bower/bootstrap-notify/css/bootstrap-notify.css HTTP/1.1" 200 408 "http://localhost:6080/index.html" "Mozilla/5.0 (X11; Fedora; Linux x86_64; rv:69.0) Gecko/20100101 Firefox/69.0"
0:0:0:0:0:0:0:1 - - [02/Apr/2020:17:41:56 +0000] "GET /libs/other/jquery-ui/css/jquery-ui.min.css HTTP/1.1" 200 32076 "http://localhost:6080/index.html" "Mozilla/5.0 (X11; Fedora; Linux x86_64; rv:69.0) Gecko/20100101 Firefox/69.0"
0:0:0:0:0:0:0:1 - - [02/Apr/2020:17:41:56 +0000] "GET /libs/bower/x-editable/css/bootstrap-editable.css HTTP/1.1" 200 21018 "http://localhost:6080/index.html" "Mozilla/5.0 (X11; Fedora; Linux x86_64; rv:69.0) Gecko/20100101 Firefox/69.0"
0:0:0:0:0:0:0:1 - - [02/Apr/2020:17:41:56 +0000] "GET /libs/other/visualsearch/css/workspace.css HTTP/1.1" 200 7497 "http://localhost:6080/index.html" "Mozilla/5.0 (X11; Fedora; Linux x86_64; rv:69.0) Gecko/20100101 Firefox/69.0"
0:0:0:0:0:0:0:1 - - [02/Apr/2020:17:41:56 +0000] "GET /libs/other/visualsearch/css/icons.css HTTP/1.1" 200 562 "http://localhost:6080/index.html" "Mozilla/5.0 (X11; Fedora; Linux x86_64; rv:69.0) Gecko/20100101 Firefox/69.0"
0:0:0:0:0:0:0:1 - - [02/Apr/2020:17:41:56 +0000] "GET /styles/app-font.css HTTP/1.1" 200 2482 "http://localhost:6080/index.html" "Mozilla/5.0 (X11; Fedora; Linux x86_64; rv:69.0) Gecko/20100101 Firefox/69.0"
0:0:0:0:0:0:0:1 - - [02/Apr/2020:17:41:56 +0000] "GET /libs/bower/requirejs/js/require.js HTTP/1.1" 200 82626 "http://localhost:6080/index.html" "Mozilla/5.0 (X11; Fedora; Linux x86_64; rv:69.0) Gecko/20100101 Firefox/69.0"
0:0:0:0:0:0:0:1 - - [02/Apr/2020:17:41:56 +0000] "GET /scripts/Main.min.js?ver=2.0.1-SNAPSHOT HTTP/1.1" 200 2164620 "http://localhost:6080/index.html" "Mozilla/5.0 (X11; Fedora; Linux x86_64; rv:69.0) Gecko/20100101 Firefox/69.0"
0:0:0:0:0:0:0:1 - - [02/Apr/2020:17:41:56 +0000] "GET /service/plugins/csrfconf HTTP/1.1" 200 222 "http://localhost:6080/index.html" "Mozilla/5.0 (X11; Fedora; Linux x86_64; rv:69.0) Gecko/20100101 Firefox/69.0"
0:0:0:0:0:0:0:1 - - [02/Apr/2020:17:41:56 +0000] "GET /service/users/profile?_=1585849316115 HTTP/1.1" 200 1453 "http://localhost:6080/index.html" "Mozilla/5.0 (X11; Fedora; Linux x86_64; rv:69.0) Gecko/20100101 Firefox/69.0"
0:0:0:0:0:0:0:1 - - [02/Apr/2020:17:41:56 +0000] "GET /images/avatar.png HTTP/1.1" 200 761 "http://localhost:6080/index.html" "Mozilla/5.0 (X11; Fedora; Linux x86_64; rv:69.0) Gecko/20100101 Firefox/69.0"
0:0:0:0:0:0:0:1 - - [02/Apr/2020:17:41:56 +0000] "GET /service/plugins/checksso HTTP/1.1" 200 15 "http://localhost:6080/index.html" "Mozilla/5.0 (X11; Fedora; Linux x86_64; rv:69.0) Gecko/20100101 Firefox/69.0"
0:0:0:0:0:0:0:1 - - [02/Apr/2020:17:41:56 +0000] "GET /service/plugins/definitions?page=0&pageSize=25&startIndex=0&sortBy=serviceTypeId&_=1585849316116 HTTP/1.1" 200 74344 "http://localhost:6080/index.html" "Mozilla/5.0 (X11; Fedora; Linux x86_64; rv:69.0) Gecko/20100101 Firefox/69.0"
0:0:0:0:0:0:0:1 - - [02/Apr/2020:17:41:56 +0000] "GET /service/zones/zones?page=0&pageSize=25&startIndex=0&_=1585849316117 HTTP/1.1" 200 117 "http://localhost:6080/index.html" "Mozilla/5.0 (X11; Fedora; Linux x86_64; rv:69.0) Gecko/20100101 Firefox/69.0"
0:0:0:0:0:0:0:1 - - [02/Apr/2020:17:41:56 +0000] "GET /service/plugins/services?page=0&pageSize=100&total_pages=0&startIndex=0&_=1585849316118 HTTP/1.1" 200 635 "http://localhost:6080/index.html" "Mozilla/5.0 (X11; Fedora; Linux x86_64; rv:69.0) Gecko/20100101 Firefox/69.0"
0:0:0:0:0:0:0:1 - - [02/Apr/2020:17:41:56 +0000] "GET /images/folder-grey.png HTTP/1.1" 200 1372 "http://localhost:6080/index.html" "Mozilla/5.0 (X11; Fedora; Linux x86_64; rv:69.0) Gecko/20100101 Firefox/69.0"
0:0:0:0:0:0:0:1 - - [02/Apr/2020:17:41:56 +0000] "GET /libs/bower/select2/select2.png HTTP/1.1" 200 613 "http://localhost:6080/libs/bower/select2/select2.css" "Mozilla/5.0 (X11; Fedora; Linux x86_64; rv:69.0) Gecko/20100101 Firefox/69.0"
0:0:0:0:0:0:0:1 - - [02/Apr/2020:17:42:00 +0000] "GET /service/plugins/definitions/3?_=1585849316119 HTTP/1.1" 200 9943 "http://localhost:6080/index.html" "Mozilla/5.0 (X11; Fedora; Linux x86_64; rv:69.0) Gecko/20100101 Firefox/69.0"
0:0:0:0:0:0:0:1 - - [02/Apr/2020:17:42:25 +0000] "POST /service/plugins/services/validateConfig HTTP/1.1" 200 1243 "http://localhost:6080/index.html" "Mozilla/5.0 (X11; Fedora; Linux x86_64; rv:69.0) Gecko/20100101 Firefox/69.0"
0:0:0:0:0:0:0:1 - - [02/Apr/2020:18:16:37 +0000] "GET / HTTP/1.1" 302 - "-" "Mozilla/5.0 (X11; Fedora; Linux x86_64; rv:69.0) Gecko/20100101 Firefox/69.0"
0:0:0:0:0:0:0:1 - - [02/Apr/2020:18:16:37 +0000] "GET /login.jsp HTTP/1.1" 200 3629 "-" "Mozilla/5.0 (X11; Fedora; Linux x86_64; rv:69.0) Gecko/20100101 Firefox/69.0"
0:0:0:0:0:0:0:1 - - [02/Apr/2020:18:16:37 +0000] "GET /images/logo.png HTTP/1.1" 200 4493 "http://localhost:6080/login.jsp" "Mozilla/5.0 (X11; Fedora; Linux x86_64; rv:69.0) Gecko/20100101 Firefox/69.0"
0:0:0:0:0:0:0:1 - - [02/Apr/2020:18:16:37 +0000] "GET /fonts/fontawesome/fontawesome-webfont.woff?v=3.2.1 HTTP/1.1" 200 16384 "http://localhost:6080/styles/bootstrap.min.css" "Mozilla/5.0 (X11; Fedora; Linux x86_64; rv:69.0) Gecko/20100101 Firefox/69.0"
0:0:0:0:0:0:0:1 - - [02/Apr/2020:18:16:37 +0000] "GET /login.jsp HTTP/1.1" 200 3629 "-" "Mozilla/5.0 (X11; Fedora; Linux x86_64; rv:69.0) Gecko/20100101 Firefox/69.0"
0:0:0:0:0:0:0:1 - - [02/Apr/2020:18:16:47 +0000] "POST /login HTTP/1.1" 200 47 "http://localhost:6080/login.jsp" "Mozilla/5.0 (X11; Fedora; Linux x86_64; rv:69.0) Gecko/20100101 Firefox/69.0"
0:0:0:0:0:0:0:1 - - [02/Apr/2020:18:16:47 +0000] "GET /index.html HTTP/1.1" 200 5593 "http://localhost:6080/login.jsp" "Mozilla/5.0 (X11; Fedora; Linux x86_64; rv:69.0) Gecko/20100101 Firefox/69.0"
0:0:0:0:0:0:0:1 - - [02/Apr/2020:18:16:47 +0000] "GET /libs/bower/select2/select2.css HTTP/1.1" 200 17679 "http://localhost:6080/index.html" "Mozilla/5.0 (X11; Fedora; Linux x86_64; rv:69.0) Gecko/20100101 Firefox/69.0"
0:0:0:0:0:0:0:1 - - [02/Apr/2020:18:16:47 +0000] "GET /libs/bower/bootstrap-notify/css/bootstrap-notify.css HTTP/1.1" 200 408 "http://localhost:6080/index.html" "Mozilla/5.0 (X11; Fedora; Linux x86_64; rv:69.0) Gecko/20100101 Firefox/69.0"
0:0:0:0:0:0:0:1 - - [02/Apr/2020:18:16:47 +0000] "GET /libs/bower/tag-it/css/jquery.tagit.css HTTP/1.1" 200 1412 "http://localhost:6080/index.html" "Mozilla/5.0 (X11; Fedora; Linux x86_64; rv:69.0) Gecko/20100101 Firefox/69.0"
0:0:0:0:0:0:0:1 - - [02/Apr/2020:18:16:47 +0000] "GET /libs/bower/backgrid-filter/css/backgrid-filter.css HTTP/1.1" 200 3087 "http://localhost:6080/index.html" "Mozilla/5.0 (X11; Fedora; Linux x86_64; rv:69.0) Gecko/20100101 Firefox/69.0"
0:0:0:0:0:0:0:1 - - [02/Apr/2020:18:16:47 +0000] "GET /libs/other/backgrid/backgrid.css HTTP/1.1" 200 5618 "http://localhost:6080/index.html" "Mozilla/5.0 (X11; Fedora; Linux x86_64; rv:69.0) Gecko/20100101 Firefox/69.0"
0:0:0:0:0:0:0:1 - - [02/Apr/2020:18:16:47 +0000] "GET /libs/bower/backgrid-paginator/css/backgrid-paginator.css HTTP/1.1" 200 1212 "http://localhost:6080/index.html" "Mozilla/5.0 (X11; Fedora; Linux x86_64; rv:69.0) Gecko/20100101 Firefox/69.0"
0:0:0:0:0:0:0:1 - - [02/Apr/2020:18:16:47 +0000] "GET /libs/other/visualsearch/css/icons.css HTTP/1.1" 200 562 "http://localhost:6080/index.html" "Mozilla/5.0 (X11; Fedora; Linux x86_64; rv:69.0) Gecko/20100101 Firefox/69.0"
0:0:0:0:0:0:0:1 - - [02/Apr/2020:18:16:47 +0000] "GET /libs/other/datepicker/css/datepicker.css HTTP/1.1" 200 6660 "http://localhost:6080/index.html" "Mozilla/5.0 (X11; Fedora; Linux x86_64; rv:69.0) Gecko/20100101 Firefox/69.0"
0:0:0:0:0:0:0:1 - - [02/Apr/2020:18:16:47 +0000] "GET /libs/bower/x-editable/css/bootstrap-editable.css HTTP/1.1" 200 21018 "http://localhost:6080/index.html" "Mozilla/5.0 (X11; Fedora; Linux x86_64; rv:69.0) Gecko/20100101 Firefox/69.0"
0:0:0:0:0:0:0:1 - - [02/Apr/2020:18:16:47 +0000] "GET /libs/other/jquery-ui/css/jquery-ui.min.css HTTP/1.1" 200 32076 "http://localhost:6080/index.html" "Mozilla/5.0 (X11; Fedora; Linux x86_64; rv:69.0) Gecko/20100101 Firefox/69.0"
0:0:0:0:0:0:0:1 - - [02/Apr/2020:18:16:47 +0000] "GET /libs/other/visualsearch/css/workspace.css HTTP/1.1" 200 7497 "http://localhost:6080/index.html" "Mozilla/5.0 (X11; Fedora; Linux x86_64; rv:69.0) Gecko/20100101 Firefox/69.0"
0:0:0:0:0:0:0:1 - - [02/Apr/2020:18:16:47 +0000] "GET /libs/bower/requirejs/js/require.js HTTP/1.1" 200 82626 "http://localhost:6080/index.html" "Mozilla/5.0 (X11; Fedora; Linux x86_64; rv:69.0) Gecko/20100101 Firefox/69.0"
0:0:0:0:0:0:0:1 - - [02/Apr/2020:18:16:47 +0000] "GET /libs/other/bootstrap-datetimepicker/css/bootstrap-datetimepicker.min.css HTTP/1.1" 200 11276 "http://localhost:6080/index.html" "Mozilla/5.0 (X11; Fedora; Linux x86_64; rv:69.0) Gecko/20100101 Firefox/69.0"
0:0:0:0:0:0:0:1 - - [02/Apr/2020:18:16:47 +0000] "GET /scripts/Main.min.js?ver=2.0.1-SNAPSHOT HTTP/1.1" 200 2164620 "http://localhost:6080/index.html" "Mozilla/5.0 (X11; Fedora; Linux x86_64; rv:69.0) Gecko/20100101 Firefox/69.0"
0:0:0:0:0:0:0:1 - - [02/Apr/2020:18:16:48 +0000] "GET /service/plugins/csrfconf HTTP/1.1" 200 222 "http://localhost:6080/index.html" "Mozilla/5.0 (X11; Fedora; Linux x86_64; rv:69.0) Gecko/20100101 Firefox/69.0"
0:0:0:0:0:0:0:1 - - [02/Apr/2020:18:16:48 +0000] "GET /service/users/profile?_=1585851407807 HTTP/1.1" 200 1453 "http://localhost:6080/index.html" "Mozilla/5.0 (X11; Fedora; Linux x86_64; rv:69.0) Gecko/20100101 Firefox/69.0"
0:0:0:0:0:0:0:1 - - [02/Apr/2020:18:16:48 +0000] "GET /images/avatar.png HTTP/1.1" 200 761 "http://localhost:6080/index.html" "Mozilla/5.0 (X11; Fedora; Linux x86_64; rv:69.0) Gecko/20100101 Firefox/69.0"
0:0:0:0:0:0:0:1 - - [02/Apr/2020:18:16:48 +0000] "GET /service/plugins/checksso HTTP/1.1" 200 15 "http://localhost:6080/index.html" "Mozilla/5.0 (X11; Fedora; Linux x86_64; rv:69.0) Gecko/20100101 Firefox/69.0"
0:0:0:0:0:0:0:1 - - [02/Apr/2020:18:16:48 +0000] "GET /service/plugins/definitions?page=0&pageSize=25&startIndex=0&sortBy=serviceTypeId&_=1585851407808 HTTP/1.1" 200 74344 "http://localhost:6080/index.html" "Mozilla/5.0 (X11; Fedora; Linux x86_64; rv:69.0) Gecko/20100101 Firefox/69.0"
0:0:0:0:0:0:0:1 - - [02/Apr/2020:18:16:48 +0000] "GET /service/zones/zones?page=0&pageSize=25&startIndex=0&_=1585851407809 HTTP/1.1" 200 117 "http://localhost:6080/index.html" "Mozilla/5.0 (X11; Fedora; Linux x86_64; rv:69.0) Gecko/20100101 Firefox/69.0"
0:0:0:0:0:0:0:1 - - [02/Apr/2020:18:16:48 +0000] "GET /service/plugins/services?page=0&pageSize=100&total_pages=0&startIndex=0&_=1585851407810 HTTP/1.1" 200 635 "http://localhost:6080/index.html" "Mozilla/5.0 (X11; Fedora; Linux x86_64; rv:69.0) Gecko/20100101 Firefox/69.0"
0:0:0:0:0:0:0:1 - - [02/Apr/2020:18:16:48 +0000] "GET /images/folder-grey.png HTTP/1.1" 200 1372 "http://localhost:6080/index.html" "Mozilla/5.0 (X11; Fedora; Linux x86_64; rv:69.0) Gecko/20100101 Firefox/69.0"
0:0:0:0:0:0:0:1 - - [02/Apr/2020:18:16:48 +0000] "GET /libs/bower/select2/select2.png HTTP/1.1" 200 613 "http://localhost:6080/libs/bower/select2/select2.css" "Mozilla/5.0 (X11; Fedora; Linux x86_64; rv:69.0) Gecko/20100101 Firefox/69.0"
0:0:0:0:0:0:0:1 - - [02/Apr/2020:18:16:52 +0000] "GET /service/plugins/services/5?_=1585851407811 HTTP/1.1" 200 494 "http://localhost:6080/index.html" "Mozilla/5.0 (X11; Fedora; Linux x86_64; rv:69.0) Gecko/20100101 Firefox/69.0"
0:0:0:0:0:0:0:1 - - [02/Apr/2020:18:16:52 +0000] "GET /service/plugins/definitions/name/hive?_=1585851407812 HTTP/1.1" 200 9943 "http://localhost:6080/index.html" "Mozilla/5.0 (X11; Fedora; Linux x86_64; rv:69.0) Gecko/20100101 Firefox/69.0"
0:0:0:0:0:0:0:1 - - [02/Apr/2020:18:16:52 +0000] "GET /libs/other/visualsearch/images/embed/icons/search_glyph.png HTTP/1.1" 200 420 "http://localhost:6080/libs/other/visualsearch/css/icons.css" "Mozilla/5.0 (X11; Fedora; Linux x86_64; rv:69.0) Gecko/20100101 Firefox/69.0"
0:0:0:0:0:0:0:1 - - [02/Apr/2020:18:16:52 +0000] "GET /libs/other/visualsearch/images/embed/icons/cancel_search.png HTTP/1.1" 200 541 "http://localhost:6080/libs/other/visualsearch/css/icons.css" "Mozilla/5.0 (X11; Fedora; Linux x86_64; rv:69.0) Gecko/20100101 Firefox/69.0"
0:0:0:0:0:0:0:1 - - [02/Apr/2020:18:16:52 +0000] "GET /images/loading.gif HTTP/1.1" 200 1849 "http://localhost:6080/styles/xa.css" "Mozilla/5.0 (X11; Fedora; Linux x86_64; rv:69.0) Gecko/20100101 Firefox/69.0"
0:0:0:0:0:0:0:1 - - [02/Apr/2020:18:16:52 +0000] "GET /service/plugins/policies/service/5?page=0&pageSize=25&startIndex=0&policyType=0&_=1585851407813 HTTP/1.1" 200 4910 "http://localhost:6080/index.html" "Mozilla/5.0 (X11; Fedora; Linux x86_64; rv:69.0) Gecko/20100101 Firefox/69.0"
0:0:0:0:0:0:0:1 - - [02/Apr/2020:18:16:57 +0000] "GET /service/plugins/services/5?_=1585851407814 HTTP/1.1" 200 494 "http://localhost:6080/index.html" "Mozilla/5.0 (X11; Fedora; Linux x86_64; rv:69.0) Gecko/20100101 Firefox/69.0"
0:0:0:0:0:0:0:1 - - [02/Apr/2020:18:16:57 +0000] "GET /service/plugins/policies/18?_=1585851407815 HTTP/1.1" 200 1344 "http://localhost:6080/index.html" "Mozilla/5.0 (X11; Fedora; Linux x86_64; rv:69.0) Gecko/20100101 Firefox/69.0"
0:0:0:0:0:0:0:1 - - [02/Apr/2020:18:16:57 +0000] "GET /service/plugins/definitions/name/hive?_=1585851407816 HTTP/1.1" 200 9943 "http://localhost:6080/index.html" "Mozilla/5.0 (X11; Fedora; Linux x86_64; rv:69.0) Gecko/20100101 Firefox/69.0"
0:0:0:0:0:0:0:1 - - [02/Apr/2020:18:17:16 +0000] "GET /fonts/fontopensans/open-sans-700i.woff HTTP/1.1" 200 21184 "http://localhost:6080/styles/app-font.css" "Mozilla/5.0 (X11; Fedora; Linux x86_64; rv:69.0) Gecko/20100101 Firefox/69.0"
0:0:0:0:0:0:0:1 - - [02/Apr/2020:18:17:31 +0000] "GET /images/blockLoading.gif HTTP/1.1" 200 3209 "http://localhost:6080/index.html" "Mozilla/5.0 (X11; Fedora; Linux x86_64; rv:69.0) Gecko/20100101 Firefox/69.0"
0:0:0:0:0:0:0:1 - - [02/Apr/2020:18:17:31 +0000] "GET /images/blank.gif HTTP/1.1" 200 43 "http://localhost:6080/index.html" "Mozilla/5.0 (X11; Fedora; Linux x86_64; rv:69.0) Gecko/20100101 Firefox/69.0"
0:0:0:0:0:0:0:1 - - [02/Apr/2020:18:17:31 +0000] "PUT /service/plugins/policies/18 HTTP/1.1" 200 886 "http://localhost:6080/index.html" "Mozilla/5.0 (X11; Fedora; Linux x86_64; rv:69.0) Gecko/20100101 Firefox/69.0"
0:0:0:0:0:0:0:1 - - [02/Apr/2020:18:17:32 +0000] "GET /service/plugins/services/5?_=1585851407817 HTTP/1.1" 200 494 "http://localhost:6080/index.html" "Mozilla/5.0 (X11; Fedora; Linux x86_64; rv:69.0) Gecko/20100101 Firefox/69.0"
0:0:0:0:0:0:0:1 - - [02/Apr/2020:18:17:32 +0000] "GET /service/plugins/definitions/name/hive?_=1585851407818 HTTP/1.1" 200 9943 "http://localhost:6080/index.html" "Mozilla/5.0 (X11; Fedora; Linux x86_64; rv:69.0) Gecko/20100101 Firefox/69.0"
0:0:0:0:0:0:0:1 - - [02/Apr/2020:18:17:32 +0000] "GET /service/plugins/policies/service/5?page=0&pageSize=25&startIndex=0&policyType=0&_=1585851407819 HTTP/1.1" 200 4449 "http://localhost:6080/index.html" "Mozilla/5.0 (X11; Fedora; Linux x86_64; rv:69.0) Gecko/20100101 Firefox/69.0"
0:0:0:0:0:0:0:1 - - [02/Apr/2020:18:17:34 +0000] "GET /service/plugins/services/5?_=1585851407820 HTTP/1.1" 200 494 "http://localhost:6080/index.html" "Mozilla/5.0 (X11; Fedora; Linux x86_64; rv:69.0) Gecko/20100101 Firefox/69.0"
0:0:0:0:0:0:0:1 - - [02/Apr/2020:18:17:34 +0000] "GET /service/plugins/policies/19?_=1585851407821 HTTP/1.1" 200 1494 "http://localhost:6080/index.html" "Mozilla/5.0 (X11; Fedora; Linux x86_64; rv:69.0) Gecko/20100101 Firefox/69.0"
0:0:0:0:0:0:0:1 - - [02/Apr/2020:18:17:34 +0000] "GET /service/plugins/definitions/name/hive?_=1585851407822 HTTP/1.1" 200 9943 "http://localhost:6080/index.html" "Mozilla/5.0 (X11; Fedora; Linux x86_64; rv:69.0) Gecko/20100101 Firefox/69.0"
0:0:0:0:0:0:0:1 - - [02/Apr/2020:18:17:46 +0000] "PUT /service/plugins/policies/19 HTTP/1.1" 200 1036 "http://localhost:6080/index.html" "Mozilla/5.0 (X11; Fedora; Linux x86_64; rv:69.0) Gecko/20100101 Firefox/69.0"
0:0:0:0:0:0:0:1 - - [02/Apr/2020:18:17:46 +0000] "GET /service/plugins/services/5?_=1585851407823 HTTP/1.1" 200 494 "http://localhost:6080/index.html" "Mozilla/5.0 (X11; Fedora; Linux x86_64; rv:69.0) Gecko/20100101 Firefox/69.0"
0:0:0:0:0:0:0:1 - - [02/Apr/2020:18:17:46 +0000] "GET /service/plugins/definitions/name/hive?_=1585851407824 HTTP/1.1" 200 9943 "http://localhost:6080/index.html" "Mozilla/5.0 (X11; Fedora; Linux x86_64; rv:69.0) Gecko/20100101 Firefox/69.0"
0:0:0:0:0:0:0:1 - - [02/Apr/2020:18:17:47 +0000] "GET /service/plugins/policies/service/5?page=0&pageSize=25&startIndex=0&policyType=0&_=1585851407825 HTTP/1.1" 200 3987 "http://localhost:6080/index.html" "Mozilla/5.0 (X11; Fedora; Linux x86_64; rv:69.0) Gecko/20100101 Firefox/69.0"
0:0:0:0:0:0:0:1 - - [02/Apr/2020:18:17:48 +0000] "GET /service/plugins/services/5?_=1585851407826 HTTP/1.1" 200 494 "http://localhost:6080/index.html" "Mozilla/5.0 (X11; Fedora; Linux x86_64; rv:69.0) Gecko/20100101 Firefox/69.0"
0:0:0:0:0:0:0:1 - - [02/Apr/2020:18:17:48 +0000] "GET /service/plugins/policies/20?_=1585851407827 HTTP/1.1" 200 1407 "http://localhost:6080/index.html" "Mozilla/5.0 (X11; Fedora; Linux x86_64; rv:69.0) Gecko/20100101 Firefox/69.0"
0:0:0:0:0:0:0:1 - - [02/Apr/2020:18:17:48 +0000] "GET /service/plugins/definitions/name/hive?_=1585851407828 HTTP/1.1" 200 9943 "http://localhost:6080/index.html" "Mozilla/5.0 (X11; Fedora; Linux x86_64; rv:69.0) Gecko/20100101 Firefox/69.0"
0:0:0:0:0:0:0:1 - - [02/Apr/2020:18:18:02 +0000] "PUT /service/plugins/policies/20 HTTP/1.1" 200 949 "http://localhost:6080/index.html" "Mozilla/5.0 (X11; Fedora; Linux x86_64; rv:69.0) Gecko/20100101 Firefox/69.0"
0:0:0:0:0:0:0:1 - - [02/Apr/2020:18:18:02 +0000] "GET /service/plugins/services/5?_=1585851407829 HTTP/1.1" 200 494 "http://localhost:6080/index.html" "Mozilla/5.0 (X11; Fedora; Linux x86_64; rv:69.0) Gecko/20100101 Firefox/69.0"
0:0:0:0:0:0:0:1 - - [02/Apr/2020:18:18:02 +0000] "GET /service/plugins/definitions/name/hive?_=1585851407830 HTTP/1.1" 200 9943 "http://localhost:6080/index.html" "Mozilla/5.0 (X11; Fedora; Linux x86_64; rv:69.0) Gecko/20100101 Firefox/69.0"
0:0:0:0:0:0:0:1 - - [02/Apr/2020:18:18:02 +0000] "GET /service/plugins/policies/service/5?page=0&pageSize=25&startIndex=0&policyType=0&_=1585851407831 HTTP/1.1" 200 3526 "http://localhost:6080/index.html" "Mozilla/5.0 (X11; Fedora; Linux x86_64; rv:69.0) Gecko/20100101 Firefox/69.0"
0:0:0:0:0:0:0:1 - - [02/Apr/2020:18:18:04 +0000] "GET /service/plugins/services/5?_=1585851407832 HTTP/1.1" 200 494 "http://localhost:6080/index.html" "Mozilla/5.0 (X11; Fedora; Linux x86_64; rv:69.0) Gecko/20100101 Firefox/69.0"
0:0:0:0:0:0:0:1 - - [02/Apr/2020:18:18:04 +0000] "GET /service/plugins/policies/21?_=1585851407833 HTTP/1.1" 200 1319 "http://localhost:6080/index.html" "Mozilla/5.0 (X11; Fedora; Linux x86_64; rv:69.0) Gecko/20100101 Firefox/69.0"
0:0:0:0:0:0:0:1 - - [02/Apr/2020:18:18:04 +0000] "GET /service/plugins/definitions/name/hive?_=1585851407834 HTTP/1.1" 200 9943 "http://localhost:6080/index.html" "Mozilla/5.0 (X11; Fedora; Linux x86_64; rv:69.0) Gecko/20100101 Firefox/69.0"
0:0:0:0:0:0:0:1 - - [02/Apr/2020:18:18:16 +0000] "PUT /service/plugins/policies/21 HTTP/1.1" 200 861 "http://localhost:6080/index.html" "Mozilla/5.0 (X11; Fedora; Linux x86_64; rv:69.0) Gecko/20100101 Firefox/69.0"
0:0:0:0:0:0:0:1 - - [02/Apr/2020:18:18:16 +0000] "GET /service/plugins/services/5?_=1585851407835 HTTP/1.1" 200 494 "http://localhost:6080/index.html" "Mozilla/5.0 (X11; Fedora; Linux x86_64; rv:69.0) Gecko/20100101 Firefox/69.0"
0:0:0:0:0:0:0:1 - - [02/Apr/2020:18:18:16 +0000] "GET /service/plugins/definitions/name/hive?_=1585851407836 HTTP/1.1" 200 9943 "http://localhost:6080/index.html" "Mozilla/5.0 (X11; Fedora; Linux x86_64; rv:69.0) Gecko/20100101 Firefox/69.0"
0:0:0:0:0:0:0:1 - - [02/Apr/2020:18:18:16 +0000] "GET /service/plugins/policies/service/5?page=0&pageSize=25&startIndex=0&policyType=0&_=1585851407837 HTTP/1.1" 200 3065 "http://localhost:6080/index.html" "Mozilla/5.0 (X11; Fedora; Linux x86_64; rv:69.0) Gecko/20100101 Firefox/69.0"
0:0:0:0:0:0:0:1 - - [02/Apr/2020:18:19:34 +0000] "GET /service/plugins/definitions?page=0&pageSize=25&startIndex=0&sortBy=serviceTypeId&_=1585851407838 HTTP/1.1" 200 74344 "http://localhost:6080/index.html" "Mozilla/5.0 (X11; Fedora; Linux x86_64; rv:69.0) Gecko/20100101 Firefox/69.0"
0:0:0:0:0:0:0:1 - - [02/Apr/2020:18:19:34 +0000] "GET /service/zones/zones?page=0&pageSize=25&startIndex=0&_=1585851407839 HTTP/1.1" 200 117 "http://localhost:6080/index.html" "Mozilla/5.0 (X11; Fedora; Linux x86_64; rv:69.0) Gecko/20100101 Firefox/69.0"
0:0:0:0:0:0:0:1 - - [02/Apr/2020:18:19:34 +0000] "GET /service/plugins/services?page=0&pageSize=100&total_pages=0&startIndex=0&_=1585851407840 HTTP/1.1" 200 635 "http://localhost:6080/index.html" "Mozilla/5.0 (X11; Fedora; Linux x86_64; rv:69.0) Gecko/20100101 Firefox/69.0"
0:0:0:0:0:0:0:1 - - [02/Apr/2020:18:19:34 +0000] "GET /images/folder-grey.png HTTP/1.1" 200 1372 "http://localhost:6080/index.html" "Mozilla/5.0 (X11; Fedora; Linux x86_64; rv:69.0) Gecko/20100101 Firefox/69.0"
0:0:0:0:0:0:0:1 - - [02/Apr/2020:18:19:37 +0000] "GET /service/plugins/definitions/3?_=1585851407841 HTTP/1.1" 200 9943 "http://localhost:6080/index.html" "Mozilla/5.0 (X11; Fedora; Linux x86_64; rv:69.0) Gecko/20100101 Firefox/69.0"
0:0:0:0:0:0:0:1 - - [02/Apr/2020:18:20:07 +0000] "POST /service/plugins/services/validateConfig HTTP/1.1" 200 1273 "http://localhost:6080/index.html" "Mozilla/5.0 (X11; Fedora; Linux x86_64; rv:69.0) Gecko/20100101 Firefox/69.0"
0:0:0:0:0:0:0:1 - - [02/Apr/2020:18:20:47 +0000] "GET /login.jsp HTTP/1.1" 200 3629 "-" "Mozilla/5.0 (X11; Fedora; Linux x86_64; rv:69.0) Gecko/20100101 Firefox/69.0"
0:0:0:0:0:0:0:1 - - [02/Apr/2020:18:20:47 +0000] "GET /styles/bootstrap.min.css HTTP/1.1" 200 147842 "http://localhost:6080/login.jsp" "Mozilla/5.0 (X11; Fedora; Linux x86_64; rv:69.0) Gecko/20100101 Firefox/69.0"
0:0:0:0:0:0:0:1 - - [02/Apr/2020:18:20:47 +0000] "GET /styles/xa.css HTTP/1.1" 200 55980 "http://localhost:6080/login.jsp" "Mozilla/5.0 (X11; Fedora; Linux x86_64; rv:69.0) Gecko/20100101 Firefox/69.0"
0:0:0:0:0:0:0:1 - - [02/Apr/2020:18:20:47 +0000] "GET /scripts/prelogin/XAPrelogin.js HTTP/1.1" 200 3580 "http://localhost:6080/login.jsp" "Mozilla/5.0 (X11; Fedora; Linux x86_64; rv:69.0) Gecko/20100101 Firefox/69.0"
0:0:0:0:0:0:0:1 - - [02/Apr/2020:18:20:47 +0000] "GET /libs/bower/jquery/js/jquery-3.4.1.js HTTP/1.1" 200 350121 "http://localhost:6080/login.jsp" "Mozilla/5.0 (X11; Fedora; Linux x86_64; rv:69.0) Gecko/20100101 Firefox/69.0"
0:0:0:0:0:0:0:1 - - [02/Apr/2020:18:20:47 +0000] "GET /images/logo.png HTTP/1.1" 200 4493 "http://localhost:6080/login.jsp" "Mozilla/5.0 (X11; Fedora; Linux x86_64; rv:69.0) Gecko/20100101 Firefox/69.0"
0:0:0:0:0:0:0:1 - - [02/Apr/2020:18:20:47 +0000] "GET /fonts/fontawesome/fontawesome-webfont.woff?v=3.2.1 HTTP/1.1" 200 43572 "http://localhost:6080/styles/bootstrap.min.css" "Mozilla/5.0 (X11; Fedora; Linux x86_64; rv:69.0) Gecko/20100101 Firefox/69.0"
0:0:0:0:0:0:0:1 - - [02/Apr/2020:18:20:47 +0000] "GET /images/favicon.ico HTTP/1.1" 302 - "-" "Mozilla/5.0 (X11; Fedora; Linux x86_64; rv:69.0) Gecko/20100101 Firefox/69.0"
0:0:0:0:0:0:0:1 - - [02/Apr/2020:18:20:47 +0000] "GET /login.jsp HTTP/1.1" 200 3629 "-" "Mozilla/5.0 (X11; Fedora; Linux x86_64; rv:69.0) Gecko/20100101 Firefox/69.0"
0:0:0:0:0:0:0:1 - - [02/Apr/2020:18:32:07 +0000] "POST /service/plugins/services/validateConfig HTTP/1.1" 200 1273 "http://localhost:6080/index.html" "Mozilla/5.0 (X11; Fedora; Linux x86_64; rv:69.0) Gecko/20100101 Firefox/69.0"
0:0:0:0:0:0:0:1 - - [02/Apr/2020:21:43:33 +0000] "GET /index.html HTTP/1.1" 302 - "-" "Mozilla/5.0 (X11; Fedora; Linux x86_64; rv:69.0) Gecko/20100101 Firefox/69.0"
0:0:0:0:0:0:0:1 - - [02/Apr/2020:21:43:33 +0000] "GET /login.jsp HTTP/1.1" 200 3629 "-" "Mozilla/5.0 (X11; Fedora; Linux x86_64; rv:69.0) Gecko/20100101 Firefox/69.0"
0:0:0:0:0:0:0:1 - - [02/Apr/2020:21:43:33 +0000] "GET /styles/bootstrap.min.css HTTP/1.1" 304 - "http://localhost:6080/login.jsp" "Mozilla/5.0 (X11; Fedora; Linux x86_64; rv:69.0) Gecko/20100101 Firefox/69.0"
0:0:0:0:0:0:0:1 - - [02/Apr/2020:21:43:33 +0000] "GET /styles/xa.css HTTP/1.1" 304 - "http://localhost:6080/login.jsp" "Mozilla/5.0 (X11; Fedora; Linux x86_64; rv:69.0) Gecko/20100101 Firefox/69.0"
0:0:0:0:0:0:0:1 - - [02/Apr/2020:21:43:33 +0000] "GET /libs/bower/jquery/js/jquery-3.4.1.js HTTP/1.1" 304 - "http://localhost:6080/login.jsp" "Mozilla/5.0 (X11; Fedora; Linux x86_64; rv:69.0) Gecko/20100101 Firefox/69.0"
0:0:0:0:0:0:0:1 - - [02/Apr/2020:21:43:33 +0000] "GET /scripts/prelogin/XAPrelogin.js HTTP/1.1" 304 - "http://localhost:6080/login.jsp" "Mozilla/5.0 (X11; Fedora; Linux x86_64; rv:69.0) Gecko/20100101 Firefox/69.0"
0:0:0:0:0:0:0:1 - - [02/Apr/2020:21:43:33 +0000] "GET /images/logo.png HTTP/1.1" 200 4493 "http://localhost:6080/login.jsp" "Mozilla/5.0 (X11; Fedora; Linux x86_64; rv:69.0) Gecko/20100101 Firefox/69.0"
0:0:0:0:0:0:0:1 - - [02/Apr/2020:21:43:33 +0000] "GET /login.jsp HTTP/1.1" 200 3629 "-" "Mozilla/5.0 (X11; Fedora; Linux x86_64; rv:69.0) Gecko/20100101 Firefox/69.0"
0:0:0:0:0:0:0:1 - - [02/Apr/2020:21:43:38 +0000] "POST /login HTTP/1.1" 401 81 "http://localhost:6080/login.jsp" "Mozilla/5.0 (X11; Fedora; Linux x86_64; rv:69.0) Gecko/20100101 Firefox/69.0"
0:0:0:0:0:0:0:1 - - [02/Apr/2020:21:43:45 +0000] "POST /login HTTP/1.1" 200 47 "http://localhost:6080/login.jsp" "Mozilla/5.0 (X11; Fedora; Linux x86_64; rv:69.0) Gecko/20100101 Firefox/69.0"
0:0:0:0:0:0:0:1 - - [02/Apr/2020:21:43:45 +0000] "GET /index.html HTTP/1.1" 200 5593 "http://localhost:6080/login.jsp" "Mozilla/5.0 (X11; Fedora; Linux x86_64; rv:69.0) Gecko/20100101 Firefox/69.0"
0:0:0:0:0:0:0:1 - - [02/Apr/2020:21:43:45 +0000] "GET /libs/bower/backgrid-paginator/css/backgrid-paginator.css HTTP/1.1" 200 1212 "http://localhost:6080/index.html" "Mozilla/5.0 (X11; Fedora; Linux x86_64; rv:69.0) Gecko/20100101 Firefox/69.0"
0:0:0:0:0:0:0:1 - - [02/Apr/2020:21:43:45 +0000] "GET /libs/bower/backgrid-filter/css/backgrid-filter.css HTTP/1.1" 200 3087 "http://localhost:6080/index.html" "Mozilla/5.0 (X11; Fedora; Linux x86_64; rv:69.0) Gecko/20100101 Firefox/69.0"
0:0:0:0:0:0:0:1 - - [02/Apr/2020:21:43:45 +0000] "GET /libs/bower/tag-it/css/jquery.tagit.css HTTP/1.1" 200 1412 "http://localhost:6080/index.html" "Mozilla/5.0 (X11; Fedora; Linux x86_64; rv:69.0) Gecko/20100101 Firefox/69.0"
0:0:0:0:0:0:0:1 - - [02/Apr/2020:21:43:45 +0000] "GET /libs/other/datepicker/css/datepicker.css HTTP/1.1" 200 6660 "http://localhost:6080/index.html" "Mozilla/5.0 (X11; Fedora; Linux x86_64; rv:69.0) Gecko/20100101 Firefox/69.0"
0:0:0:0:0:0:0:1 - - [02/Apr/2020:21:43:45 +0000] "GET /libs/bower/bootstrap-notify/css/bootstrap-notify.css HTTP/1.1" 200 408 "http://localhost:6080/index.html" "Mozilla/5.0 (X11; Fedora; Linux x86_64; rv:69.0) Gecko/20100101 Firefox/69.0"
0:0:0:0:0:0:0:1 - - [02/Apr/2020:21:43:45 +0000] "GET /libs/bower/x-editable/css/bootstrap-editable.css HTTP/1.1" 200 21018 "http://localhost:6080/index.html" "Mozilla/5.0 (X11; Fedora; Linux x86_64; rv:69.0) Gecko/20100101 Firefox/69.0"
0:0:0:0:0:0:0:1 - - [02/Apr/2020:21:43:45 +0000] "GET /libs/bower/select2/select2.css HTTP/1.1" 200 17679 "http://localhost:6080/index.html" "Mozilla/5.0 (X11; Fedora; Linux x86_64; rv:69.0) Gecko/20100101 Firefox/69.0"
0:0:0:0:0:0:0:1 - - [02/Apr/2020:21:43:45 +0000] "GET /libs/other/bootstrap-datetimepicker/css/bootstrap-datetimepicker.min.css HTTP/1.1" 200 11276 "http://localhost:6080/index.html" "Mozilla/5.0 (X11; Fedora; Linux x86_64; rv:69.0) Gecko/20100101 Firefox/69.0"
0:0:0:0:0:0:0:1 - - [02/Apr/2020:21:43:45 +0000] "GET /libs/other/visualsearch/css/workspace.css HTTP/1.1" 200 7497 "http://localhost:6080/index.html" "Mozilla/5.0 (X11; Fedora; Linux x86_64; rv:69.0) Gecko/20100101 Firefox/69.0"
0:0:0:0:0:0:0:1 - - [02/Apr/2020:21:43:45 +0000] "GET /libs/other/visualsearch/css/icons.css HTTP/1.1" 200 562 "http://localhost:6080/index.html" "Mozilla/5.0 (X11; Fedora; Linux x86_64; rv:69.0) Gecko/20100101 Firefox/69.0"
0:0:0:0:0:0:0:1 - - [02/Apr/2020:21:43:45 +0000] "GET /libs/bower/requirejs/js/require.js HTTP/1.1" 200 82626 "http://localhost:6080/index.html" "Mozilla/5.0 (X11; Fedora; Linux x86_64; rv:69.0) Gecko/20100101 Firefox/69.0"
0:0:0:0:0:0:0:1 - - [02/Apr/2020:21:43:45 +0000] "GET /libs/other/jquery-ui/css/jquery-ui.min.css HTTP/1.1" 200 32076 "http://localhost:6080/index.html" "Mozilla/5.0 (X11; Fedora; Linux x86_64; rv:69.0) Gecko/20100101 Firefox/69.0"
0:0:0:0:0:0:0:1 - - [02/Apr/2020:21:43:45 +0000] "GET /libs/other/backgrid/backgrid.css HTTP/1.1" 200 5618 "http://localhost:6080/index.html" "Mozilla/5.0 (X11; Fedora; Linux x86_64; rv:69.0) Gecko/20100101 Firefox/69.0"
0:0:0:0:0:0:0:1 - - [02/Apr/2020:21:43:45 +0000] "GET /scripts/Main.min.js?ver=2.0.1-SNAPSHOT HTTP/1.1" 200 2164620 "http://localhost:6080/index.html" "Mozilla/5.0 (X11; Fedora; Linux x86_64; rv:69.0) Gecko/20100101 Firefox/69.0"
0:0:0:0:0:0:0:1 - - [02/Apr/2020:21:43:45 +0000] "GET /service/plugins/csrfconf HTTP/1.1" 200 222 "http://localhost:6080/index.html" "Mozilla/5.0 (X11; Fedora; Linux x86_64; rv:69.0) Gecko/20100101 Firefox/69.0"
0:0:0:0:0:0:0:1 - - [02/Apr/2020:21:43:46 +0000] "GET /service/users/profile?_=1585863825704 HTTP/1.1" 200 1453 "http://localhost:6080/index.html" "Mozilla/5.0 (X11; Fedora; Linux x86_64; rv:69.0) Gecko/20100101 Firefox/69.0"
0:0:0:0:0:0:0:1 - - [02/Apr/2020:21:43:46 +0000] "GET /images/avatar.png HTTP/1.1" 200 761 "http://localhost:6080/index.html" "Mozilla/5.0 (X11; Fedora; Linux x86_64; rv:69.0) Gecko/20100101 Firefox/69.0"
0:0:0:0:0:0:0:1 - - [02/Apr/2020:21:43:46 +0000] "GET /service/plugins/checksso HTTP/1.1" 200 15 "http://localhost:6080/index.html" "Mozilla/5.0 (X11; Fedora; Linux x86_64; rv:69.0) Gecko/20100101 Firefox/69.0"
0:0:0:0:0:0:0:1 - - [02/Apr/2020:21:43:46 +0000] "GET /service/plugins/definitions/3?_=1585863825705 HTTP/1.1" 200 9943 "http://localhost:6080/index.html" "Mozilla/5.0 (X11; Fedora; Linux x86_64; rv:69.0) Gecko/20100101 Firefox/69.0"
0:0:0:0:0:0:0:1 - - [02/Apr/2020:21:43:46 +0000] "GET /libs/bower/select2/select2.png HTTP/1.1" 200 613 "http://localhost:6080/libs/bower/select2/select2.css" "Mozilla/5.0 (X11; Fedora; Linux x86_64; rv:69.0) Gecko/20100101 Firefox/69.0"
0:0:0:0:0:0:0:1 - - [02/Apr/2020:21:44:30 +0000] "POST /service/plugins/services/validateConfig HTTP/1.1" 200 1243 "http://localhost:6080/index.html" "Mozilla/5.0 (X11; Fedora; Linux x86_64; rv:69.0) Gecko/20100101 Firefox/69.0"
0:0:0:0:0:0:0:1 - - [02/Apr/2020:22:00:49 +0000] "GET /service/plugins/checksso HTTP/1.1" 200 15 "http://localhost:6080/index.html" "Mozilla/5.0 (X11; Fedora; Linux x86_64; rv:69.0) Gecko/20100101 Firefox/69.0"
0:0:0:0:0:0:0:1 - - [02/Apr/2020:22:00:49 +0000] "GET /logout HTTP/1.1" 200 48 "http://localhost:6080/index.html" "Mozilla/5.0 (X11; Fedora; Linux x86_64; rv:69.0) Gecko/20100101 Firefox/69.0"
0:0:0:0:0:0:0:1 - - [02/Apr/2020:22:00:51 +0000] "GET /locallogin HTTP/1.1" 302 - "http://localhost:6080/index.html" "Mozilla/5.0 (X11; Fedora; Linux x86_64; rv:69.0) Gecko/20100101 Firefox/69.0"
0:0:0:0:0:0:0:1 - - [02/Apr/2020:22:00:51 +0000] "GET /login.jsp HTTP/1.1" 200 3629 "http://localhost:6080/index.html" "Mozilla/5.0 (X11; Fedora; Linux x86_64; rv:69.0) Gecko/20100101 Firefox/69.0"
0:0:0:0:0:0:0:1 - - [02/Apr/2020:22:00:51 +0000] "GET /images/logo.png HTTP/1.1" 200 4493 "http://localhost:6080/login.jsp" "Mozilla/5.0 (X11; Fedora; Linux x86_64; rv:69.0) Gecko/20100101 Firefox/69.0"
0:0:0:0:0:0:0:1 - - [02/Apr/2020:22:00:51 +0000] "GET /login.jsp HTTP/1.1" 200 3629 "-" "Mozilla/5.0 (X11; Fedora; Linux x86_64; rv:69.0) Gecko/20100101 Firefox/69.0"
0:0:0:0:0:0:0:1 - - [02/Apr/2020:22:01:26 +0000] "POST /login HTTP/1.1" 200 47 "http://localhost:6080/login.jsp" "Mozilla/5.0 (X11; Fedora; Linux x86_64; rv:69.0) Gecko/20100101 Firefox/69.0"
0:0:0:0:0:0:0:1 - - [02/Apr/2020:22:01:26 +0000] "GET /index.html HTTP/1.1" 200 5593 "http://localhost:6080/login.jsp" "Mozilla/5.0 (X11; Fedora; Linux x86_64; rv:69.0) Gecko/20100101 Firefox/69.0"
0:0:0:0:0:0:0:1 - - [02/Apr/2020:22:01:26 +0000] "GET /libs/other/backgrid/backgrid.css HTTP/1.1" 200 5618 "http://localhost:6080/index.html" "Mozilla/5.0 (X11; Fedora; Linux x86_64; rv:69.0) Gecko/20100101 Firefox/69.0"
0:0:0:0:0:0:0:1 - - [02/Apr/2020:22:01:26 +0000] "GET /libs/bower/bootstrap-notify/css/bootstrap-notify.css HTTP/1.1" 200 408 "http://localhost:6080/index.html" "Mozilla/5.0 (X11; Fedora; Linux x86_64; rv:69.0) Gecko/20100101 Firefox/69.0"
0:0:0:0:0:0:0:1 - - [02/Apr/2020:22:01:26 +0000] "GET /libs/bower/backgrid-paginator/css/backgrid-paginator.css HTTP/1.1" 200 1212 "http://localhost:6080/index.html" "Mozilla/5.0 (X11; Fedora; Linux x86_64; rv:69.0) Gecko/20100101 Firefox/69.0"
0:0:0:0:0:0:0:1 - - [02/Apr/2020:22:01:26 +0000] "GET /libs/bower/backgrid-filter/css/backgrid-filter.css HTTP/1.1" 200 3087 "http://localhost:6080/index.html" "Mozilla/5.0 (X11; Fedora; Linux x86_64; rv:69.0) Gecko/20100101 Firefox/69.0"
0:0:0:0:0:0:0:1 - - [02/Apr/2020:22:01:26 +0000] "GET /libs/bower/tag-it/css/jquery.tagit.css HTTP/1.1" 200 1412 "http://localhost:6080/index.html" "Mozilla/5.0 (X11; Fedora; Linux x86_64; rv:69.0) Gecko/20100101 Firefox/69.0"
0:0:0:0:0:0:0:1 - - [02/Apr/2020:22:01:26 +0000] "GET /libs/bower/select2/select2.css HTTP/1.1" 200 17679 "http://localhost:6080/index.html" "Mozilla/5.0 (X11; Fedora; Linux x86_64; rv:69.0) Gecko/20100101 Firefox/69.0"
0:0:0:0:0:0:0:1 - - [02/Apr/2020:22:01:26 +0000] "GET /libs/other/visualsearch/css/icons.css HTTP/1.1" 200 562 "http://localhost:6080/index.html" "Mozilla/5.0 (X11; Fedora; Linux x86_64; rv:69.0) Gecko/20100101 Firefox/69.0"
0:0:0:0:0:0:0:1 - - [02/Apr/2020:22:01:26 +0000] "GET /libs/other/datepicker/css/datepicker.css HTTP/1.1" 200 6660 "http://localhost:6080/index.html" "Mozilla/5.0 (X11; Fedora; Linux x86_64; rv:69.0) Gecko/20100101 Firefox/69.0"
0:0:0:0:0:0:0:1 - - [02/Apr/2020:22:01:26 +0000] "GET /libs/bower/x-editable/css/bootstrap-editable.css HTTP/1.1" 200 21018 "http://localhost:6080/index.html" "Mozilla/5.0 (X11; Fedora; Linux x86_64; rv:69.0) Gecko/20100101 Firefox/69.0"
0:0:0:0:0:0:0:1 - - [02/Apr/2020:22:01:26 +0000] "GET /libs/bower/requirejs/js/require.js HTTP/1.1" 200 82626 "http://localhost:6080/index.html" "Mozilla/5.0 (X11; Fedora; Linux x86_64; rv:69.0) Gecko/20100101 Firefox/69.0"
0:0:0:0:0:0:0:1 - - [02/Apr/2020:22:01:26 +0000] "GET /libs/other/bootstrap-datetimepicker/css/bootstrap-datetimepicker.min.css HTTP/1.1" 200 11276 "http://localhost:6080/index.html" "Mozilla/5.0 (X11; Fedora; Linux x86_64; rv:69.0) Gecko/20100101 Firefox/69.0"
0:0:0:0:0:0:0:1 - - [02/Apr/2020:22:01:26 +0000] "GET /libs/other/jquery-ui/css/jquery-ui.min.css HTTP/1.1" 200 32076 "http://localhost:6080/index.html" "Mozilla/5.0 (X11; Fedora; Linux x86_64; rv:69.0) Gecko/20100101 Firefox/69.0"
0:0:0:0:0:0:0:1 - - [02/Apr/2020:22:01:26 +0000] "GET /libs/other/visualsearch/css/workspace.css HTTP/1.1" 200 7497 "http://localhost:6080/index.html" "Mozilla/5.0 (X11; Fedora; Linux x86_64; rv:69.0) Gecko/20100101 Firefox/69.0"
0:0:0:0:0:0:0:1 - - [02/Apr/2020:22:01:26 +0000] "GET /scripts/Main.min.js?ver=2.0.1-SNAPSHOT HTTP/1.1" 200 2164620 "http://localhost:6080/index.html" "Mozilla/5.0 (X11; Fedora; Linux x86_64; rv:69.0) Gecko/20100101 Firefox/69.0"
0:0:0:0:0:0:0:1 - - [02/Apr/2020:22:01:26 +0000] "GET /login.jsp HTTP/1.1" 200 3629 "-" "Mozilla/5.0 (X11; Fedora; Linux x86_64; rv:69.0) Gecko/20100101 Firefox/69.0"
0:0:0:0:0:0:0:1 - - [02/Apr/2020:22:01:27 +0000] "GET /service/plugins/csrfconf HTTP/1.1" 200 222 "http://localhost:6080/index.html" "Mozilla/5.0 (X11; Fedora; Linux x86_64; rv:69.0) Gecko/20100101 Firefox/69.0"
0:0:0:0:0:0:0:1 - - [02/Apr/2020:22:01:27 +0000] "GET /service/users/profile?_=1585864886843 HTTP/1.1" 200 1453 "http://localhost:6080/index.html" "Mozilla/5.0 (X11; Fedora; Linux x86_64; rv:69.0) Gecko/20100101 Firefox/69.0"
0:0:0:0:0:0:0:1 - - [02/Apr/2020:22:01:27 +0000] "GET /images/avatar.png HTTP/1.1" 200 761 "http://localhost:6080/index.html" "Mozilla/5.0 (X11; Fedora; Linux x86_64; rv:69.0) Gecko/20100101 Firefox/69.0"
0:0:0:0:0:0:0:1 - - [02/Apr/2020:22:01:27 +0000] "GET /service/plugins/checksso HTTP/1.1" 200 15 "http://localhost:6080/index.html" "Mozilla/5.0 (X11; Fedora; Linux x86_64; rv:69.0) Gecko/20100101 Firefox/69.0"
0:0:0:0:0:0:0:1 - - [02/Apr/2020:22:01:27 +0000] "GET /service/plugins/definitions?page=0&pageSize=25&startIndex=0&sortBy=serviceTypeId&_=1585864886844 HTTP/1.1" 200 74344 "http://localhost:6080/index.html" "Mozilla/5.0 (X11; Fedora; Linux x86_64; rv:69.0) Gecko/20100101 Firefox/69.0"
0:0:0:0:0:0:0:1 - - [02/Apr/2020:22:01:27 +0000] "GET /service/zones/zones?page=0&pageSize=25&startIndex=0&_=1585864886845 HTTP/1.1" 200 117 "http://localhost:6080/index.html" "Mozilla/5.0 (X11; Fedora; Linux x86_64; rv:69.0) Gecko/20100101 Firefox/69.0"
0:0:0:0:0:0:0:1 - - [02/Apr/2020:22:01:27 +0000] "GET /service/plugins/services?page=0&pageSize=100&total_pages=0&startIndex=0&_=1585864886846 HTTP/1.1" 200 635 "http://localhost:6080/index.html" "Mozilla/5.0 (X11; Fedora; Linux x86_64; rv:69.0) Gecko/20100101 Firefox/69.0"
0:0:0:0:0:0:0:1 - - [02/Apr/2020:22:01:27 +0000] "GET /images/folder-grey.png HTTP/1.1" 200 1372 "http://localhost:6080/index.html" "Mozilla/5.0 (X11; Fedora; Linux x86_64; rv:69.0) Gecko/20100101 Firefox/69.0"
0:0:0:0:0:0:0:1 - - [02/Apr/2020:22:01:27 +0000] "GET /libs/bower/select2/select2.png HTTP/1.1" 200 613 "http://localhost:6080/libs/bower/select2/select2.css" "Mozilla/5.0 (X11; Fedora; Linux x86_64; rv:69.0) Gecko/20100101 Firefox/69.0"
0:0:0:0:0:0:0:1 - - [02/Apr/2020:22:01:30 +0000] "GET /service/plugins/definitions/3?_=1585864886847 HTTP/1.1" 200 9943 "http://localhost:6080/index.html" "Mozilla/5.0 (X11; Fedora; Linux x86_64; rv:69.0) Gecko/20100101 Firefox/69.0"
0:0:0:0:0:0:0:1 - - [02/Apr/2020:22:01:48 +0000] "POST /service/plugins/services/validateConfig HTTP/1.1" 200 1243 "http://localhost:6080/index.html" "Mozilla/5.0 (X11; Fedora; Linux x86_64; rv:69.0) Gecko/20100101 Firefox/69.0"
0:0:0:0:0:0:0:1 - - [02/Apr/2020:22:49:19 +0000] "GET /service/plugins/checksso HTTP/1.1" 419 46 "http://localhost:6080/index.html" "Mozilla/5.0 (X11; Fedora; Linux x86_64; rv:69.0) Gecko/20100101 Firefox/69.0"
0:0:0:0:0:0:0:1 - - [02/Apr/2020:22:49:22 +0000] "GET /login.jsp HTTP/1.1" 200 3629 "http://localhost:6080/index.html" "Mozilla/5.0 (X11; Fedora; Linux x86_64; rv:69.0) Gecko/20100101 Firefox/69.0"
0:0:0:0:0:0:0:1 - - [02/Apr/2020:22:49:22 +0000] "GET /images/logo.png HTTP/1.1" 200 4493 "http://localhost:6080/login.jsp" "Mozilla/5.0 (X11; Fedora; Linux x86_64; rv:69.0) Gecko/20100101 Firefox/69.0"
0:0:0:0:0:0:0:1 - - [02/Apr/2020:22:49:22 +0000] "GET /login.jsp HTTP/1.1" 200 3629 "-" "Mozilla/5.0 (X11; Fedora; Linux x86_64; rv:69.0) Gecko/20100101 Firefox/69.0"
0:0:0:0:0:0:0:1 - - [02/Apr/2020:22:49:34 +0000] "POST /login HTTP/1.1" 200 47 "http://localhost:6080/login.jsp" "Mozilla/5.0 (X11; Fedora; Linux x86_64; rv:69.0) Gecko/20100101 Firefox/69.0"
0:0:0:0:0:0:0:1 - - [02/Apr/2020:22:49:34 +0000] "GET /index.html HTTP/1.1" 200 5593 "http://localhost:6080/login.jsp" "Mozilla/5.0 (X11; Fedora; Linux x86_64; rv:69.0) Gecko/20100101 Firefox/69.0"
0:0:0:0:0:0:0:1 - - [02/Apr/2020:22:49:34 +0000] "GET /favicon.ico HTTP/1.1" 200 6774 "-" "Mozilla/5.0 (X11; Fedora; Linux x86_64; rv:69.0) Gecko/20100101 Firefox/69.0"
0:0:0:0:0:0:0:1 - - [02/Apr/2020:22:49:34 +0000] "GET /libs/other/backgrid/backgrid.css HTTP/1.1" 200 5618 "http://localhost:6080/index.html" "Mozilla/5.0 (X11; Fedora; Linux x86_64; rv:69.0) Gecko/20100101 Firefox/69.0"
0:0:0:0:0:0:0:1 - - [02/Apr/2020:22:49:34 +0000] "GET /libs/bower/backgrid-filter/css/backgrid-filter.css HTTP/1.1" 200 3087 "http://localhost:6080/index.html" "Mozilla/5.0 (X11; Fedora; Linux x86_64; rv:69.0) Gecko/20100101 Firefox/69.0"
0:0:0:0:0:0:0:1 - - [02/Apr/2020:22:49:34 +0000] "GET /libs/bower/backgrid-paginator/css/backgrid-paginator.css HTTP/1.1" 200 1212 "http://localhost:6080/index.html" "Mozilla/5.0 (X11; Fedora; Linux x86_64; rv:69.0) Gecko/20100101 Firefox/69.0"
0:0:0:0:0:0:0:1 - - [02/Apr/2020:22:49:34 +0000] "GET /libs/other/datepicker/css/datepicker.css HTTP/1.1" 200 6660 "http://localhost:6080/index.html" "Mozilla/5.0 (X11; Fedora; Linux x86_64; rv:69.0) Gecko/20100101 Firefox/69.0"
0:0:0:0:0:0:0:1 - - [02/Apr/2020:22:49:34 +0000] "GET /libs/bower/tag-it/css/jquery.tagit.css HTTP/1.1" 200 1412 "http://localhost:6080/index.html" "Mozilla/5.0 (X11; Fedora; Linux x86_64; rv:69.0) Gecko/20100101 Firefox/69.0"
0:0:0:0:0:0:0:1 - - [02/Apr/2020:22:49:34 +0000] "GET /libs/other/bootstrap-datetimepicker/css/bootstrap-datetimepicker.min.css HTTP/1.1" 200 11276 "http://localhost:6080/index.html" "Mozilla/5.0 (X11; Fedora; Linux x86_64; rv:69.0) Gecko/20100101 Firefox/69.0"
0:0:0:0:0:0:0:1 - - [02/Apr/2020:22:49:34 +0000] "GET /libs/bower/x-editable/css/bootstrap-editable.css HTTP/1.1" 200 21018 "http://localhost:6080/index.html" "Mozilla/5.0 (X11; Fedora; Linux x86_64; rv:69.0) Gecko/20100101 Firefox/69.0"
0:0:0:0:0:0:0:1 - - [02/Apr/2020:22:49:34 +0000] "GET /libs/other/jquery-ui/css/jquery-ui.min.css HTTP/1.1" 200 32076 "http://localhost:6080/index.html" "Mozilla/5.0 (X11; Fedora; Linux x86_64; rv:69.0) Gecko/20100101 Firefox/69.0"
0:0:0:0:0:0:0:1 - - [02/Apr/2020:22:49:34 +0000] "GET /libs/bower/select2/select2.css HTTP/1.1" 200 17679 "http://localhost:6080/index.html" "Mozilla/5.0 (X11; Fedora; Linux x86_64; rv:69.0) Gecko/20100101 Firefox/69.0"
0:0:0:0:0:0:0:1 - - [02/Apr/2020:22:49:34 +0000] "GET /libs/bower/requirejs/js/require.js HTTP/1.1" 200 82626 "http://localhost:6080/index.html" "Mozilla/5.0 (X11; Fedora; Linux x86_64; rv:69.0) Gecko/20100101 Firefox/69.0"
0:0:0:0:0:0:0:1 - - [02/Apr/2020:22:49:34 +0000] "GET /libs/other/visualsearch/css/icons.css HTTP/1.1" 200 562 "http://localhost:6080/index.html" "Mozilla/5.0 (X11; Fedora; Linux x86_64; rv:69.0) Gecko/20100101 Firefox/69.0"
0:0:0:0:0:0:0:1 - - [02/Apr/2020:22:49:34 +0000] "GET /libs/bower/bootstrap-notify/css/bootstrap-notify.css HTTP/1.1" 200 408 "http://localhost:6080/index.html" "Mozilla/5.0 (X11; Fedora; Linux x86_64; rv:69.0) Gecko/20100101 Firefox/69.0"
0:0:0:0:0:0:0:1 - - [02/Apr/2020:22:49:34 +0000] "GET /libs/other/visualsearch/css/workspace.css HTTP/1.1" 200 7497 "http://localhost:6080/index.html" "Mozilla/5.0 (X11; Fedora; Linux x86_64; rv:69.0) Gecko/20100101 Firefox/69.0"
0:0:0:0:0:0:0:1 - - [02/Apr/2020:22:49:34 +0000] "GET /scripts/Main.min.js?ver=2.0.1-SNAPSHOT HTTP/1.1" 200 2164620 "http://localhost:6080/index.html" "Mozilla/5.0 (X11; Fedora; Linux x86_64; rv:69.0) Gecko/20100101 Firefox/69.0"
0:0:0:0:0:0:0:1 - - [02/Apr/2020:22:49:35 +0000] "GET /service/plugins/csrfconf HTTP/1.1" 200 222 "http://localhost:6080/index.html" "Mozilla/5.0 (X11; Fedora; Linux x86_64; rv:69.0) Gecko/20100101 Firefox/69.0"
0:0:0:0:0:0:0:1 - - [02/Apr/2020:22:49:35 +0000] "GET /service/users/profile?_=1585867774927 HTTP/1.1" 200 1453 "http://localhost:6080/index.html" "Mozilla/5.0 (X11; Fedora; Linux x86_64; rv:69.0) Gecko/20100101 Firefox/69.0"
0:0:0:0:0:0:0:1 - - [02/Apr/2020:22:49:35 +0000] "GET /images/avatar.png HTTP/1.1" 200 761 "http://localhost:6080/index.html" "Mozilla/5.0 (X11; Fedora; Linux x86_64; rv:69.0) Gecko/20100101 Firefox/69.0"
0:0:0:0:0:0:0:1 - - [02/Apr/2020:22:49:35 +0000] "GET /service/plugins/checksso HTTP/1.1" 200 15 "http://localhost:6080/index.html" "Mozilla/5.0 (X11; Fedora; Linux x86_64; rv:69.0) Gecko/20100101 Firefox/69.0"
0:0:0:0:0:0:0:1 - - [02/Apr/2020:22:49:35 +0000] "GET /service/plugins/definitions?page=0&pageSize=25&startIndex=0&sortBy=serviceTypeId&_=1585867774928 HTTP/1.1" 200 74344 "http://localhost:6080/index.html" "Mozilla/5.0 (X11; Fedora; Linux x86_64; rv:69.0) Gecko/20100101 Firefox/69.0"
0:0:0:0:0:0:0:1 - - [02/Apr/2020:22:49:35 +0000] "GET /service/zones/zones?page=0&pageSize=25&startIndex=0&_=1585867774929 HTTP/1.1" 200 117 "http://localhost:6080/index.html" "Mozilla/5.0 (X11; Fedora; Linux x86_64; rv:69.0) Gecko/20100101 Firefox/69.0"
0:0:0:0:0:0:0:1 - - [02/Apr/2020:22:49:35 +0000] "GET /service/plugins/services?page=0&pageSize=100&total_pages=0&startIndex=0&_=1585867774930 HTTP/1.1" 200 635 "http://localhost:6080/index.html" "Mozilla/5.0 (X11; Fedora; Linux x86_64; rv:69.0) Gecko/20100101 Firefox/69.0"
0:0:0:0:0:0:0:1 - - [02/Apr/2020:22:49:36 +0000] "GET /images/folder-grey.png HTTP/1.1" 200 1372 "http://localhost:6080/index.html" "Mozilla/5.0 (X11; Fedora; Linux x86_64; rv:69.0) Gecko/20100101 Firefox/69.0"
0:0:0:0:0:0:0:1 - - [02/Apr/2020:22:49:36 +0000] "GET /libs/bower/select2/select2.png HTTP/1.1" 200 613 "http://localhost:6080/libs/bower/select2/select2.css" "Mozilla/5.0 (X11; Fedora; Linux x86_64; rv:69.0) Gecko/20100101 Firefox/69.0"
0:0:0:0:0:0:0:1 - - [02/Apr/2020:22:49:38 +0000] "GET /service/plugins/definitions/3?_=1585867774931 HTTP/1.1" 200 9943 "http://localhost:6080/index.html" "Mozilla/5.0 (X11; Fedora; Linux x86_64; rv:69.0) Gecko/20100101 Firefox/69.0"
0:0:0:0:0:0:0:1 - - [02/Apr/2020:22:49:55 +0000] "POST /service/plugins/services/validateConfig HTTP/1.1" 200 1243 "http://localhost:6080/index.html" "Mozilla/5.0 (X11; Fedora; Linux x86_64; rv:69.0) Gecko/20100101 Firefox/69.0"
