127.0.0.1 - - [09/Apr/2020:14:55:58 +0000] "GET / HTTP/1.1" 302 - "-" "Mozilla/5.0 (X11; Fedora; Linux x86_64; rv:69.0) Gecko/20100101 Firefox/69.0"
127.0.0.1 - - [09/Apr/2020:14:55:58 +0000] "GET /login.jsp HTTP/1.1" 200 3629 "-" "Mozilla/5.0 (X11; Fedora; Linux x86_64; rv:69.0) Gecko/20100101 Firefox/69.0"
127.0.0.1 - - [09/Apr/2020:14:55:58 +0000] "GET /styles/bootstrap.min.css HTTP/1.1" 200 16384 "http://localhost:6080/login.jsp" "Mozilla/5.0 (X11; Fedora; Linux x86_64; rv:69.0) Gecko/20100101 Firefox/69.0"
127.0.0.1 - - [09/Apr/2020:14:55:58 +0000] "GET /styles/xa.css HTTP/1.1" 200 16384 "http://localhost:6080/login.jsp" "Mozilla/5.0 (X11; Fedora; Linux x86_64; rv:69.0) Gecko/20100101 Firefox/69.0"
127.0.0.1 - - [09/Apr/2020:14:55:58 +0000] "GET /images/logo.png HTTP/1.1" 200 4493 "http://localhost:6080/login.jsp" "Mozilla/5.0 (X11; Fedora; Linux x86_64; rv:69.0) Gecko/20100101 Firefox/69.0"
127.0.0.1 - - [09/Apr/2020:14:55:58 +0000] "GET /fonts/fontawesome/fontawesome-webfont.woff?v=3.2.1 HTTP/1.1" 200 43572 "http://localhost:6080/styles/bootstrap.min.css" "Mozilla/5.0 (X11; Fedora; Linux x86_64; rv:69.0) Gecko/20100101 Firefox/69.0"
127.0.0.1 - - [09/Apr/2020:14:55:58 +0000] "GET /images/favicon.ico HTTP/1.1" 302 - "-" "Mozilla/5.0 (X11; Fedora; Linux x86_64; rv:69.0) Gecko/20100101 Firefox/69.0"
0:0:0:0:0:0:0:1 - - [09/Apr/2020:21:16:41 +0000] "GET / HTTP/1.1" 302 - "-" "Mozilla/5.0 (X11; Fedora; Linux x86_64; rv:69.0) Gecko/20100101 Firefox/69.0"
0:0:0:0:0:0:0:1 - - [09/Apr/2020:21:16:41 +0000] "GET /login.jsp HTTP/1.1" 200 3629 "-" "Mozilla/5.0 (X11; Fedora; Linux x86_64; rv:69.0) Gecko/20100101 Firefox/69.0"
0:0:0:0:0:0:0:1 - - [09/Apr/2020:21:16:41 +0000] "GET /styles/bootstrap.min.css HTTP/1.1" 200 147842 "http://localhost:6080/login.jsp" "Mozilla/5.0 (X11; Fedora; Linux x86_64; rv:69.0) Gecko/20100101 Firefox/69.0"
0:0:0:0:0:0:0:1 - - [09/Apr/2020:21:16:41 +0000] "GET /scripts/prelogin/XAPrelogin.js HTTP/1.1" 200 3580 "http://localhost:6080/login.jsp" "Mozilla/5.0 (X11; Fedora; Linux x86_64; rv:69.0) Gecko/20100101 Firefox/69.0"
0:0:0:0:0:0:0:1 - - [09/Apr/2020:21:16:41 +0000] "GET /styles/xa.css HTTP/1.1" 200 55980 "http://localhost:6080/login.jsp" "Mozilla/5.0 (X11; Fedora; Linux x86_64; rv:69.0) Gecko/20100101 Firefox/69.0"
0:0:0:0:0:0:0:1 - - [09/Apr/2020:21:16:41 +0000] "GET /libs/bower/jquery/js/jquery-3.4.1.js HTTP/1.1" 200 350121 "http://localhost:6080/login.jsp" "Mozilla/5.0 (X11; Fedora; Linux x86_64; rv:69.0) Gecko/20100101 Firefox/69.0"
0:0:0:0:0:0:0:1 - - [09/Apr/2020:21:16:41 +0000] "GET /images/logo.png HTTP/1.1" 200 4493 "http://localhost:6080/login.jsp" "Mozilla/5.0 (X11; Fedora; Linux x86_64; rv:69.0) Gecko/20100101 Firefox/69.0"
0:0:0:0:0:0:0:1 - - [09/Apr/2020:21:16:42 +0000] "GET /fonts/fontawesome/fontawesome-webfont.woff?v=3.2.1 HTTP/1.1" 200 43572 "http://localhost:6080/styles/bootstrap.min.css" "Mozilla/5.0 (X11; Fedora; Linux x86_64; rv:69.0) Gecko/20100101 Firefox/69.0"
0:0:0:0:0:0:0:1 - - [09/Apr/2020:21:16:42 +0000] "GET /login.jsp HTTP/1.1" 200 3629 "-" "Mozilla/5.0 (X11; Fedora; Linux x86_64; rv:69.0) Gecko/20100101 Firefox/69.0"
0:0:0:0:0:0:0:1 - - [09/Apr/2020:21:16:47 +0000] "POST /login HTTP/1.1" 200 47 "http://localhost:6080/login.jsp" "Mozilla/5.0 (X11; Fedora; Linux x86_64; rv:69.0) Gecko/20100101 Firefox/69.0"
0:0:0:0:0:0:0:1 - - [09/Apr/2020:21:16:47 +0000] "GET /index.html HTTP/1.1" 200 5593 "http://localhost:6080/login.jsp" "Mozilla/5.0 (X11; Fedora; Linux x86_64; rv:69.0) Gecko/20100101 Firefox/69.0"
0:0:0:0:0:0:0:1 - - [09/Apr/2020:21:16:47 +0000] "GET /favicon.ico HTTP/1.1" 200 6774 "-" "Mozilla/5.0 (X11; Fedora; Linux x86_64; rv:69.0) Gecko/20100101 Firefox/69.0"
0:0:0:0:0:0:0:1 - - [09/Apr/2020:21:16:47 +0000] "GET /styles/bootstrap.css HTTP/1.1" 200 147842 "http://localhost:6080/index.html" "Mozilla/5.0 (X11; Fedora; Linux x86_64; rv:69.0) Gecko/20100101 Firefox/69.0"
0:0:0:0:0:0:0:1 - - [09/Apr/2020:21:16:47 +0000] "GET /styles/app-font.css HTTP/1.1" 200 2482 "http://localhost:6080/index.html" "Mozilla/5.0 (X11; Fedora; Linux x86_64; rv:69.0) Gecko/20100101 Firefox/69.0"
0:0:0:0:0:0:0:1 - - [09/Apr/2020:21:16:47 +0000] "GET /libs/other/backgrid/backgrid.css HTTP/1.1" 200 5618 "http://localhost:6080/index.html" "Mozilla/5.0 (X11; Fedora; Linux x86_64; rv:69.0) Gecko/20100101 Firefox/69.0"
0:0:0:0:0:0:0:1 - - [09/Apr/2020:21:16:47 +0000] "GET /libs/bower/backgrid-filter/css/backgrid-filter.css HTTP/1.1" 200 3087 "http://localhost:6080/index.html" "Mozilla/5.0 (X11; Fedora; Linux x86_64; rv:69.0) Gecko/20100101 Firefox/69.0"
0:0:0:0:0:0:0:1 - - [09/Apr/2020:21:16:47 +0000] "GET /libs/bower/bootstrap-notify/css/bootstrap-notify.css HTTP/1.1" 200 408 "http://localhost:6080/index.html" "Mozilla/5.0 (X11; Fedora; Linux x86_64; rv:69.0) Gecko/20100101 Firefox/69.0"
0:0:0:0:0:0:0:1 - - [09/Apr/2020:21:16:47 +0000] "GET /libs/bower/select2/select2.css HTTP/1.1" 200 17679 "http://localhost:6080/index.html" "Mozilla/5.0 (X11; Fedora; Linux x86_64; rv:69.0) Gecko/20100101 Firefox/69.0"
0:0:0:0:0:0:0:1 - - [09/Apr/2020:21:16:47 +0000] "GET /libs/bower/x-editable/css/bootstrap-editable.css HTTP/1.1" 200 21018 "http://localhost:6080/index.html" "Mozilla/5.0 (X11; Fedora; Linux x86_64; rv:69.0) Gecko/20100101 Firefox/69.0"
0:0:0:0:0:0:0:1 - - [09/Apr/2020:21:16:47 +0000] "GET /libs/other/bootstrap-datetimepicker/css/bootstrap-datetimepicker.min.css HTTP/1.1" 200 11276 "http://localhost:6080/index.html" "Mozilla/5.0 (X11; Fedora; Linux x86_64; rv:69.0) Gecko/20100101 Firefox/69.0"
0:0:0:0:0:0:0:1 - - [09/Apr/2020:21:16:47 +0000] "GET /libs/bower/tag-it/css/jquery.tagit.css HTTP/1.1" 200 1412 "http://localhost:6080/index.html" "Mozilla/5.0 (X11; Fedora; Linux x86_64; rv:69.0) Gecko/20100101 Firefox/69.0"
0:0:0:0:0:0:0:1 - - [09/Apr/2020:21:16:47 +0000] "GET /libs/other/datepicker/css/datepicker.css HTTP/1.1" 200 6660 "http://localhost:6080/index.html" "Mozilla/5.0 (X11; Fedora; Linux x86_64; rv:69.0) Gecko/20100101 Firefox/69.0"
0:0:0:0:0:0:0:1 - - [09/Apr/2020:21:16:47 +0000] "GET /libs/bower/backgrid-paginator/css/backgrid-paginator.css HTTP/1.1" 200 1212 "http://localhost:6080/index.html" "Mozilla/5.0 (X11; Fedora; Linux x86_64; rv:69.0) Gecko/20100101 Firefox/69.0"
0:0:0:0:0:0:0:1 - - [09/Apr/2020:21:16:47 +0000] "GET /libs/other/jquery-ui/css/jquery-ui.min.css HTTP/1.1" 200 32076 "http://localhost:6080/index.html" "Mozilla/5.0 (X11; Fedora; Linux x86_64; rv:69.0) Gecko/20100101 Firefox/69.0"
0:0:0:0:0:0:0:1 - - [09/Apr/2020:21:16:47 +0000] "GET /libs/other/visualsearch/css/icons.css HTTP/1.1" 200 562 "http://localhost:6080/index.html" "Mozilla/5.0 (X11; Fedora; Linux x86_64; rv:69.0) Gecko/20100101 Firefox/69.0"
0:0:0:0:0:0:0:1 - - [09/Apr/2020:21:16:47 +0000] "GET /libs/other/visualsearch/css/workspace.css HTTP/1.1" 200 7497 "http://localhost:6080/index.html" "Mozilla/5.0 (X11; Fedora; Linux x86_64; rv:69.0) Gecko/20100101 Firefox/69.0"
0:0:0:0:0:0:0:1 - - [09/Apr/2020:21:16:47 +0000] "GET /libs/bower/requirejs/js/require.js HTTP/1.1" 200 82626 "http://localhost:6080/index.html" "Mozilla/5.0 (X11; Fedora; Linux x86_64; rv:69.0) Gecko/20100101 Firefox/69.0"
0:0:0:0:0:0:0:1 - - [09/Apr/2020:21:16:47 +0000] "GET /scripts/Main.min.js?ver=2.0.1-SNAPSHOT HTTP/1.1" 200 2164620 "http://localhost:6080/index.html" "Mozilla/5.0 (X11; Fedora; Linux x86_64; rv:69.0) Gecko/20100101 Firefox/69.0"
0:0:0:0:0:0:0:1 - - [09/Apr/2020:21:16:47 +0000] "GET /fonts/fontopensans/open-sans-400.woff HTTP/1.1" 200 21956 "http://localhost:6080/styles/app-font.css" "Mozilla/5.0 (X11; Fedora; Linux x86_64; rv:69.0) Gecko/20100101 Firefox/69.0"
0:0:0:0:0:0:0:1 - - [09/Apr/2020:21:16:47 +0000] "GET /service/plugins/csrfconf HTTP/1.1" 200 222 "http://localhost:6080/index.html" "Mozilla/5.0 (X11; Fedora; Linux x86_64; rv:69.0) Gecko/20100101 Firefox/69.0"
0:0:0:0:0:0:0:1 - - [09/Apr/2020:21:16:47 +0000] "GET /service/users/profile?_=1586467007538 HTTP/1.1" 200 1453 "http://localhost:6080/index.html" "Mozilla/5.0 (X11; Fedora; Linux x86_64; rv:69.0) Gecko/20100101 Firefox/69.0"
0:0:0:0:0:0:0:1 - - [09/Apr/2020:21:16:47 +0000] "GET /images/avatar.png HTTP/1.1" 200 761 "http://localhost:6080/index.html" "Mozilla/5.0 (X11; Fedora; Linux x86_64; rv:69.0) Gecko/20100101 Firefox/69.0"
0:0:0:0:0:0:0:1 - - [09/Apr/2020:21:16:47 +0000] "GET /service/plugins/checksso HTTP/1.1" 200 15 "http://localhost:6080/index.html" "Mozilla/5.0 (X11; Fedora; Linux x86_64; rv:69.0) Gecko/20100101 Firefox/69.0"
0:0:0:0:0:0:0:1 - - [09/Apr/2020:21:16:47 +0000] "GET /fonts/fontopensans/open-sans-600.woff HTTP/1.1" 200 22604 "http://localhost:6080/styles/app-font.css" "Mozilla/5.0 (X11; Fedora; Linux x86_64; rv:69.0) Gecko/20100101 Firefox/69.0"
0:0:0:0:0:0:0:1 - - [09/Apr/2020:21:16:48 +0000] "GET /service/plugins/definitions?page=0&pageSize=25&startIndex=0&sortBy=serviceTypeId&_=1586467007539 HTTP/1.1" 200 74344 "http://localhost:6080/index.html" "Mozilla/5.0 (X11; Fedora; Linux x86_64; rv:69.0) Gecko/20100101 Firefox/69.0"
0:0:0:0:0:0:0:1 - - [09/Apr/2020:21:16:48 +0000] "GET /service/zones/zones?page=0&pageSize=25&startIndex=0&_=1586467007540 HTTP/1.1" 200 117 "http://localhost:6080/index.html" "Mozilla/5.0 (X11; Fedora; Linux x86_64; rv:69.0) Gecko/20100101 Firefox/69.0"
0:0:0:0:0:0:0:1 - - [09/Apr/2020:21:16:48 +0000] "GET /service/plugins/services?page=0&pageSize=100&total_pages=0&startIndex=0&_=1586467007541 HTTP/1.1" 200 1105 "http://localhost:6080/index.html" "Mozilla/5.0 (X11; Fedora; Linux x86_64; rv:69.0) Gecko/20100101 Firefox/69.0"
0:0:0:0:0:0:0:1 - - [09/Apr/2020:21:16:48 +0000] "GET /images/folder-grey.png HTTP/1.1" 200 1372 "http://localhost:6080/index.html" "Mozilla/5.0 (X11; Fedora; Linux x86_64; rv:69.0) Gecko/20100101 Firefox/69.0"
0:0:0:0:0:0:0:1 - - [09/Apr/2020:21:16:48 +0000] "GET /libs/bower/select2/select2.png HTTP/1.1" 200 613 "http://localhost:6080/libs/bower/select2/select2.css" "Mozilla/5.0 (X11; Fedora; Linux x86_64; rv:69.0) Gecko/20100101 Firefox/69.0"
0:0:0:0:0:0:0:1 - - [09/Apr/2020:21:16:48 +0000] "GET /fonts/fontopensans/open-sans-700.woff HTTP/1.1" 200 22748 "http://localhost:6080/styles/app-font.css" "Mozilla/5.0 (X11; Fedora; Linux x86_64; rv:69.0) Gecko/20100101 Firefox/69.0"
0:0:0:0:0:0:0:1 - - [09/Apr/2020:21:17:25 +0000] "GET /libs/bower/select2/select2-spinner.gif HTTP/1.1" 200 1849 "http://localhost:6080/libs/bower/select2/select2.css" "Mozilla/5.0 (X11; Fedora; Linux x86_64; rv:69.0) Gecko/20100101 Firefox/69.0"
0:0:0:0:0:0:0:1 - - [09/Apr/2020:21:17:28 +0000] "GET /images/blank.gif HTTP/1.1" 200 43 "http://localhost:6080/index.html" "Mozilla/5.0 (X11; Fedora; Linux x86_64; rv:69.0) Gecko/20100101 Firefox/69.0"
0:0:0:0:0:0:0:1 - - [09/Apr/2020:21:17:28 +0000] "GET /images/blockLoading.gif HTTP/1.1" 200 3209 "http://localhost:6080/index.html" "Mozilla/5.0 (X11; Fedora; Linux x86_64; rv:69.0) Gecko/20100101 Firefox/69.0"
0:0:0:0:0:0:0:1 - - [09/Apr/2020:21:17:29 +0000] "GET /service/plugins/policies/exportJson?serviceName=hivedev,jolly&checkPoliciesExists=true HTTP/1.1" 200 19057 "http://localhost:6080/index.html" "Mozilla/5.0 (X11; Fedora; Linux x86_64; rv:69.0) Gecko/20100101 Firefox/69.0"
0:0:0:0:0:0:0:1 - - [09/Apr/2020:21:17:29 +0000] "GET /service/plugins/policies/exportJson?serviceName=hivedev,jolly&checkPoliciesExists=false HTTP/1.1" 200 19057 "http://localhost:6080/index.html" "Mozilla/5.0 (X11; Fedora; Linux x86_64; rv:69.0) Gecko/20100101 Firefox/69.0"
0:0:0:0:0:0:0:1 - - [09/Apr/2020:21:18:19 +0000] "GET /service/plugins/services?page=0&pageSize=25&startIndex=0&_=1586467007542 HTTP/1.1" 200 1104 "http://localhost:6080/index.html" "Mozilla/5.0 (X11; Fedora; Linux x86_64; rv:69.0) Gecko/20100101 Firefox/69.0"
0:0:0:0:0:0:0:1 - - [09/Apr/2020:21:18:19 +0000] "GET /service/zones/zones?page=0&pageSize=25&startIndex=0&_=1586467007543 HTTP/1.1" 200 117 "http://localhost:6080/index.html" "Mozilla/5.0 (X11; Fedora; Linux x86_64; rv:69.0) Gecko/20100101 Firefox/69.0"
0:0:0:0:0:0:0:1 - - [09/Apr/2020:21:18:19 +0000] "GET /images/defult_zone.png HTTP/1.1" 200 16389 "http://localhost:6080/index.html" "Mozilla/5.0 (X11; Fedora; Linux x86_64; rv:69.0) Gecko/20100101 Firefox/69.0"
0:0:0:0:0:0:0:1 - - [09/Apr/2020:21:18:23 +0000] "GET /service/plugins/services?page=0&pageSize=25&startIndex=0&_=1586467007544 HTTP/1.1" 200 1104 "http://localhost:6080/index.html" "Mozilla/5.0 (X11; Fedora; Linux x86_64; rv:69.0) Gecko/20100101 Firefox/69.0"
0:0:0:0:0:0:0:1 - - [09/Apr/2020:21:18:23 +0000] "GET /fonts/fontopensans/open-sans-400i.woff HTTP/1.1" 200 21092 "http://localhost:6080/styles/app-font.css" "Mozilla/5.0 (X11; Fedora; Linux x86_64; rv:69.0) Gecko/20100101 Firefox/69.0"
0:0:0:0:0:0:0:1 - - [09/Apr/2020:21:18:29 +0000] "GET /service/plugins/definitions?pageSource=Audit&page=0&pageSize=25&startIndex=0&_=1586467007545 HTTP/1.1" 200 76195 "http://localhost:6080/index.html" "Mozilla/5.0 (X11; Fedora; Linux x86_64; rv:69.0) Gecko/20100101 Firefox/69.0"
0:0:0:0:0:0:0:1 - - [09/Apr/2020:21:18:29 +0000] "GET /libs/other/visualsearch/images/embed/icons/search_glyph.png HTTP/1.1" 200 420 "http://localhost:6080/libs/other/visualsearch/css/icons.css" "Mozilla/5.0 (X11; Fedora; Linux x86_64; rv:69.0) Gecko/20100101 Firefox/69.0"
0:0:0:0:0:0:0:1 - - [09/Apr/2020:21:18:29 +0000] "GET /images/loading.gif HTTP/1.1" 200 1849 "http://localhost:6080/styles/xa.css" "Mozilla/5.0 (X11; Fedora; Linux x86_64; rv:69.0) Gecko/20100101 Firefox/69.0"
0:0:0:0:0:0:0:1 - - [09/Apr/2020:21:18:29 +0000] "GET /libs/other/visualsearch/images/embed/icons/cancel_search.png HTTP/1.1" 200 541 "http://localhost:6080/libs/other/visualsearch/css/icons.css" "Mozilla/5.0 (X11; Fedora; Linux x86_64; rv:69.0) Gecko/20100101 Firefox/69.0"
0:0:0:0:0:0:0:1 - - [09/Apr/2020:21:18:30 +0000] "GET /service/assets/accessAudit?page=0&pageSize=25&startIndex=0&sortBy=eventTime&startDate=04%2F09%2F2020&_=1586467007546 HTTP/1.1" 400 261 "http://localhost:6080/index.html" "Mozilla/5.0 (X11; Fedora; Linux x86_64; rv:69.0) Gecko/20100101 Firefox/69.0"
0:0:0:0:0:0:0:1 - - [09/Apr/2020:21:18:33 +0000] "GET /service/xusers/authSessions?page=0&pageSize=25&sortBy=id&sortType=desc&startIndex=0&_=1586467007547 HTTP/1.1" 200 10964 "http://localhost:6080/index.html" "Mozilla/5.0 (X11; Fedora; Linux x86_64; rv:69.0) Gecko/20100101 Firefox/69.0"
0:0:0:0:0:0:0:1 - - [09/Apr/2020:21:18:38 +0000] "GET /service/assets/report?page=0&pageSize=25&startIndex=0&_=1586467007548 HTTP/1.1" 200 32540 "http://localhost:6080/index.html" "Mozilla/5.0 (X11; Fedora; Linux x86_64; rv:69.0) Gecko/20100101 Firefox/69.0"
0:0:0:0:0:0:0:1 - - [09/Apr/2020:21:18:44 +0000] "GET /service/assets/ugsyncAudits?page=0&pageSize=25&sortBy=id&sortType=desc&startIndex=0&startDate=04%2F09%2F2020&_=1586467007549 HTTP/1.1" 200 125 "http://localhost:6080/index.html" "Mozilla/5.0 (X11; Fedora; Linux x86_64; rv:69.0) Gecko/20100101 Firefox/69.0"
0:0:0:0:0:0:0:1 - - [09/Apr/2020:21:18:49 +0000] "GET /service/plugins/plugins/info?startIndex=0&_=1586467007550 HTTP/1.1" 200 1623 "http://localhost:6080/index.html" "Mozilla/5.0 (X11; Fedora; Linux x86_64; rv:69.0) Gecko/20100101 Firefox/69.0"
0:0:0:0:0:0:0:1 - - [09/Apr/2020:21:19:27 +0000] "GET /service/assets/exportAudit?priAcctId=1&page=0&pageSize=25&sortBy=createDate&sortType=desc&startIndex=0&_=1586467007551 HTTP/1.1" 200 7669 "http://localhost:6080/index.html" "Mozilla/5.0 (X11; Fedora; Linux x86_64; rv:69.0) Gecko/20100101 Firefox/69.0"
0:0:0:0:0:0:0:1 - - [09/Apr/2020:21:19:36 +0000] "GET /service/xusers/authSessions?page=0&pageSize=25&sortBy=id&sortType=desc&startIndex=0&_=1586467007552 HTTP/1.1" 200 10964 "http://localhost:6080/index.html" "Mozilla/5.0 (X11; Fedora; Linux x86_64; rv:69.0) Gecko/20100101 Firefox/69.0"
0:0:0:0:0:0:0:1 - - [09/Apr/2020:21:19:38 +0000] "GET /service/assets/report?page=0&pageSize=25&startIndex=0&_=1586467007553 HTTP/1.1" 200 32540 "http://localhost:6080/index.html" "Mozilla/5.0 (X11; Fedora; Linux x86_64; rv:69.0) Gecko/20100101 Firefox/69.0"
0:0:0:0:0:0:0:1 - - [09/Apr/2020:21:19:42 +0000] "GET /service/assets/accessAudit?page=0&pageSize=25&startIndex=0&sortBy=eventTime&startDate=04%2F09%2F2020&_=1586467007554 HTTP/1.1" 400 261 "http://localhost:6080/index.html" "Mozilla/5.0 (X11; Fedora; Linux x86_64; rv:69.0) Gecko/20100101 Firefox/69.0"
0:0:0:0:0:0:0:1 - - [09/Apr/2020:21:20:35 +0000] "GET /service/plugins/definitions?page=0&pageSize=25&startIndex=0&_=1586467007555 HTTP/1.1" 200 74302 "http://localhost:6080/index.html" "Mozilla/5.0 (X11; Fedora; Linux x86_64; rv:69.0) Gecko/20100101 Firefox/69.0"
0:0:0:0:0:0:0:1 - - [09/Apr/2020:21:20:35 +0000] "GET /service/zones/zones?page=0&pageSize=25&startIndex=0&_=1586467007556 HTTP/1.1" 200 117 "http://localhost:6080/index.html" "Mozilla/5.0 (X11; Fedora; Linux x86_64; rv:69.0) Gecko/20100101 Firefox/69.0"
0:0:0:0:0:0:0:1 - - [09/Apr/2020:21:20:35 +0000] "GET /service/plugins/policies?page=0&pageSize=25&startIndex=0&serviceType=hdfs&policyType=0&_=1586467007557 HTTP/1.1" 200 112 "http://localhost:6080/index.html" "Mozilla/5.0 (X11; Fedora; Linux x86_64; rv:69.0) Gecko/20100101 Firefox/69.0"
0:0:0:0:0:0:0:1 - - [09/Apr/2020:21:20:35 +0000] "GET /service/plugins/policies?page=0&pageSize=25&startIndex=0&serviceType=hbase&policyType=0&_=1586467007558 HTTP/1.1" 200 112 "http://localhost:6080/index.html" "Mozilla/5.0 (X11; Fedora; Linux x86_64; rv:69.0) Gecko/20100101 Firefox/69.0"
0:0:0:0:0:0:0:1 - - [09/Apr/2020:21:20:35 +0000] "GET /service/plugins/policies?page=0&pageSize=25&startIndex=0&serviceType=yarn&policyType=0&_=1586467007560 HTTP/1.1" 200 112 "http://localhost:6080/index.html" "Mozilla/5.0 (X11; Fedora; Linux x86_64; rv:69.0) Gecko/20100101 Firefox/69.0"
0:0:0:0:0:0:0:1 - - [09/Apr/2020:21:20:35 +0000] "GET /service/plugins/policies?page=0&pageSize=25&startIndex=0&serviceType=knox&policyType=0&_=1586467007561 HTTP/1.1" 200 112 "http://localhost:6080/index.html" "Mozilla/5.0 (X11; Fedora; Linux x86_64; rv:69.0) Gecko/20100101 Firefox/69.0"
0:0:0:0:0:0:0:1 - - [09/Apr/2020:21:20:35 +0000] "GET /service/plugins/policies?page=0&pageSize=25&startIndex=0&serviceType=hive&policyType=0&_=1586467007559 HTTP/1.1" 200 9315 "http://localhost:6080/index.html" "Mozilla/5.0 (X11; Fedora; Linux x86_64; rv:69.0) Gecko/20100101 Firefox/69.0"
0:0:0:0:0:0:0:1 - - [09/Apr/2020:21:20:35 +0000] "GET /service/plugins/policies?page=0&pageSize=25&startIndex=0&serviceType=storm&policyType=0&_=1586467007562 HTTP/1.1" 200 112 "http://localhost:6080/index.html" "Mozilla/5.0 (X11; Fedora; Linux x86_64; rv:69.0) Gecko/20100101 Firefox/69.0"
0:0:0:0:0:0:0:1 - - [09/Apr/2020:21:20:35 +0000] "GET /service/plugins/policies?page=0&pageSize=25&startIndex=0&serviceType=solr&policyType=0&_=1586467007563 HTTP/1.1" 200 112 "http://localhost:6080/index.html" "Mozilla/5.0 (X11; Fedora; Linux x86_64; rv:69.0) Gecko/20100101 Firefox/69.0"
0:0:0:0:0:0:0:1 - - [09/Apr/2020:21:20:35 +0000] "GET /service/plugins/policies?page=0&pageSize=25&startIndex=0&serviceType=kafka&policyType=0&_=1586467007564 HTTP/1.1" 200 112 "http://localhost:6080/index.html" "Mozilla/5.0 (X11; Fedora; Linux x86_64; rv:69.0) Gecko/20100101 Firefox/69.0"
0:0:0:0:0:0:0:1 - - [09/Apr/2020:21:20:35 +0000] "GET /service/plugins/policies?page=0&pageSize=25&startIndex=0&serviceType=nifi&policyType=0&_=1586467007565 HTTP/1.1" 200 112 "http://localhost:6080/index.html" "Mozilla/5.0 (X11; Fedora; Linux x86_64; rv:69.0) Gecko/20100101 Firefox/69.0"
0:0:0:0:0:0:0:1 - - [09/Apr/2020:21:20:35 +0000] "GET /service/plugins/policies?page=0&pageSize=25&startIndex=0&serviceType=kylin&policyType=0&_=1586467007566 HTTP/1.1" 200 112 "http://localhost:6080/index.html" "Mozilla/5.0 (X11; Fedora; Linux x86_64; rv:69.0) Gecko/20100101 Firefox/69.0"
0:0:0:0:0:0:0:1 - - [09/Apr/2020:21:20:35 +0000] "GET /service/plugins/policies?page=0&pageSize=25&startIndex=0&serviceType=nifi-registry&policyType=0&_=1586467007567 HTTP/1.1" 200 112 "http://localhost:6080/index.html" "Mozilla/5.0 (X11; Fedora; Linux x86_64; rv:69.0) Gecko/20100101 Firefox/69.0"
0:0:0:0:0:0:0:1 - - [09/Apr/2020:21:20:35 +0000] "GET /service/plugins/policies?page=0&pageSize=25&startIndex=0&serviceType=sqoop&policyType=0&_=1586467007568 HTTP/1.1" 200 112 "http://localhost:6080/index.html" "Mozilla/5.0 (X11; Fedora; Linux x86_64; rv:69.0) Gecko/20100101 Firefox/69.0"
0:0:0:0:0:0:0:1 - - [09/Apr/2020:21:20:35 +0000] "GET /service/plugins/policies?page=0&pageSize=25&startIndex=0&serviceType=atlas&policyType=0&_=1586467007569 HTTP/1.1" 200 112 "http://localhost:6080/index.html" "Mozilla/5.0 (X11; Fedora; Linux x86_64; rv:69.0) Gecko/20100101 Firefox/69.0"
0:0:0:0:0:0:0:1 - - [09/Apr/2020:21:20:35 +0000] "GET /service/plugins/policies?page=0&pageSize=25&startIndex=0&serviceType=elasticsearch&policyType=0&_=1586467007570 HTTP/1.1" 200 112 "http://localhost:6080/index.html" "Mozilla/5.0 (X11; Fedora; Linux x86_64; rv:69.0) Gecko/20100101 Firefox/69.0"
0:0:0:0:0:0:0:1 - - [09/Apr/2020:21:20:35 +0000] "GET /service/plugins/policies?page=0&pageSize=25&startIndex=0&serviceType=presto&policyType=0&_=1586467007571 HTTP/1.1" 200 112 "http://localhost:6080/index.html" "Mozilla/5.0 (X11; Fedora; Linux x86_64; rv:69.0) Gecko/20100101 Firefox/69.0"
0:0:0:0:0:0:0:1 - - [09/Apr/2020:21:20:35 +0000] "GET /service/plugins/policies?page=0&pageSize=25&startIndex=0&serviceType=tag&policyType=0&_=1586467007572 HTTP/1.1" 200 112 "http://localhost:6080/index.html" "Mozilla/5.0 (X11; Fedora; Linux x86_64; rv:69.0) Gecko/20100101 Firefox/69.0"
0:0:0:0:0:0:0:1 - - [09/Apr/2020:21:20:36 +0000] "GET /service/plugins/policies?page=0&pageSize=25&startIndex=0&serviceType=ozone&policyType=0&_=1586467007573 HTTP/1.1" 200 112 "http://localhost:6080/index.html" "Mozilla/5.0 (X11; Fedora; Linux x86_64; rv:69.0) Gecko/20100101 Firefox/69.0"
0:0:0:0:0:0:0:1 - - [09/Apr/2020:21:20:36 +0000] "GET /fonts/fontopensans/open-sans-300.woff HTTP/1.1" 200 22656 "http://localhost:6080/styles/app-font.css" "Mozilla/5.0 (X11; Fedora; Linux x86_64; rv:69.0) Gecko/20100101 Firefox/69.0"
0:0:0:0:0:0:0:1 - - [09/Apr/2020:21:20:36 +0000] "GET /service/plugins/services/name/hivedev?_=1586467007574 HTTP/1.1" 200 494 "http://localhost:6080/index.html" "Mozilla/5.0 (X11; Fedora; Linux x86_64; rv:69.0) Gecko/20100101 Firefox/69.0"
0:0:0:0:0:0:0:1 - - [09/Apr/2020:21:20:36 +0000] "GET /service/plugins/services/name/hivedev?_=1586467007575 HTTP/1.1" 200 494 "http://localhost:6080/index.html" "Mozilla/5.0 (X11; Fedora; Linux x86_64; rv:69.0) Gecko/20100101 Firefox/69.0"
0:0:0:0:0:0:0:1 - - [09/Apr/2020:21:20:36 +0000] "GET /service/plugins/services/name/hivedev?_=1586467007576 HTTP/1.1" 200 494 "http://localhost:6080/index.html" "Mozilla/5.0 (X11; Fedora; Linux x86_64; rv:69.0) Gecko/20100101 Firefox/69.0"
0:0:0:0:0:0:0:1 - - [09/Apr/2020:21:20:36 +0000] "GET /service/plugins/services/name/hivedev?_=1586467007577 HTTP/1.1" 200 494 "http://localhost:6080/index.html" "Mozilla/5.0 (X11; Fedora; Linux x86_64; rv:69.0) Gecko/20100101 Firefox/69.0"
0:0:0:0:0:0:0:1 - - [09/Apr/2020:21:20:36 +0000] "GET /service/plugins/services/name/jolly?_=1586467007578 HTTP/1.1" 200 481 "http://localhost:6080/index.html" "Mozilla/5.0 (X11; Fedora; Linux x86_64; rv:69.0) Gecko/20100101 Firefox/69.0"
0:0:0:0:0:0:0:1 - - [09/Apr/2020:21:20:36 +0000] "GET /service/plugins/services/name/jolly?_=1586467007579 HTTP/1.1" 200 481 "http://localhost:6080/index.html" "Mozilla/5.0 (X11; Fedora; Linux x86_64; rv:69.0) Gecko/20100101 Firefox/69.0"
0:0:0:0:0:0:0:1 - - [09/Apr/2020:21:20:36 +0000] "GET /service/plugins/services/name/jolly?_=1586467007580 HTTP/1.1" 200 481 "http://localhost:6080/index.html" "Mozilla/5.0 (X11; Fedora; Linux x86_64; rv:69.0) Gecko/20100101 Firefox/69.0"
0:0:0:0:0:0:0:1 - - [09/Apr/2020:21:20:36 +0000] "GET /service/plugins/services/name/jolly?_=1586467007581 HTTP/1.1" 200 481 "http://localhost:6080/index.html" "Mozilla/5.0 (X11; Fedora; Linux x86_64; rv:69.0) Gecko/20100101 Firefox/69.0"
