0:0:0:0:0:0:0:1 - - [19/Mar/2020:17:37:17 +0000] "GET / HTTP/1.1" 302 - "-" "Mozilla/5.0 (X11; Fedora; Linux x86_64; rv:69.0) Gecko/20100101 Firefox/69.0"
0:0:0:0:0:0:0:1 - - [19/Mar/2020:17:37:17 +0000] "GET /login.jsp HTTP/1.1" 200 3629 "-" "Mozilla/5.0 (X11; Fedora; Linux x86_64; rv:69.0) Gecko/20100101 Firefox/69.0"
0:0:0:0:0:0:0:1 - - [19/Mar/2020:17:37:17 +0000] "GET /libs/bower/jquery/js/jquery-3.4.1.js HTTP/1.1" 200 350121 "http://localhost:6080/login.jsp" "Mozilla/5.0 (X11; Fedora; Linux x86_64; rv:69.0) Gecko/20100101 Firefox/69.0"
0:0:0:0:0:0:0:1 - - [19/Mar/2020:17:37:17 +0000] "GET /fonts/fontawesome/fontawesome-webfont.woff?v=3.2.1 HTTP/1.1" 200 16384 "http://localhost:6080/styles/bootstrap.min.css" "Mozilla/5.0 (X11; Fedora; Linux x86_64; rv:69.0) Gecko/20100101 Firefox/69.0"
0:0:0:0:0:0:0:1 - - [19/Mar/2020:17:37:17 +0000] "GET /images/favicon.ico HTTP/1.1" 302 - "-" "Mozilla/5.0 (X11; Fedora; Linux x86_64; rv:69.0) Gecko/20100101 Firefox/69.0"
0:0:0:0:0:0:0:1 - - [19/Mar/2020:17:37:33 +0000] "POST /login HTTP/1.1" 401 81 "http://localhost:6080/login.jsp" "Mozilla/5.0 (X11; Fedora; Linux x86_64; rv:69.0) Gecko/20100101 Firefox/69.0"
0:0:0:0:0:0:0:1 - - [19/Mar/2020:17:37:39 +0000] "POST /login HTTP/1.1" 200 47 "http://localhost:6080/login.jsp" "Mozilla/5.0 (X11; Fedora; Linux x86_64; rv:69.0) Gecko/20100101 Firefox/69.0"
0:0:0:0:0:0:0:1 - - [19/Mar/2020:17:37:39 +0000] "GET /index.html HTTP/1.1" 200 5593 "http://localhost:6080/login.jsp" "Mozilla/5.0 (X11; Fedora; Linux x86_64; rv:69.0) Gecko/20100101 Firefox/69.0"
0:0:0:0:0:0:0:1 - - [19/Mar/2020:17:37:39 +0000] "GET /favicon.ico HTTP/1.1" 200 6774 "-" "Mozilla/5.0 (X11; Fedora; Linux x86_64; rv:69.0) Gecko/20100101 Firefox/69.0"
0:0:0:0:0:0:0:1 - - [19/Mar/2020:17:37:39 +0000] "GET /libs/other/visualsearch/css/workspace.css HTTP/1.1" 200 7497 "http://localhost:6080/index.html" "Mozilla/5.0 (X11; Fedora; Linux x86_64; rv:69.0) Gecko/20100101 Firefox/69.0"
0:0:0:0:0:0:0:1 - - [19/Mar/2020:17:37:39 +0000] "GET /libs/other/bootstrap-datetimepicker/css/bootstrap-datetimepicker.min.css HTTP/1.1" 200 11276 "http://localhost:6080/index.html" "Mozilla/5.0 (X11; Fedora; Linux x86_64; rv:69.0) Gecko/20100101 Firefox/69.0"
0:0:0:0:0:0:0:1 - - [19/Mar/2020:17:37:39 +0000] "GET /libs/other/jquery-ui/css/jquery-ui.min.css HTTP/1.1" 200 16384 "http://localhost:6080/index.html" "Mozilla/5.0 (X11; Fedora; Linux x86_64; rv:69.0) Gecko/20100101 Firefox/69.0"
0:0:0:0:0:0:0:1 - - [19/Mar/2020:17:37:39 +0000] "GET /libs/other/visualsearch/css/icons.css HTTP/1.1" 200 562 "http://localhost:6080/index.html" "Mozilla/5.0 (X11; Fedora; Linux x86_64; rv:69.0) Gecko/20100101 Firefox/69.0"
0:0:0:0:0:0:0:1 - - [19/Mar/2020:17:37:39 +0000] "GET /libs/bower/x-editable/css/bootstrap-editable.css HTTP/1.1" 200 16384 "http://localhost:6080/index.html" "Mozilla/5.0 (X11; Fedora; Linux x86_64; rv:69.0) Gecko/20100101 Firefox/69.0"
0:0:0:0:0:0:0:1 - - [19/Mar/2020:17:37:39 +0000] "GET /styles/xa.css HTTP/1.1" 200 16384 "http://localhost:6080/index.html" "Mozilla/5.0 (X11; Fedora; Linux x86_64; rv:69.0) Gecko/20100101 Firefox/69.0"
0:0:0:0:0:0:0:1 - - [19/Mar/2020:17:37:40 +0000] "GET /scripts/Main.min.js?ver=2.0.1-SNAPSHOT HTTP/1.1" 200 2164620 "http://localhost:6080/index.html" "Mozilla/5.0 (X11; Fedora; Linux x86_64; rv:69.0) Gecko/20100101 Firefox/69.0"
0:0:0:0:0:0:0:1 - - [19/Mar/2020:17:37:40 +0000] "GET /fonts/fontopensans/open-sans-400.woff HTTP/1.1" 200 16384 "http://localhost:6080/styles/app-font.css" "Mozilla/5.0 (X11; Fedora; Linux x86_64; rv:69.0) Gecko/20100101 Firefox/69.0"
0:0:0:0:0:0:0:1 - - [19/Mar/2020:17:37:40 +0000] "GET /service/plugins/csrfconf HTTP/1.1" 200 222 "http://localhost:6080/index.html" "Mozilla/5.0 (X11; Fedora; Linux x86_64; rv:69.0) Gecko/20100101 Firefox/69.0"
0:0:0:0:0:0:0:1 - - [19/Mar/2020:17:37:40 +0000] "GET /service/users/profile?_=1584639460094 HTTP/1.1" 200 1453 "http://localhost:6080/index.html" "Mozilla/5.0 (X11; Fedora; Linux x86_64; rv:69.0) Gecko/20100101 Firefox/69.0"
0:0:0:0:0:0:0:1 - - [19/Mar/2020:17:37:40 +0000] "GET /images/avatar.png HTTP/1.1" 200 761 "http://localhost:6080/index.html" "Mozilla/5.0 (X11; Fedora; Linux x86_64; rv:69.0) Gecko/20100101 Firefox/69.0"
0:0:0:0:0:0:0:1 - - [19/Mar/2020:17:37:40 +0000] "GET /service/plugins/checksso HTTP/1.1" 200 15 "http://localhost:6080/index.html" "Mozilla/5.0 (X11; Fedora; Linux x86_64; rv:69.0) Gecko/20100101 Firefox/69.0"
0:0:0:0:0:0:0:1 - - [19/Mar/2020:17:37:41 +0000] "GET /service/plugins/definitions?page=0&pageSize=25&startIndex=0&sortBy=serviceTypeId&_=1584639460095 HTTP/1.1" 200 74344 "http://localhost:6080/index.html" "Mozilla/5.0 (X11; Fedora; Linux x86_64; rv:69.0) Gecko/20100101 Firefox/69.0"
0:0:0:0:0:0:0:1 - - [19/Mar/2020:17:37:41 +0000] "GET /service/zones/zones?page=0&pageSize=25&startIndex=0&_=1584639460096 HTTP/1.1" 200 117 "http://localhost:6080/index.html" "Mozilla/5.0 (X11; Fedora; Linux x86_64; rv:69.0) Gecko/20100101 Firefox/69.0"
0:0:0:0:0:0:0:1 - - [19/Mar/2020:17:37:41 +0000] "GET /service/plugins/services?page=0&pageSize=100&total_pages=0&startIndex=0&_=1584639460097 HTTP/1.1" 200 112 "http://localhost:6080/index.html" "Mozilla/5.0 (X11; Fedora; Linux x86_64; rv:69.0) Gecko/20100101 Firefox/69.0"
0:0:0:0:0:0:0:1 - - [19/Mar/2020:17:37:41 +0000] "GET /libs/bower/select2/select2.png HTTP/1.1" 200 613 "http://localhost:6080/libs/bower/select2/select2.css" "Mozilla/5.0 (X11; Fedora; Linux x86_64; rv:69.0) Gecko/20100101 Firefox/69.0"
0:0:0:0:0:0:0:1 - - [19/Mar/2020:17:37:49 +0000] "GET /service/plugins/definitions/3?_=1584639460098 HTTP/1.1" 200 9943 "http://localhost:6080/index.html" "Mozilla/5.0 (X11; Fedora; Linux x86_64; rv:69.0) Gecko/20100101 Firefox/69.0"
0:0:0:0:0:0:0:1 - - [19/Mar/2020:17:56:02 +0000] "GET /service/plugins/definitions?pageSource=Audit&page=0&pageSize=25&startIndex=0&_=1584639460099 HTTP/1.1" 200 76195 "http://localhost:6080/index.html" "Mozilla/5.0 (X11; Fedora; Linux x86_64; rv:69.0) Gecko/20100101 Firefox/69.0"
0:0:0:0:0:0:0:1 - - [19/Mar/2020:17:56:02 +0000] "GET /fonts/fontopensans/open-sans-400i.woff HTTP/1.1" 200 16384 "http://localhost:6080/styles/app-font.css" "Mozilla/5.0 (X11; Fedora; Linux x86_64; rv:69.0) Gecko/20100101 Firefox/69.0"
0:0:0:0:0:0:0:1 - - [19/Mar/2020:17:56:03 +0000] "GET /service/assets/accessAudit?page=0&pageSize=25&startIndex=0&sortBy=eventTime&startDate=03%2F19%2F2020&_=1584639460100 HTTP/1.1" 400 261 "http://localhost:6080/index.html" "Mozilla/5.0 (X11; Fedora; Linux x86_64; rv:69.0) Gecko/20100101 Firefox/69.0"
0:0:0:0:0:0:0:1 - - [19/Mar/2020:18:15:32 +0000] "GET /service/plugins/definitions?page=0&pageSize=25&startIndex=0&sortBy=serviceTypeId&_=1584639460101 HTTP/1.1" 200 74344 "http://localhost:6080/index.html" "Mozilla/5.0 (X11; Fedora; Linux x86_64; rv:69.0) Gecko/20100101 Firefox/69.0"
0:0:0:0:0:0:0:1 - - [19/Mar/2020:18:15:32 +0000] "GET /service/zones/zones?page=0&pageSize=25&startIndex=0&_=1584639460102 HTTP/1.1" 200 117 "http://localhost:6080/index.html" "Mozilla/5.0 (X11; Fedora; Linux x86_64; rv:69.0) Gecko/20100101 Firefox/69.0"
0:0:0:0:0:0:0:1 - - [19/Mar/2020:18:15:32 +0000] "GET /service/plugins/services?page=0&pageSize=100&total_pages=0&startIndex=0&_=1584639460103 HTTP/1.1" 200 112 "http://localhost:6080/index.html" "Mozilla/5.0 (X11; Fedora; Linux x86_64; rv:69.0) Gecko/20100101 Firefox/69.0"
0:0:0:0:0:0:0:1 - - [19/Mar/2020:18:15:37 +0000] "GET /service/plugins/definitions/3?_=1584639460104 HTTP/1.1" 200 9943 "http://localhost:6080/index.html" "Mozilla/5.0 (X11; Fedora; Linux x86_64; rv:69.0) Gecko/20100101 Firefox/69.0"
0:0:0:0:0:0:0:1 - - [19/Mar/2020:18:15:41 +0000] "GET /libs/bower/select2/select2-spinner.gif HTTP/1.1" 200 1849 "http://localhost:6080/libs/bower/select2/select2.css" "Mozilla/5.0 (X11; Fedora; Linux x86_64; rv:69.0) Gecko/20100101 Firefox/69.0"
0:0:0:0:0:0:0:1 - - [19/Mar/2020:18:15:41 +0000] "GET /service/plugins/services?serviceNamePartial=&serviceType=tag&_=1584639460105 HTTP/1.1" 200 112 "http://localhost:6080/index.html" "Mozilla/5.0 (X11; Fedora; Linux x86_64; rv:69.0) Gecko/20100101 Firefox/69.0"
0:0:0:0:0:0:0:1 - - [19/Mar/2020:18:50:16 +0000] "GET /service/plugins/definitions?page=0&pageSize=25&startIndex=0&sortBy=serviceTypeId&_=1584639460106 HTTP/1.1" 200 74344 "http://localhost:6080/index.html" "Mozilla/5.0 (X11; Fedora; Linux x86_64; rv:69.0) Gecko/20100101 Firefox/69.0"
0:0:0:0:0:0:0:1 - - [19/Mar/2020:18:50:16 +0000] "GET /service/zones/zones?page=0&pageSize=25&startIndex=0&_=1584639460107 HTTP/1.1" 200 117 "http://localhost:6080/index.html" "Mozilla/5.0 (X11; Fedora; Linux x86_64; rv:69.0) Gecko/20100101 Firefox/69.0"
0:0:0:0:0:0:0:1 - - [19/Mar/2020:18:50:16 +0000] "GET /service/plugins/services?page=0&pageSize=100&total_pages=0&startIndex=0&_=1584639460108 HTTP/1.1" 200 112 "http://localhost:6080/index.html" "Mozilla/5.0 (X11; Fedora; Linux x86_64; rv:69.0) Gecko/20100101 Firefox/69.0"
0:0:0:0:0:0:0:1 - - [19/Mar/2020:18:50:19 +0000] "GET /service/plugins/definitions/1?_=1584639460109 HTTP/1.1" 200 3760 "http://localhost:6080/index.html" "Mozilla/5.0 (X11; Fedora; Linux x86_64; rv:69.0) Gecko/20100101 Firefox/69.0"
0:0:0:0:0:0:0:1 - - [19/Mar/2020:18:50:50 +0000] "GET /service/plugins/services?serviceNamePartial=&serviceType=tag&_=1584639460110 HTTP/1.1" 200 112 "http://localhost:6080/index.html" "Mozilla/5.0 (X11; Fedora; Linux x86_64; rv:69.0) Gecko/20100101 Firefox/69.0"
127.0.0.1 - - [19/Mar/2020:18:51:53 +0000] "POST /service/plugins/services/validateConfig HTTP/1.1" 200 335 "http://localhost:6080/index.html" "Mozilla/5.0 (X11; Fedora; Linux x86_64; rv:69.0) Gecko/20100101 Firefox/69.0"
0:0:0:0:0:0:0:1 - - [19/Mar/2020:20:13:39 +0000] "GET /service/plugins/definitions?page=0&pageSize=25&startIndex=0&sortBy=serviceTypeId&_=1584639460111 HTTP/1.1" 419 46 "http://localhost:6080/index.html" "Mozilla/5.0 (X11; Fedora; Linux x86_64; rv:69.0) Gecko/20100101 Firefox/69.0"
0:0:0:0:0:0:0:1 - - [19/Mar/2020:20:13:39 +0000] "GET /login.jsp?sessionTimeout=true HTTP/1.1" 200 3629 "http://localhost:6080/index.html" "Mozilla/5.0 (X11; Fedora; Linux x86_64; rv:69.0) Gecko/20100101 Firefox/69.0"
0:0:0:0:0:0:0:1 - - [19/Mar/2020:20:13:39 +0000] "GET /service/zones/zones?page=0&pageSize=25&startIndex=0&_=1584639460112 HTTP/1.1" 419 46 "http://localhost:6080/index.html" "Mozilla/5.0 (X11; Fedora; Linux x86_64; rv:69.0) Gecko/20100101 Firefox/69.0"
0:0:0:0:0:0:0:1 - - [19/Mar/2020:20:13:39 +0000] "GET /service/plugins/services?page=0&pageSize=100&total_pages=0&startIndex=0&_=1584639460113 HTTP/1.1" 419 46 "http://localhost:6080/login.jsp?sessionTimeout=true" "Mozilla/5.0 (X11; Fedora; Linux x86_64; rv:69.0) Gecko/20100101 Firefox/69.0"
0:0:0:0:0:0:0:1 - - [19/Mar/2020:20:13:41 +0000] "GET /login.jsp HTTP/1.1" 200 3629 "http://localhost:6080/login.jsp?sessionTimeout=true" "Mozilla/5.0 (X11; Fedora; Linux x86_64; rv:69.0) Gecko/20100101 Firefox/69.0"
0:0:0:0:0:0:0:1 - - [19/Mar/2020:20:13:41 +0000] "GET /images/favicon.ico HTTP/1.1" 302 - "-" "Mozilla/5.0 (X11; Fedora; Linux x86_64; rv:69.0) Gecko/20100101 Firefox/69.0"
0:0:0:0:0:0:0:1 - - [19/Mar/2020:20:13:45 +0000] "POST /login HTTP/1.1" 200 47 "http://localhost:6080/login.jsp" "Mozilla/5.0 (X11; Fedora; Linux x86_64; rv:69.0) Gecko/20100101 Firefox/69.0"
0:0:0:0:0:0:0:1 - - [19/Mar/2020:20:13:45 +0000] "GET /index.html HTTP/1.1" 200 5593 "http://localhost:6080/login.jsp" "Mozilla/5.0 (X11; Fedora; Linux x86_64; rv:69.0) Gecko/20100101 Firefox/69.0"
0:0:0:0:0:0:0:1 - - [19/Mar/2020:20:13:45 +0000] "GET /scripts/Main.min.js?ver=2.0.1-SNAPSHOT HTTP/1.1" 200 2164620 "http://localhost:6080/index.html" "Mozilla/5.0 (X11; Fedora; Linux x86_64; rv:69.0) Gecko/20100101 Firefox/69.0"
0:0:0:0:0:0:0:1 - - [19/Mar/2020:20:13:46 +0000] "GET /service/plugins/csrfconf HTTP/1.1" 200 222 "http://localhost:6080/index.html" "Mozilla/5.0 (X11; Fedora; Linux x86_64; rv:69.0) Gecko/20100101 Firefox/69.0"
0:0:0:0:0:0:0:1 - - [19/Mar/2020:20:13:46 +0000] "GET /service/users/profile?_=1584648826039 HTTP/1.1" 200 1453 "http://localhost:6080/index.html" "Mozilla/5.0 (X11; Fedora; Linux x86_64; rv:69.0) Gecko/20100101 Firefox/69.0"
0:0:0:0:0:0:0:1 - - [19/Mar/2020:20:13:46 +0000] "GET /service/plugins/checksso HTTP/1.1" 200 15 "http://localhost:6080/index.html" "Mozilla/5.0 (X11; Fedora; Linux x86_64; rv:69.0) Gecko/20100101 Firefox/69.0"
0:0:0:0:0:0:0:1 - - [19/Mar/2020:20:13:46 +0000] "GET /service/plugins/definitions?page=0&pageSize=25&startIndex=0&sortBy=serviceTypeId&_=1584648826040 HTTP/1.1" 200 74344 "http://localhost:6080/index.html" "Mozilla/5.0 (X11; Fedora; Linux x86_64; rv:69.0) Gecko/20100101 Firefox/69.0"
0:0:0:0:0:0:0:1 - - [19/Mar/2020:20:13:46 +0000] "GET /service/zones/zones?page=0&pageSize=25&startIndex=0&_=1584648826041 HTTP/1.1" 200 117 "http://localhost:6080/index.html" "Mozilla/5.0 (X11; Fedora; Linux x86_64; rv:69.0) Gecko/20100101 Firefox/69.0"
0:0:0:0:0:0:0:1 - - [19/Mar/2020:20:13:46 +0000] "GET /service/plugins/services?page=0&pageSize=100&total_pages=0&startIndex=0&_=1584648826042 HTTP/1.1" 200 112 "http://localhost:6080/index.html" "Mozilla/5.0 (X11; Fedora; Linux x86_64; rv:69.0) Gecko/20100101 Firefox/69.0"
0:0:0:0:0:0:0:1 - - [19/Mar/2020:20:13:46 +0000] "GET /libs/bower/select2/select2.png HTTP/1.1" 200 613 "http://localhost:6080/libs/bower/select2/select2.css" "Mozilla/5.0 (X11; Fedora; Linux x86_64; rv:69.0) Gecko/20100101 Firefox/69.0"
0:0:0:0:0:0:0:1 - - [19/Mar/2020:20:14:12 +0000] "GET /service/plugins/definitions?page=0&pageSize=25&startIndex=0&sortBy=serviceTypeId&_=1584648826043 HTTP/1.1" 200 74344 "http://localhost:6080/index.html" "Mozilla/5.0 (X11; Fedora; Linux x86_64; rv:69.0) Gecko/20100101 Firefox/69.0"
0:0:0:0:0:0:0:1 - - [19/Mar/2020:20:14:12 +0000] "GET /service/zones/zones?page=0&pageSize=25&startIndex=0&_=1584648826044 HTTP/1.1" 200 117 "http://localhost:6080/index.html" "Mozilla/5.0 (X11; Fedora; Linux x86_64; rv:69.0) Gecko/20100101 Firefox/69.0"
0:0:0:0:0:0:0:1 - - [19/Mar/2020:20:14:12 +0000] "GET /service/plugins/services?page=0&pageSize=100&total_pages=0&startIndex=0&_=1584648826045 HTTP/1.1" 200 112 "http://localhost:6080/index.html" "Mozilla/5.0 (X11; Fedora; Linux x86_64; rv:69.0) Gecko/20100101 Firefox/69.0"
0:0:0:0:0:0:0:1 - - [19/Mar/2020:20:14:13 +0000] "GET /service/plugins/definitions?page=0&pageSize=25&startIndex=0&sortBy=serviceTypeId&_=1584648826046 HTTP/1.1" 200 74344 "http://localhost:6080/index.html" "Mozilla/5.0 (X11; Fedora; Linux x86_64; rv:69.0) Gecko/20100101 Firefox/69.0"
0:0:0:0:0:0:0:1 - - [19/Mar/2020:20:14:13 +0000] "GET /service/zones/zones?page=0&pageSize=25&startIndex=0&_=1584648826047 HTTP/1.1" 200 117 "http://localhost:6080/index.html" "Mozilla/5.0 (X11; Fedora; Linux x86_64; rv:69.0) Gecko/20100101 Firefox/69.0"
0:0:0:0:0:0:0:1 - - [19/Mar/2020:20:14:13 +0000] "GET /service/plugins/services?page=0&pageSize=100&total_pages=0&startIndex=0&_=1584648826048 HTTP/1.1" 200 112 "http://localhost:6080/index.html" "Mozilla/5.0 (X11; Fedora; Linux x86_64; rv:69.0) Gecko/20100101 Firefox/69.0"
0:0:0:0:0:0:0:1 - - [19/Mar/2020:20:16:57 +0000] "GET /service/plugins/definitions/3?_=1584648826049 HTTP/1.1" 200 9943 "http://localhost:6080/index.html" "Mozilla/5.0 (X11; Fedora; Linux x86_64; rv:69.0) Gecko/20100101 Firefox/69.0"
0:0:0:0:0:0:0:1 - - [19/Mar/2020:20:17:10 +0000] "GET /libs/bower/select2/select2-spinner.gif HTTP/1.1" 200 1849 "http://localhost:6080/libs/bower/select2/select2.css" "Mozilla/5.0 (X11; Fedora; Linux x86_64; rv:69.0) Gecko/20100101 Firefox/69.0"
0:0:0:0:0:0:0:1 - - [19/Mar/2020:20:17:10 +0000] "GET /service/plugins/services?serviceNamePartial=&serviceType=tag&_=1584648826050 HTTP/1.1" 200 112 "http://localhost:6080/index.html" "Mozilla/5.0 (X11; Fedora; Linux x86_64; rv:69.0) Gecko/20100101 Firefox/69.0"
0:0:0:0:0:0:0:1 - - [19/Mar/2020:20:19:46 +0000] "POST /service/plugins/services/validateConfig HTTP/1.1" 200 707 "http://localhost:6080/index.html" "Mozilla/5.0 (X11; Fedora; Linux x86_64; rv:69.0) Gecko/20100101 Firefox/69.0"
0:0:0:0:0:0:0:1 - - [19/Mar/2020:20:19:55 +0000] "POST /service/plugins/services/validateConfig HTTP/1.1" 200 707 "http://localhost:6080/index.html" "Mozilla/5.0 (X11; Fedora; Linux x86_64; rv:69.0) Gecko/20100101 Firefox/69.0"
127.0.0.1 - - [19/Mar/2020:20:23:35 +0000] "POST /service/plugins/services/validateConfig HTTP/1.1" 200 566 "http://localhost:6080/index.html" "Mozilla/5.0 (X11; Fedora; Linux x86_64; rv:69.0) Gecko/20100101 Firefox/69.0"
127.0.0.1 - - [19/Mar/2020:20:27:05 +0000] "POST /service/plugins/services/validateConfig HTTP/1.1" 200 566 "http://localhost:6080/index.html" "Mozilla/5.0 (X11; Fedora; Linux x86_64; rv:69.0) Gecko/20100101 Firefox/69.0"
127.0.0.1 - - [19/Mar/2020:20:27:24 +0000] "POST /service/plugins/services/validateConfig HTTP/1.1" 200 566 "http://localhost:6080/index.html" "Mozilla/5.0 (X11; Fedora; Linux x86_64; rv:69.0) Gecko/20100101 Firefox/69.0"
127.0.0.1 - - [19/Mar/2020:20:29:05 +0000] "POST /service/plugins/services/validateConfig HTTP/1.1" 200 566 "http://localhost:6080/index.html" "Mozilla/5.0 (X11; Fedora; Linux x86_64; rv:69.0) Gecko/20100101 Firefox/69.0"
127.0.0.1 - - [19/Mar/2020:20:36:06 +0000] "POST /service/plugins/services/validateConfig HTTP/1.1" 200 566 "http://localhost:6080/index.html" "Mozilla/5.0 (X11; Fedora; Linux x86_64; rv:69.0) Gecko/20100101 Firefox/69.0"
127.0.0.1 - - [19/Mar/2020:20:37:06 +0000] "POST /service/plugins/services/validateConfig HTTP/1.1" 200 564 "http://localhost:6080/index.html" "Mozilla/5.0 (X11; Fedora; Linux x86_64; rv:69.0) Gecko/20100101 Firefox/69.0"
127.0.0.1 - - [19/Mar/2020:20:37:18 +0000] "POST /service/plugins/services/validateConfig HTTP/1.1" 200 874 "http://localhost:6080/index.html" "Mozilla/5.0 (X11; Fedora; Linux x86_64; rv:69.0) Gecko/20100101 Firefox/69.0"
127.0.0.1 - - [19/Mar/2020:20:37:22 +0000] "POST /service/plugins/services/validateConfig HTTP/1.1" 200 874 "http://localhost:6080/index.html" "Mozilla/5.0 (X11; Fedora; Linux x86_64; rv:69.0) Gecko/20100101 Firefox/69.0"
127.0.0.1 - - [19/Mar/2020:20:38:01 +0000] "POST /service/plugins/services/validateConfig HTTP/1.1" 200 1002 "http://localhost:6080/index.html" "Mozilla/5.0 (X11; Fedora; Linux x86_64; rv:69.0) Gecko/20100101 Firefox/69.0"
127.0.0.1 - - [19/Mar/2020:20:45:44 +0000] "POST /service/plugins/services/validateConfig HTTP/1.1" 200 1002 "http://localhost:6080/index.html" "Mozilla/5.0 (X11; Fedora; Linux x86_64; rv:69.0) Gecko/20100101 Firefox/69.0"
0:0:0:0:0:0:0:1 - - [19/Mar/2020:21:27:20 +0000] "POST /service/plugins/services/validateConfig HTTP/1.1" 200 1038 "http://localhost:6080/index.html" "Mozilla/5.0 (X11; Fedora; Linux x86_64; rv:69.0) Gecko/20100101 Firefox/69.0"
0:0:0:0:0:0:0:1 - - [19/Mar/2020:21:32:24 +0000] "POST /service/plugins/services/validateConfig HTTP/1.1" 200 1417 "http://localhost:6080/index.html" "Mozilla/5.0 (X11; Fedora; Linux x86_64; rv:69.0) Gecko/20100101 Firefox/69.0"
0:0:0:0:0:0:0:1 - - [19/Mar/2020:21:36:04 +0000] "POST /service/plugins/services/validateConfig HTTP/1.1" 200 1417 "http://localhost:6080/index.html" "Mozilla/5.0 (X11; Fedora; Linux x86_64; rv:69.0) Gecko/20100101 Firefox/69.0"
0:0:0:0:0:0:0:1 - - [19/Mar/2020:22:53:06 +0000] "POST /service/plugins/services/validateConfig HTTP/1.1" 419 46 "http://localhost:6080/index.html" "Mozilla/5.0 (X11; Fedora; Linux x86_64; rv:69.0) Gecko/20100101 Firefox/69.0"
0:0:0:0:0:0:0:1 - - [19/Mar/2020:22:53:13 +0000] "GET /index.html HTTP/1.1" 302 - "-" "Mozilla/5.0 (X11; Fedora; Linux x86_64; rv:69.0) Gecko/20100101 Firefox/69.0"
0:0:0:0:0:0:0:1 - - [19/Mar/2020:22:53:13 +0000] "GET /login.jsp HTTP/1.1" 200 3629 "-" "Mozilla/5.0 (X11; Fedora; Linux x86_64; rv:69.0) Gecko/20100101 Firefox/69.0"
0:0:0:0:0:0:0:1 - - [19/Mar/2020:22:53:13 +0000] "GET /libs/bower/jquery/js/jquery-3.4.1.js HTTP/1.1" 304 - "http://localhost:6080/login.jsp" "Mozilla/5.0 (X11; Fedora; Linux x86_64; rv:69.0) Gecko/20100101 Firefox/69.0"
0:0:0:0:0:0:0:1 - - [19/Mar/2020:22:53:13 +0000] "GET /scripts/prelogin/XAPrelogin.js HTTP/1.1" 200 3580 "http://localhost:6080/login.jsp" "Mozilla/5.0 (X11; Fedora; Linux x86_64; rv:69.0) Gecko/20100101 Firefox/69.0"
0:0:0:0:0:0:0:1 - - [19/Mar/2020:22:53:13 +0000] "GET /styles/xa.css HTTP/1.1" 200 55980 "http://localhost:6080/login.jsp" "Mozilla/5.0 (X11; Fedora; Linux x86_64; rv:69.0) Gecko/20100101 Firefox/69.0"
0:0:0:0:0:0:0:1 - - [19/Mar/2020:22:53:13 +0000] "GET /styles/bootstrap.min.css HTTP/1.1" 200 147842 "http://localhost:6080/login.jsp" "Mozilla/5.0 (X11; Fedora; Linux x86_64; rv:69.0) Gecko/20100101 Firefox/69.0"
0:0:0:0:0:0:0:1 - - [19/Mar/2020:22:53:13 +0000] "GET /images/logo.png HTTP/1.1" 200 4493 "http://localhost:6080/login.jsp" "Mozilla/5.0 (X11; Fedora; Linux x86_64; rv:69.0) Gecko/20100101 Firefox/69.0"
0:0:0:0:0:0:0:1 - - [19/Mar/2020:22:53:19 +0000] "POST /login HTTP/1.1" 200 47 "http://localhost:6080/login.jsp" "Mozilla/5.0 (X11; Fedora; Linux x86_64; rv:69.0) Gecko/20100101 Firefox/69.0"
0:0:0:0:0:0:0:1 - - [19/Mar/2020:22:53:19 +0000] "GET /index.html HTTP/1.1" 200 5593 "http://localhost:6080/login.jsp" "Mozilla/5.0 (X11; Fedora; Linux x86_64; rv:69.0) Gecko/20100101 Firefox/69.0"
0:0:0:0:0:0:0:1 - - [19/Mar/2020:22:53:19 +0000] "GET /scripts/Main.min.js?ver=2.0.1-SNAPSHOT HTTP/1.1" 200 2164620 "http://localhost:6080/index.html" "Mozilla/5.0 (X11; Fedora; Linux x86_64; rv:69.0) Gecko/20100101 Firefox/69.0"
0:0:0:0:0:0:0:1 - - [19/Mar/2020:22:53:20 +0000] "GET /service/plugins/csrfconf HTTP/1.1" 200 222 "http://localhost:6080/index.html" "Mozilla/5.0 (X11; Fedora; Linux x86_64; rv:69.0) Gecko/20100101 Firefox/69.0"
0:0:0:0:0:0:0:1 - - [19/Mar/2020:22:53:20 +0000] "GET /service/users/profile?_=1584658399963 HTTP/1.1" 200 1453 "http://localhost:6080/index.html" "Mozilla/5.0 (X11; Fedora; Linux x86_64; rv:69.0) Gecko/20100101 Firefox/69.0"
0:0:0:0:0:0:0:1 - - [19/Mar/2020:22:53:20 +0000] "GET /service/plugins/checksso HTTP/1.1" 200 15 "http://localhost:6080/index.html" "Mozilla/5.0 (X11; Fedora; Linux x86_64; rv:69.0) Gecko/20100101 Firefox/69.0"
0:0:0:0:0:0:0:1 - - [19/Mar/2020:22:53:20 +0000] "GET /service/plugins/definitions/3?_=1584658399964 HTTP/1.1" 200 9943 "http://localhost:6080/index.html" "Mozilla/5.0 (X11; Fedora; Linux x86_64; rv:69.0) Gecko/20100101 Firefox/69.0"
0:0:0:0:0:0:0:1 - - [19/Mar/2020:22:53:20 +0000] "GET /libs/bower/select2/select2.png HTTP/1.1" 200 613 "http://localhost:6080/libs/bower/select2/select2.css" "Mozilla/5.0 (X11; Fedora; Linux x86_64; rv:69.0) Gecko/20100101 Firefox/69.0"
0:0:0:0:0:0:0:1 - - [19/Mar/2020:22:59:53 +0000] "POST /service/plugins/services/validateConfig HTTP/1.1" 200 1406 "http://localhost:6080/index.html" "Mozilla/5.0 (X11; Fedora; Linux x86_64; rv:69.0) Gecko/20100101 Firefox/69.0"
0:0:0:0:0:0:0:1 - - [19/Mar/2020:23:03:32 +0000] "POST /service/plugins/services/validateConfig HTTP/1.1" 200 1406 "http://localhost:6080/index.html" "Mozilla/5.0 (X11; Fedora; Linux x86_64; rv:69.0) Gecko/20100101 Firefox/69.0"
0:0:0:0:0:0:0:1 - - [19/Mar/2020:23:03:47 +0000] "GET /index.html HTTP/1.1" 200 5593 "http://localhost:6080/login.jsp" "Mozilla/5.0 (X11; Fedora; Linux x86_64; rv:69.0) Gecko/20100101 Firefox/69.0"
0:0:0:0:0:0:0:1 - - [19/Mar/2020:23:03:47 +0000] "GET /scripts/Main.min.js?ver=2.0.1-SNAPSHOT HTTP/1.1" 200 2164620 "http://localhost:6080/index.html" "Mozilla/5.0 (X11; Fedora; Linux x86_64; rv:69.0) Gecko/20100101 Firefox/69.0"
0:0:0:0:0:0:0:1 - - [19/Mar/2020:23:03:47 +0000] "GET /service/plugins/csrfconf HTTP/1.1" 200 222 "http://localhost:6080/index.html" "Mozilla/5.0 (X11; Fedora; Linux x86_64; rv:69.0) Gecko/20100101 Firefox/69.0"
0:0:0:0:0:0:0:1 - - [19/Mar/2020:23:03:47 +0000] "GET /service/users/profile?_=1584659027323 HTTP/1.1" 200 1453 "http://localhost:6080/index.html" "Mozilla/5.0 (X11; Fedora; Linux x86_64; rv:69.0) Gecko/20100101 Firefox/69.0"
0:0:0:0:0:0:0:1 - - [19/Mar/2020:23:03:47 +0000] "GET /service/plugins/checksso HTTP/1.1" 200 15 "http://localhost:6080/index.html" "Mozilla/5.0 (X11; Fedora; Linux x86_64; rv:69.0) Gecko/20100101 Firefox/69.0"
0:0:0:0:0:0:0:1 - - [19/Mar/2020:23:03:47 +0000] "GET /service/plugins/definitions/3?_=1584659027324 HTTP/1.1" 200 9943 "http://localhost:6080/index.html" "Mozilla/5.0 (X11; Fedora; Linux x86_64; rv:69.0) Gecko/20100101 Firefox/69.0"
0:0:0:0:0:0:0:1 - - [19/Mar/2020:23:03:47 +0000] "GET /libs/bower/select2/select2.png HTTP/1.1" 200 613 "http://localhost:6080/libs/bower/select2/select2.css" "Mozilla/5.0 (X11; Fedora; Linux x86_64; rv:69.0) Gecko/20100101 Firefox/69.0"
0:0:0:0:0:0:0:1 - - [19/Mar/2020:23:04:00 +0000] "POST /service/plugins/services/validateConfig HTTP/1.1" 200 1406 "http://localhost:6080/index.html" "Mozilla/5.0 (X11; Fedora; Linux x86_64; rv:69.0) Gecko/20100101 Firefox/69.0"
0:0:0:0:0:0:0:1 - - [19/Mar/2020:23:07:21 +0000] "POST /service/plugins/services/validateConfig HTTP/1.1" 200 121 "http://localhost:6080/index.html" "Mozilla/5.0 (X11; Fedora; Linux x86_64; rv:69.0) Gecko/20100101 Firefox/69.0"
0:0:0:0:0:0:0:1 - - [19/Mar/2020:23:08:03 +0000] "GET /images/blockLoading.gif HTTP/1.1" 200 3209 "http://localhost:6080/index.html" "Mozilla/5.0 (X11; Fedora; Linux x86_64; rv:69.0) Gecko/20100101 Firefox/69.0"
0:0:0:0:0:0:0:1 - - [19/Mar/2020:23:08:03 +0000] "GET /images/blank.gif HTTP/1.1" 200 43 "http://localhost:6080/index.html" "Mozilla/5.0 (X11; Fedora; Linux x86_64; rv:69.0) Gecko/20100101 Firefox/69.0"
0:0:0:0:0:0:0:1 - - [19/Mar/2020:23:08:04 +0000] "POST /service/plugins/services HTTP/1.1" 200 489 "http://localhost:6080/index.html" "Mozilla/5.0 (X11; Fedora; Linux x86_64; rv:69.0) Gecko/20100101 Firefox/69.0"
0:0:0:0:0:0:0:1 - - [19/Mar/2020:23:08:04 +0000] "GET /service/plugins/definitions?page=0&pageSize=25&startIndex=0&sortBy=serviceTypeId&_=1584659027325 HTTP/1.1" 200 74344 "http://localhost:6080/index.html" "Mozilla/5.0 (X11; Fedora; Linux x86_64; rv:69.0) Gecko/20100101 Firefox/69.0"
0:0:0:0:0:0:0:1 - - [19/Mar/2020:23:08:04 +0000] "GET /service/zones/zones?page=0&pageSize=25&startIndex=0&_=1584659027326 HTTP/1.1" 200 117 "http://localhost:6080/index.html" "Mozilla/5.0 (X11; Fedora; Linux x86_64; rv:69.0) Gecko/20100101 Firefox/69.0"
0:0:0:0:0:0:0:1 - - [19/Mar/2020:23:08:05 +0000] "GET /service/plugins/services?page=0&pageSize=100&total_pages=0&startIndex=0&_=1584659027327 HTTP/1.1" 200 630 "http://localhost:6080/index.html" "Mozilla/5.0 (X11; Fedora; Linux x86_64; rv:69.0) Gecko/20100101 Firefox/69.0"
