0:0:0:0:0:0:0:1 - - [11/Apr/2020:00:23:18 +0000] "POST /service/plugins/services/validateConfig HTTP/1.1" 419 46 "http://localhost:6080/index.html" "Mozilla/5.0 (X11; Fedora; Linux x86_64; rv:69.0) Gecko/20100101 Firefox/69.0"
0:0:0:0:0:0:0:1 - - [11/Apr/2020:00:23:21 +0000] "GET /login.jsp?sessionTimeout=true HTTP/1.1" 200 3629 "http://localhost:6080/index.html" "Mozilla/5.0 (X11; Fedora; Linux x86_64; rv:69.0) Gecko/20100101 Firefox/69.0"
0:0:0:0:0:0:0:1 - - [11/Apr/2020:00:23:21 +0000] "GET /login.jsp HTTP/1.1" 200 3629 "-" "Mozilla/5.0 (X11; Fedora; Linux x86_64; rv:69.0) Gecko/20100101 Firefox/69.0"
0:0:0:0:0:0:0:1 - - [11/Apr/2020:00:23:23 +0000] "GET /login.jsp HTTP/1.1" 200 3629 "http://localhost:6080/login.jsp?sessionTimeout=true" "Mozilla/5.0 (X11; Fedora; Linux x86_64; rv:69.0) Gecko/20100101 Firefox/69.0"
0:0:0:0:0:0:0:1 - - [11/Apr/2020:00:23:28 +0000] "POST /login HTTP/1.1" 200 47 "http://localhost:6080/login.jsp" "Mozilla/5.0 (X11; Fedora; Linux x86_64; rv:69.0) Gecko/20100101 Firefox/69.0"
0:0:0:0:0:0:0:1 - - [11/Apr/2020:00:23:28 +0000] "GET /index.html HTTP/1.1" 200 5593 "http://localhost:6080/login.jsp" "Mozilla/5.0 (X11; Fedora; Linux x86_64; rv:69.0) Gecko/20100101 Firefox/69.0"
0:0:0:0:0:0:0:1 - - [11/Apr/2020:00:23:28 +0000] "GET /favicon.ico HTTP/1.1" 200 6774 "-" "Mozilla/5.0 (X11; Fedora; Linux x86_64; rv:69.0) Gecko/20100101 Firefox/69.0"
0:0:0:0:0:0:0:1 - - [11/Apr/2020:00:23:28 +0000] "GET /libs/other/backgrid/backgrid.css HTTP/1.1" 200 5618 "http://localhost:6080/index.html" "Mozilla/5.0 (X11; Fedora; Linux x86_64; rv:69.0) Gecko/20100101 Firefox/69.0"
0:0:0:0:0:0:0:1 - - [11/Apr/2020:00:23:28 +0000] "GET /libs/bower/backgrid-paginator/css/backgrid-paginator.css HTTP/1.1" 200 1212 "http://localhost:6080/index.html" "Mozilla/5.0 (X11; Fedora; Linux x86_64; rv:69.0) Gecko/20100101 Firefox/69.0"
0:0:0:0:0:0:0:1 - - [11/Apr/2020:00:23:28 +0000] "GET /libs/bower/backgrid-filter/css/backgrid-filter.css HTTP/1.1" 200 3087 "http://localhost:6080/index.html" "Mozilla/5.0 (X11; Fedora; Linux x86_64; rv:69.0) Gecko/20100101 Firefox/69.0"
0:0:0:0:0:0:0:1 - - [11/Apr/2020:00:23:28 +0000] "GET /libs/bower/select2/select2.css HTTP/1.1" 200 17679 "http://localhost:6080/index.html" "Mozilla/5.0 (X11; Fedora; Linux x86_64; rv:69.0) Gecko/20100101 Firefox/69.0"
0:0:0:0:0:0:0:1 - - [11/Apr/2020:00:23:28 +0000] "GET /libs/bower/tag-it/css/jquery.tagit.css HTTP/1.1" 200 1412 "http://localhost:6080/index.html" "Mozilla/5.0 (X11; Fedora; Linux x86_64; rv:69.0) Gecko/20100101 Firefox/69.0"
0:0:0:0:0:0:0:1 - - [11/Apr/2020:00:23:28 +0000] "GET /libs/bower/bootstrap-notify/css/bootstrap-notify.css HTTP/1.1" 200 408 "http://localhost:6080/index.html" "Mozilla/5.0 (X11; Fedora; Linux x86_64; rv:69.0) Gecko/20100101 Firefox/69.0"
0:0:0:0:0:0:0:1 - - [11/Apr/2020:00:23:28 +0000] "GET /libs/other/datepicker/css/datepicker.css HTTP/1.1" 200 6660 "http://localhost:6080/index.html" "Mozilla/5.0 (X11; Fedora; Linux x86_64; rv:69.0) Gecko/20100101 Firefox/69.0"
0:0:0:0:0:0:0:1 - - [11/Apr/2020:00:23:28 +0000] "GET /libs/bower/x-editable/css/bootstrap-editable.css HTTP/1.1" 200 21018 "http://localhost:6080/index.html" "Mozilla/5.0 (X11; Fedora; Linux x86_64; rv:69.0) Gecko/20100101 Firefox/69.0"
0:0:0:0:0:0:0:1 - - [11/Apr/2020:00:23:28 +0000] "GET /libs/other/bootstrap-datetimepicker/css/bootstrap-datetimepicker.min.css HTTP/1.1" 200 11276 "http://localhost:6080/index.html" "Mozilla/5.0 (X11; Fedora; Linux x86_64; rv:69.0) Gecko/20100101 Firefox/69.0"
0:0:0:0:0:0:0:1 - - [11/Apr/2020:00:23:28 +0000] "GET /libs/other/jquery-ui/css/jquery-ui.min.css HTTP/1.1" 200 32076 "http://localhost:6080/index.html" "Mozilla/5.0 (X11; Fedora; Linux x86_64; rv:69.0) Gecko/20100101 Firefox/69.0"
0:0:0:0:0:0:0:1 - - [11/Apr/2020:00:23:28 +0000] "GET /libs/other/visualsearch/css/workspace.css HTTP/1.1" 200 7497 "http://localhost:6080/index.html" "Mozilla/5.0 (X11; Fedora; Linux x86_64; rv:69.0) Gecko/20100101 Firefox/69.0"
0:0:0:0:0:0:0:1 - - [11/Apr/2020:00:23:28 +0000] "GET /libs/other/visualsearch/css/icons.css HTTP/1.1" 200 562 "http://localhost:6080/index.html" "Mozilla/5.0 (X11; Fedora; Linux x86_64; rv:69.0) Gecko/20100101 Firefox/69.0"
0:0:0:0:0:0:0:1 - - [11/Apr/2020:00:23:28 +0000] "GET /scripts/Main.min.js?ver=2.0.1-SNAPSHOT HTTP/1.1" 200 2164620 "http://localhost:6080/index.html" "Mozilla/5.0 (X11; Fedora; Linux x86_64; rv:69.0) Gecko/20100101 Firefox/69.0"
0:0:0:0:0:0:0:1 - - [11/Apr/2020:00:23:28 +0000] "GET /libs/bower/requirejs/js/require.js HTTP/1.1" 200 82626 "http://localhost:6080/index.html" "Mozilla/5.0 (X11; Fedora; Linux x86_64; rv:69.0) Gecko/20100101 Firefox/69.0"
0:0:0:0:0:0:0:1 - - [11/Apr/2020:00:23:28 +0000] "GET /service/plugins/csrfconf HTTP/1.1" 200 222 "http://localhost:6080/index.html" "Mozilla/5.0 (X11; Fedora; Linux x86_64; rv:69.0) Gecko/20100101 Firefox/69.0"
0:0:0:0:0:0:0:1 - - [11/Apr/2020:00:23:28 +0000] "GET /service/users/profile?_=1586564608460 HTTP/1.1" 200 1453 "http://localhost:6080/index.html" "Mozilla/5.0 (X11; Fedora; Linux x86_64; rv:69.0) Gecko/20100101 Firefox/69.0"
0:0:0:0:0:0:0:1 - - [11/Apr/2020:00:23:28 +0000] "GET /images/avatar.png HTTP/1.1" 200 761 "http://localhost:6080/index.html" "Mozilla/5.0 (X11; Fedora; Linux x86_64; rv:69.0) Gecko/20100101 Firefox/69.0"
0:0:0:0:0:0:0:1 - - [11/Apr/2020:00:23:28 +0000] "GET /service/plugins/checksso HTTP/1.1" 200 15 "http://localhost:6080/index.html" "Mozilla/5.0 (X11; Fedora; Linux x86_64; rv:69.0) Gecko/20100101 Firefox/69.0"
0:0:0:0:0:0:0:1 - - [11/Apr/2020:00:23:29 +0000] "GET /service/plugins/definitions?page=0&pageSize=25&startIndex=0&sortBy=serviceTypeId&_=1586564608461 HTTP/1.1" 200 74344 "http://localhost:6080/index.html" "Mozilla/5.0 (X11; Fedora; Linux x86_64; rv:69.0) Gecko/20100101 Firefox/69.0"
0:0:0:0:0:0:0:1 - - [11/Apr/2020:00:23:29 +0000] "GET /service/zones/zones?page=0&pageSize=25&startIndex=0&_=1586564608462 HTTP/1.1" 200 117 "http://localhost:6080/index.html" "Mozilla/5.0 (X11; Fedora; Linux x86_64; rv:69.0) Gecko/20100101 Firefox/69.0"
0:0:0:0:0:0:0:1 - - [11/Apr/2020:00:23:29 +0000] "GET /service/plugins/services?page=0&pageSize=100&total_pages=0&startIndex=0&_=1586564608463 HTTP/1.1" 200 1105 "http://localhost:6080/index.html" "Mozilla/5.0 (X11; Fedora; Linux x86_64; rv:69.0) Gecko/20100101 Firefox/69.0"
0:0:0:0:0:0:0:1 - - [11/Apr/2020:00:23:29 +0000] "GET /images/folder-grey.png HTTP/1.1" 200 1372 "http://localhost:6080/index.html" "Mozilla/5.0 (X11; Fedora; Linux x86_64; rv:69.0) Gecko/20100101 Firefox/69.0"
0:0:0:0:0:0:0:1 - - [11/Apr/2020:00:23:29 +0000] "GET /libs/bower/select2/select2.png HTTP/1.1" 200 613 "http://localhost:6080/libs/bower/select2/select2.css" "Mozilla/5.0 (X11; Fedora; Linux x86_64; rv:69.0) Gecko/20100101 Firefox/69.0"
0:0:0:0:0:0:0:1 - - [11/Apr/2020:00:23:33 +0000] "GET /service/plugins/definitions/3?_=1586564608464 HTTP/1.1" 200 9943 "http://localhost:6080/index.html" "Mozilla/5.0 (X11; Fedora; Linux x86_64; rv:69.0) Gecko/20100101 Firefox/69.0"
0:0:0:0:0:0:0:1 - - [11/Apr/2020:00:24:02 +0000] "POST /service/plugins/services/validateConfig HTTP/1.1" 200 519 "http://localhost:6080/index.html" "Mozilla/5.0 (X11; Fedora; Linux x86_64; rv:69.0) Gecko/20100101 Firefox/69.0"
0:0:0:0:0:0:0:1 - - [11/Apr/2020:00:24:28 +0000] "GET /service/plugins/definitions?page=0&pageSize=25&startIndex=0&sortBy=serviceTypeId&_=1586564608465 HTTP/1.1" 200 74344 "http://localhost:6080/index.html" "Mozilla/5.0 (X11; Fedora; Linux x86_64; rv:69.0) Gecko/20100101 Firefox/69.0"
0:0:0:0:0:0:0:1 - - [11/Apr/2020:00:24:28 +0000] "GET /service/zones/zones?page=0&pageSize=25&startIndex=0&_=1586564608466 HTTP/1.1" 200 117 "http://localhost:6080/index.html" "Mozilla/5.0 (X11; Fedora; Linux x86_64; rv:69.0) Gecko/20100101 Firefox/69.0"
0:0:0:0:0:0:0:1 - - [11/Apr/2020:00:24:28 +0000] "GET /service/plugins/services?page=0&pageSize=100&total_pages=0&startIndex=0&_=1586564608467 HTTP/1.1" 200 1105 "http://localhost:6080/index.html" "Mozilla/5.0 (X11; Fedora; Linux x86_64; rv:69.0) Gecko/20100101 Firefox/69.0"
0:0:0:0:0:0:0:1 - - [11/Apr/2020:00:24:34 +0000] "GET /service/plugins/services/6?_=1586564608468 HTTP/1.1" 200 481 "http://localhost:6080/index.html" "Mozilla/5.0 (X11; Fedora; Linux x86_64; rv:69.0) Gecko/20100101 Firefox/69.0"
0:0:0:0:0:0:0:1 - - [11/Apr/2020:00:24:34 +0000] "GET /service/plugins/definitions/3?_=1586564608469 HTTP/1.1" 200 9943 "http://localhost:6080/index.html" "Mozilla/5.0 (X11; Fedora; Linux x86_64; rv:69.0) Gecko/20100101 Firefox/69.0"
0:0:0:0:0:0:0:1 - - [11/Apr/2020:00:24:38 +0000] "GET /service/plugins/definitions?page=0&pageSize=25&startIndex=0&sortBy=serviceTypeId&_=1586564608470 HTTP/1.1" 200 74344 "http://localhost:6080/index.html" "Mozilla/5.0 (X11; Fedora; Linux x86_64; rv:69.0) Gecko/20100101 Firefox/69.0"
0:0:0:0:0:0:0:1 - - [11/Apr/2020:00:24:38 +0000] "GET /service/zones/zones?page=0&pageSize=25&startIndex=0&_=1586564608471 HTTP/1.1" 200 117 "http://localhost:6080/index.html" "Mozilla/5.0 (X11; Fedora; Linux x86_64; rv:69.0) Gecko/20100101 Firefox/69.0"
0:0:0:0:0:0:0:1 - - [11/Apr/2020:00:24:38 +0000] "GET /service/plugins/services?page=0&pageSize=100&total_pages=0&startIndex=0&_=1586564608472 HTTP/1.1" 200 1105 "http://localhost:6080/index.html" "Mozilla/5.0 (X11; Fedora; Linux x86_64; rv:69.0) Gecko/20100101 Firefox/69.0"
0:0:0:0:0:0:0:1 - - [11/Apr/2020:00:24:39 +0000] "GET /service/plugins/services/6?_=1586564608473 HTTP/1.1" 200 481 "http://localhost:6080/index.html" "Mozilla/5.0 (X11; Fedora; Linux x86_64; rv:69.0) Gecko/20100101 Firefox/69.0"
0:0:0:0:0:0:0:1 - - [11/Apr/2020:00:24:39 +0000] "GET /service/plugins/definitions/name/hive?_=1586564608474 HTTP/1.1" 200 9943 "http://localhost:6080/index.html" "Mozilla/5.0 (X11; Fedora; Linux x86_64; rv:69.0) Gecko/20100101 Firefox/69.0"
0:0:0:0:0:0:0:1 - - [11/Apr/2020:00:24:39 +0000] "GET /libs/other/visualsearch/images/embed/icons/search_glyph.png HTTP/1.1" 200 420 "http://localhost:6080/libs/other/visualsearch/css/icons.css" "Mozilla/5.0 (X11; Fedora; Linux x86_64; rv:69.0) Gecko/20100101 Firefox/69.0"
0:0:0:0:0:0:0:1 - - [11/Apr/2020:00:24:39 +0000] "GET /libs/other/visualsearch/images/embed/icons/cancel_search.png HTTP/1.1" 200 541 "http://localhost:6080/libs/other/visualsearch/css/icons.css" "Mozilla/5.0 (X11; Fedora; Linux x86_64; rv:69.0) Gecko/20100101 Firefox/69.0"
0:0:0:0:0:0:0:1 - - [11/Apr/2020:00:24:39 +0000] "GET /service/plugins/policies/service/6?page=0&pageSize=25&startIndex=0&policyType=0&_=1586564608475 HTTP/1.1" 200 4926 "http://localhost:6080/index.html" "Mozilla/5.0 (X11; Fedora; Linux x86_64; rv:69.0) Gecko/20100101 Firefox/69.0"
0:0:0:0:0:0:0:1 - - [11/Apr/2020:00:24:39 +0000] "GET /images/loading.gif HTTP/1.1" 200 1849 "http://localhost:6080/styles/xa.css" "Mozilla/5.0 (X11; Fedora; Linux x86_64; rv:69.0) Gecko/20100101 Firefox/69.0"
0:0:0:0:0:0:0:1 - - [11/Apr/2020:00:24:42 +0000] "GET /service/plugins/services/6?_=1586564608476 HTTP/1.1" 200 481 "http://localhost:6080/index.html" "Mozilla/5.0 (X11; Fedora; Linux x86_64; rv:69.0) Gecko/20100101 Firefox/69.0"
0:0:0:0:0:0:0:1 - - [11/Apr/2020:00:24:43 +0000] "GET /service/plugins/policies/22?_=1586564608477 HTTP/1.1" 200 1348 "http://localhost:6080/index.html" "Mozilla/5.0 (X11; Fedora; Linux x86_64; rv:69.0) Gecko/20100101 Firefox/69.0"
0:0:0:0:0:0:0:1 - - [11/Apr/2020:00:24:43 +0000] "GET /service/plugins/definitions/name/hive?_=1586564608478 HTTP/1.1" 200 9943 "http://localhost:6080/index.html" "Mozilla/5.0 (X11; Fedora; Linux x86_64; rv:69.0) Gecko/20100101 Firefox/69.0"
0:0:0:0:0:0:0:1 - - [11/Apr/2020:00:24:47 +0000] "GET /images/blockLoading.gif HTTP/1.1" 200 3209 "http://localhost:6080/index.html" "Mozilla/5.0 (X11; Fedora; Linux x86_64; rv:69.0) Gecko/20100101 Firefox/69.0"
0:0:0:0:0:0:0:1 - - [11/Apr/2020:00:24:47 +0000] "GET /images/blank.gif HTTP/1.1" 200 43 "http://localhost:6080/index.html" "Mozilla/5.0 (X11; Fedora; Linux x86_64; rv:69.0) Gecko/20100101 Firefox/69.0"
0:0:0:0:0:0:0:1 - - [11/Apr/2020:00:24:47 +0000] "PUT /service/plugins/policies/22 HTTP/1.1" 200 1351 "http://localhost:6080/index.html" "Mozilla/5.0 (X11; Fedora; Linux x86_64; rv:69.0) Gecko/20100101 Firefox/69.0"
0:0:0:0:0:0:0:1 - - [11/Apr/2020:00:24:47 +0000] "GET /service/plugins/services/6?_=1586564608479 HTTP/1.1" 200 481 "http://localhost:6080/index.html" "Mozilla/5.0 (X11; Fedora; Linux x86_64; rv:69.0) Gecko/20100101 Firefox/69.0"
0:0:0:0:0:0:0:1 - - [11/Apr/2020:00:24:47 +0000] "GET /service/plugins/definitions/name/hive?_=1586564608480 HTTP/1.1" 200 9943 "http://localhost:6080/index.html" "Mozilla/5.0 (X11; Fedora; Linux x86_64; rv:69.0) Gecko/20100101 Firefox/69.0"
0:0:0:0:0:0:0:1 - - [11/Apr/2020:00:24:48 +0000] "GET /service/plugins/policies/service/6?page=0&pageSize=25&startIndex=0&policyType=0&_=1586564608481 HTTP/1.1" 200 4926 "http://localhost:6080/index.html" "Mozilla/5.0 (X11; Fedora; Linux x86_64; rv:69.0) Gecko/20100101 Firefox/69.0"
0:0:0:0:0:0:0:1 - - [11/Apr/2020:00:24:49 +0000] "GET /service/plugins/services/6?_=1586564608482 HTTP/1.1" 200 481 "http://localhost:6080/index.html" "Mozilla/5.0 (X11; Fedora; Linux x86_64; rv:69.0) Gecko/20100101 Firefox/69.0"
0:0:0:0:0:0:0:1 - - [11/Apr/2020:00:24:49 +0000] "GET /service/plugins/policies/23?_=1586564608483 HTTP/1.1" 200 1498 "http://localhost:6080/index.html" "Mozilla/5.0 (X11; Fedora; Linux x86_64; rv:69.0) Gecko/20100101 Firefox/69.0"
0:0:0:0:0:0:0:1 - - [11/Apr/2020:00:24:49 +0000] "GET /service/plugins/definitions/name/hive?_=1586564608484 HTTP/1.1" 200 9943 "http://localhost:6080/index.html" "Mozilla/5.0 (X11; Fedora; Linux x86_64; rv:69.0) Gecko/20100101 Firefox/69.0"
0:0:0:0:0:0:0:1 - - [11/Apr/2020:00:24:53 +0000] "PUT /service/plugins/policies/23 HTTP/1.1" 200 1501 "http://localhost:6080/index.html" "Mozilla/5.0 (X11; Fedora; Linux x86_64; rv:69.0) Gecko/20100101 Firefox/69.0"
0:0:0:0:0:0:0:1 - - [11/Apr/2020:00:24:53 +0000] "GET /service/plugins/services/6?_=1586564608485 HTTP/1.1" 200 481 "http://localhost:6080/index.html" "Mozilla/5.0 (X11; Fedora; Linux x86_64; rv:69.0) Gecko/20100101 Firefox/69.0"
0:0:0:0:0:0:0:1 - - [11/Apr/2020:00:24:53 +0000] "GET /service/plugins/definitions/name/hive?_=1586564608486 HTTP/1.1" 200 9943 "http://localhost:6080/index.html" "Mozilla/5.0 (X11; Fedora; Linux x86_64; rv:69.0) Gecko/20100101 Firefox/69.0"
0:0:0:0:0:0:0:1 - - [11/Apr/2020:00:24:53 +0000] "GET /service/plugins/policies/service/6?page=0&pageSize=25&startIndex=0&policyType=0&_=1586564608487 HTTP/1.1" 200 4926 "http://localhost:6080/index.html" "Mozilla/5.0 (X11; Fedora; Linux x86_64; rv:69.0) Gecko/20100101 Firefox/69.0"
0:0:0:0:0:0:0:1 - - [11/Apr/2020:00:24:55 +0000] "GET /service/plugins/services/6?_=1586564608488 HTTP/1.1" 200 481 "http://localhost:6080/index.html" "Mozilla/5.0 (X11; Fedora; Linux x86_64; rv:69.0) Gecko/20100101 Firefox/69.0"
0:0:0:0:0:0:0:1 - - [11/Apr/2020:00:24:55 +0000] "GET /service/plugins/policies/24?_=1586564608489 HTTP/1.1" 200 1411 "http://localhost:6080/index.html" "Mozilla/5.0 (X11; Fedora; Linux x86_64; rv:69.0) Gecko/20100101 Firefox/69.0"
0:0:0:0:0:0:0:1 - - [11/Apr/2020:00:24:55 +0000] "GET /service/plugins/definitions/name/hive?_=1586564608490 HTTP/1.1" 200 9943 "http://localhost:6080/index.html" "Mozilla/5.0 (X11; Fedora; Linux x86_64; rv:69.0) Gecko/20100101 Firefox/69.0"
0:0:0:0:0:0:0:1 - - [11/Apr/2020:00:24:59 +0000] "PUT /service/plugins/policies/24 HTTP/1.1" 200 1414 "http://localhost:6080/index.html" "Mozilla/5.0 (X11; Fedora; Linux x86_64; rv:69.0) Gecko/20100101 Firefox/69.0"
0:0:0:0:0:0:0:1 - - [11/Apr/2020:00:24:59 +0000] "GET /service/plugins/services/6?_=1586564608491 HTTP/1.1" 200 481 "http://localhost:6080/index.html" "Mozilla/5.0 (X11; Fedora; Linux x86_64; rv:69.0) Gecko/20100101 Firefox/69.0"
0:0:0:0:0:0:0:1 - - [11/Apr/2020:00:24:59 +0000] "GET /service/plugins/definitions/name/hive?_=1586564608492 HTTP/1.1" 200 9943 "http://localhost:6080/index.html" "Mozilla/5.0 (X11; Fedora; Linux x86_64; rv:69.0) Gecko/20100101 Firefox/69.0"
0:0:0:0:0:0:0:1 - - [11/Apr/2020:00:24:59 +0000] "GET /service/plugins/policies/service/6?page=0&pageSize=25&startIndex=0&policyType=0&_=1586564608493 HTTP/1.1" 200 4926 "http://localhost:6080/index.html" "Mozilla/5.0 (X11; Fedora; Linux x86_64; rv:69.0) Gecko/20100101 Firefox/69.0"
0:0:0:0:0:0:0:1 - - [11/Apr/2020:00:25:00 +0000] "GET /service/plugins/services/6?_=1586564608494 HTTP/1.1" 200 481 "http://localhost:6080/index.html" "Mozilla/5.0 (X11; Fedora; Linux x86_64; rv:69.0) Gecko/20100101 Firefox/69.0"
0:0:0:0:0:0:0:1 - - [11/Apr/2020:00:25:00 +0000] "GET /service/plugins/policies/25?_=1586564608495 HTTP/1.1" 200 1323 "http://localhost:6080/index.html" "Mozilla/5.0 (X11; Fedora; Linux x86_64; rv:69.0) Gecko/20100101 Firefox/69.0"
0:0:0:0:0:0:0:1 - - [11/Apr/2020:00:25:00 +0000] "GET /service/plugins/definitions/name/hive?_=1586564608496 HTTP/1.1" 200 9943 "http://localhost:6080/index.html" "Mozilla/5.0 (X11; Fedora; Linux x86_64; rv:69.0) Gecko/20100101 Firefox/69.0"
0:0:0:0:0:0:0:1 - - [11/Apr/2020:00:25:04 +0000] "PUT /service/plugins/policies/25 HTTP/1.1" 200 1326 "http://localhost:6080/index.html" "Mozilla/5.0 (X11; Fedora; Linux x86_64; rv:69.0) Gecko/20100101 Firefox/69.0"
0:0:0:0:0:0:0:1 - - [11/Apr/2020:00:25:04 +0000] "GET /service/plugins/services/6?_=1586564608497 HTTP/1.1" 200 481 "http://localhost:6080/index.html" "Mozilla/5.0 (X11; Fedora; Linux x86_64; rv:69.0) Gecko/20100101 Firefox/69.0"
0:0:0:0:0:0:0:1 - - [11/Apr/2020:00:25:04 +0000] "GET /service/plugins/definitions/name/hive?_=1586564608498 HTTP/1.1" 200 9943 "http://localhost:6080/index.html" "Mozilla/5.0 (X11; Fedora; Linux x86_64; rv:69.0) Gecko/20100101 Firefox/69.0"
0:0:0:0:0:0:0:1 - - [11/Apr/2020:00:25:04 +0000] "GET /service/plugins/policies/service/6?page=0&pageSize=25&startIndex=0&policyType=0&_=1586564608499 HTTP/1.1" 200 4926 "http://localhost:6080/index.html" "Mozilla/5.0 (X11; Fedora; Linux x86_64; rv:69.0) Gecko/20100101 Firefox/69.0"
